[0.436s] Invoking command in '/home/robofei/RoboIris/build/v4l2_camera': CMAKE_PREFIX_PATH=/opt/ros/humble /usr/bin/cmake /home/robofei/RoboIris/src/ros2_v4l2_camera -DAMENT_CMAKE_SYMLINK_INSTALL=1 -DCMAKE_INSTALL_PREFIX=/home/robofei/RoboIris/install/v4l2_camera
[0.473s] -- The C compiler identification is GNU 11.4.0
[0.514s] -- The CXX compiler identification is GNU 11.4.0
[0.521s] -- Detecting C compiler ABI info
[0.566s] -- Detecting C compiler ABI info - done
[0.575s] -- Check for working C compiler: /usr/bin/cc - skipped
[0.575s] -- Detecting C compile features
[0.576s] -- Detecting C compile features - done
[0.579s] -- Detecting CXX compiler ABI info
[0.633s] -- Detecting CXX compiler ABI info - done
[0.643s] -- Check for working CXX compiler: /usr/bin/c++ - skipped
[0.643s] -- Detecting CXX compile features
[0.644s] -- Detecting CXX compile features - done
[0.646s] -- Found ament_cmake_auto: 1.3.11 (/opt/ros/humble/share/ament_cmake_auto/cmake)
[0.748s] -- Found Python3: /usr/bin/python3 (found version "3.10.12") found components: Interpreter 
[0.790s] -- Override CMake install command with custom implementation using symlinks instead of copying resources
[0.871s] -- Found rosidl_generator_c: 3.1.6 (/opt/ros/humble/share/rosidl_generator_c/cmake)
[0.874s] -- Found rosidl_adapter: 3.1.6 (/opt/ros/humble/share/rosidl_adapter/cmake)
[0.879s] -- Found rosidl_generator_cpp: 3.1.6 (/opt/ros/humble/share/rosidl_generator_cpp/cmake)
[0.887s] -- Using all available rosidl_typesupport_c: rosidl_typesupport_fastrtps_c;rosidl_typesupport_introspection_c
[0.897s] -- Using all available rosidl_typesupport_cpp: rosidl_typesupport_fastrtps_cpp;rosidl_typesupport_introspection_cpp
[0.924s] -- Found rmw_implementation_cmake: 6.1.2 (/opt/ros/humble/share/rmw_implementation_cmake/cmake)
[0.926s] -- Found rmw_fastrtps_cpp: 6.2.7 (/opt/ros/humble/share/rmw_fastrtps_cpp/cmake)
[0.981s] -- Found OpenSSL: /usr/lib/x86_64-linux-gnu/libcrypto.so (found version "3.0.2")  
[0.999s] -- Found FastRTPS: /opt/ros/humble/include  
[1.023s] -- Using RMW implementation 'rmw_fastrtps_cpp' as default
[1.027s] -- Looking for pthread.h
[1.079s] -- Looking for pthread.h - found
[1.079s] -- Performing Test CMAKE_HAVE_LIBC_PTHREAD
[1.127s] -- Performing Test CMAKE_HAVE_LIBC_PTHREAD - Success
[1.127s] -- Found Threads: TRUE  
[1.216s] [0mCUDA_TOOLKIT_ROOT_DIR not found or specified[0m
[1.221s] -- Could NOT find CUDA (missing: CUDA_TOOLKIT_ROOT_DIR CUDA_NVCC_EXECUTABLE CUDA_INCLUDE_DIRS CUDA_CUDART_LIBRARY) 
[1.222s] -- Found ament_lint_auto: 0.12.12 (/opt/ros/humble/share/ament_lint_auto/cmake)
[1.234s] -- Added test 'cppcheck' to perform static code analysis on C / C++ code
[1.234s] -- Configured cppcheck include dirs: $<BUILD_INTERFACE:/home/robofei/RoboIris/src/ros2_v4l2_camera/include>
[1.234s] -- Configured cppcheck exclude dirs and/or files: 
[1.236s] -- Added test 'cpplint' to check C / C++ code against the Google style
[1.236s] -- Configured cpplint exclude dirs and/or files: 
[1.236s] -- Added test 'flake8' to check Python code syntax and style conventions
[1.237s] -- Added test 'lint_cmake' to check CMake code style
[1.237s] -- Added test 'pep257' to check Python code against some of the docstring style conventions in PEP 257
[1.239s] -- Added test 'uncrustify' to check C / C++ code style
[1.239s] -- Configured uncrustify additional arguments: 
[1.239s] -- Added test 'xmllint' to check XML markup files
[1.241s] -- Configuring done
[1.251s] -- Generating done
[1.254s] -- Build files have been written to: /home/robofei/RoboIris/build/v4l2_camera
[1.261s] Invoked command in '/home/robofei/RoboIris/build/v4l2_camera' returned '0': CMAKE_PREFIX_PATH=/opt/ros/humble /usr/bin/cmake /home/robofei/RoboIris/src/ros2_v4l2_camera -DAMENT_CMAKE_SYMLINK_INSTALL=1 -DCMAKE_INSTALL_PREFIX=/home/robofei/RoboIris/install/v4l2_camera
[1.263s] Invoking command in '/home/robofei/RoboIris/build/v4l2_camera': CMAKE_PREFIX_PATH=/opt/ros/humble /usr/bin/cmake --build /home/robofei/RoboIris/build/v4l2_camera -- -j8 -l8
[1.297s] [ 14%] [32mBuilding CXX object CMakeFiles/v4l2_camera.dir/src/v4l2_camera.cpp.o[0m
[1.297s] [ 28%] [32mBuilding CXX object CMakeFiles/v4l2_camera.dir/src/v4l2_camera_device.cpp.o[0m
[4.949s] [ 42%] [32m[1mLinking CXX shared library libv4l2_camera.so[0m
[5.110s] [ 42%] Built target v4l2_camera
[5.122s] [ 57%] [32mBuilding CXX object CMakeFiles/v4l2_camera_node.dir/src/v4l2_camera_node.cpp.o[0m
[5.122s] [ 71%] [32mBuilding CXX object CMakeFiles/v4l2_camera_compose_test.dir/src/v4l2_camera_compose_test.cpp.o[0m
[6.990s] [ 85%] [32m[1mLinking CXX executable v4l2_camera_node[0m
[7.097s] [ 85%] Built target v4l2_camera_node
[10.117s] [100%] [32m[1mLinking CXX executable v4l2_camera_compose_test[0m
[10.376s] [100%] Built target v4l2_camera_compose_test
[10.386s] Invoked command in '/home/robofei/RoboIris/build/v4l2_camera' returned '0': CMAKE_PREFIX_PATH=/opt/ros/humble /usr/bin/cmake --build /home/robofei/RoboIris/build/v4l2_camera -- -j8 -l8
[10.392s] Invoking command in '/home/robofei/RoboIris/build/v4l2_camera': CMAKE_PREFIX_PATH=/opt/ros/humble /usr/bin/cmake --install /home/robofei/RoboIris/build/v4l2_camera
[10.397s] -- Install configuration: ""
[10.397s] -- Execute custom install script
[10.398s] -- Symlinking: /home/robofei/RoboIris/install/v4l2_camera/include/v4l2_camera/control.hpp
[10.406s] -- Symlinking: /home/robofei/RoboIris/install/v4l2_camera/include/v4l2_camera/fourcc.hpp
[10.411s] -- Symlinking: /home/robofei/RoboIris/install/v4l2_camera/include/v4l2_camera/image_format.hpp
[10.416s] -- Symlinking: /home/robofei/RoboIris/install/v4l2_camera/include/v4l2_camera/pixel_format.hpp
[10.420s] -- Symlinking: /home/robofei/RoboIris/install/v4l2_camera/include/v4l2_camera/v4l2_camera.hpp
[10.425s] -- Symlinking: /home/robofei/RoboIris/install/v4l2_camera/include/v4l2_camera/v4l2_camera_device.hpp
[10.430s] -- Symlinking: /home/robofei/RoboIris/install/v4l2_camera/include/v4l2_camera/visibility_control.h
[10.435s] -- Symlinking: /home/robofei/RoboIris/install/v4l2_camera/share/v4l2_camera/environment/library_path.sh
[10.440s] -- Symlinking: /home/robofei/RoboIris/install/v4l2_camera/share/v4l2_camera/environment/library_path.dsv
[10.445s] -- Up-to-date symlink: /home/robofei/RoboIris/install/v4l2_camera/include/v4l2_camera/control.hpp
[10.445s] -- Up-to-date symlink: /home/robofei/RoboIris/install/v4l2_camera/include/v4l2_camera/fourcc.hpp
[10.445s] -- Up-to-date symlink: /home/robofei/RoboIris/install/v4l2_camera/include/v4l2_camera/image_format.hpp
[10.445s] -- Up-to-date symlink: /home/robofei/RoboIris/install/v4l2_camera/include/v4l2_camera/pixel_format.hpp
[10.445s] -- Up-to-date symlink: /home/robofei/RoboIris/install/v4l2_camera/include/v4l2_camera/v4l2_camera.hpp
[10.445s] -- Up-to-date symlink: /home/robofei/RoboIris/install/v4l2_camera/include/v4l2_camera/v4l2_camera_device.hpp
[10.445s] -- Up-to-date symlink: /home/robofei/RoboIris/install/v4l2_camera/include/v4l2_camera/visibility_control.h
[10.445s] -- Symlinking: /home/robofei/RoboIris/install/v4l2_camera/share/v4l2_camera/launch/v4l2_camera.launch.py
[10.451s] -- Symlinking: /home/robofei/RoboIris/install/v4l2_camera/share/ament_index/resource_index/package_run_dependencies/v4l2_camera
[10.456s] -- Symlinking: /home/robofei/RoboIris/install/v4l2_camera/share/ament_index/resource_index/parent_prefix_path/v4l2_camera
[10.461s] -- Symlinking: /home/robofei/RoboIris/install/v4l2_camera/share/v4l2_camera/environment/ament_prefix_path.sh
[10.466s] -- Symlinking: /home/robofei/RoboIris/install/v4l2_camera/share/v4l2_camera/environment/ament_prefix_path.dsv
[10.470s] -- Symlinking: /home/robofei/RoboIris/install/v4l2_camera/share/v4l2_camera/environment/path.sh
[10.475s] -- Symlinking: /home/robofei/RoboIris/install/v4l2_camera/share/v4l2_camera/environment/path.dsv
[10.479s] -- Symlinking: /home/robofei/RoboIris/install/v4l2_camera/share/v4l2_camera/local_setup.bash
[10.484s] -- Symlinking: /home/robofei/RoboIris/install/v4l2_camera/share/v4l2_camera/local_setup.sh
[10.489s] -- Symlinking: /home/robofei/RoboIris/install/v4l2_camera/share/v4l2_camera/local_setup.zsh
[10.494s] -- Symlinking: /home/robofei/RoboIris/install/v4l2_camera/share/v4l2_camera/local_setup.dsv
[10.499s] -- Symlinking: /home/robofei/RoboIris/install/v4l2_camera/share/v4l2_camera/package.dsv
[10.504s] -- Symlinking: /home/robofei/RoboIris/install/v4l2_camera/share/ament_index/resource_index/packages/v4l2_camera
[10.508s] -- Symlinking: /home/robofei/RoboIris/install/v4l2_camera/share/ament_index/resource_index/rclcpp_components/v4l2_camera
[10.513s] -- Symlinking: /home/robofei/RoboIris/install/v4l2_camera/share/v4l2_camera/cmake/ament_cmake_export_include_directories-extras.cmake
[10.518s] -- Symlinking: /home/robofei/RoboIris/install/v4l2_camera/share/v4l2_camera/cmake/ament_cmake_export_targets-extras.cmake
[10.523s] -- Symlinking: /home/robofei/RoboIris/install/v4l2_camera/share/v4l2_camera/cmake/ament_cmake_export_libraries-extras.cmake
[10.528s] -- Symlinking: /home/robofei/RoboIris/install/v4l2_camera/share/v4l2_camera/cmake/ament_cmake_export_dependencies-extras.cmake
[10.533s] -- Symlinking: /home/robofei/RoboIris/install/v4l2_camera/share/v4l2_camera/cmake/v4l2_cameraConfig.cmake
[10.537s] -- Symlinking: /home/robofei/RoboIris/install/v4l2_camera/share/v4l2_camera/cmake/v4l2_cameraConfig-version.cmake
[10.542s] -- Symlinking: /home/robofei/RoboIris/install/v4l2_camera/share/v4l2_camera/package.xml
[10.547s] -- Installing: /home/robofei/RoboIris/install/v4l2_camera/lib/libv4l2_camera.so
[10.549s] -- Set runtime path of "/home/robofei/RoboIris/install/v4l2_camera/lib/libv4l2_camera.so" to ""
[10.549s] -- Installing: /home/robofei/RoboIris/install/v4l2_camera/lib/v4l2_camera/v4l2_camera_node
[10.549s] -- Set runtime path of "/home/robofei/RoboIris/install/v4l2_camera/lib/v4l2_camera/v4l2_camera_node" to ""
[10.549s] -- Installing: /home/robofei/RoboIris/install/v4l2_camera/lib/v4l2_camera/v4l2_camera_compose_test
[10.551s] -- Set runtime path of "/home/robofei/RoboIris/install/v4l2_camera/lib/v4l2_camera/v4l2_camera_compose_test" to ""
[10.551s] -- Installing: /home/robofei/RoboIris/install/v4l2_camera/share/v4l2_camera/cmake/export_v4l2_cameraExport.cmake
[10.551s] -- Installing: /home/robofei/RoboIris/install/v4l2_camera/share/v4l2_camera/cmake/export_v4l2_cameraExport-noconfig.cmake
[10.553s] Invoked command in '/home/robofei/RoboIris/build/v4l2_camera' returned '0': CMAKE_PREFIX_PATH=/opt/ros/humble /usr/bin/cmake --install /home/robofei/RoboIris/build/v4l2_camera
