[16.620s] Invoking command in '/home/rasprobo1/RoboIris/src/object_detector': PYTHONPATH=/home/rasprobo1/RoboIris/build/object_detector/prefix_override:/usr/lib/python3/dist-packages/colcon_core/task/python/colcon_distutils_commands:/home/rasprobo1/RoboIris/install/object_detector/lib/python3.10/site-packages:${PYTHONPATH} /usr/bin/python3 -W ignore:setup.py install is deprecated -W ignore:easy_install command is deprecated setup.py egg_info --egg-base ../../build/object_detector build --build-base /home/rasprobo1/RoboIris/build/object_detector/build install --record /home/rasprobo1/RoboIris/build/object_detector/install.log --single-version-externally-managed install_data
[20.886s] running egg_info
[20.896s] writing ../../build/object_detector/object_detector.egg-info/PKG-INFO
[20.901s] writing dependency_links to ../../build/object_detector/object_detector.egg-info/dependency_links.txt
[20.904s] writing entry points to ../../build/object_detector/object_detector.egg-info/entry_points.txt
[20.907s] writing requirements to ../../build/object_detector/object_detector.egg-info/requires.txt
[20.910s] writing top-level names to ../../build/object_detector/object_detector.egg-info/top_level.txt
[20.941s] reading manifest file '../../build/object_detector/object_detector.egg-info/SOURCES.txt'
[20.953s] writing manifest file '../../build/object_detector/object_detector.egg-info/SOURCES.txt'
[20.955s] running build
[20.956s] running build_py
[20.958s] copying object_detector/object_detector_node.py -> /home/rasprobo1/RoboIris/build/object_detector/build/lib/object_detector
[20.961s] running install
[20.964s] running install_lib
[20.986s] copying /home/rasprobo1/RoboIris/build/object_detector/build/lib/object_detector/object_detector_node.py -> /home/rasprobo1/RoboIris/install/object_detector/lib/python3.10/site-packages/object_detector
[20.997s] byte-compiling /home/rasprobo1/RoboIris/install/object_detector/lib/python3.10/site-packages/object_detector/object_detector_node.py to object_detector_node.cpython-310.pyc
[21.029s] running install_data
[21.033s] running install_egg_info
[21.060s] removing '/home/rasprobo1/RoboIris/install/object_detector/lib/python3.10/site-packages/object_detector-0.0.0-py3.10.egg-info' (and everything under it)
[21.074s] Copying ../../build/object_detector/object_detector.egg-info to /home/rasprobo1/RoboIris/install/object_detector/lib/python3.10/site-packages/object_detector-0.0.0-py3.10.egg-info
[21.099s] running install_scripts
[21.445s] Installing object_detector script to /home/rasprobo1/RoboIris/install/object_detector/lib/object_detector
[21.451s] writing list of installed files to '/home/rasprobo1/RoboIris/build/object_detector/install.log'
[22.018s] Invoked command in '/home/rasprobo1/RoboIris/src/object_detector' returned '0': PYTHONPATH=/home/rasprobo1/RoboIris/build/object_detector/prefix_override:/usr/lib/python3/dist-packages/colcon_core/task/python/colcon_distutils_commands:/home/rasprobo1/RoboIris/install/object_detector/lib/python3.10/site-packages:${PYTHONPATH} /usr/bin/python3 -W ignore:setup.py install is deprecated -W ignore:easy_install command is deprecated setup.py egg_info --egg-base ../../build/object_detector build --build-base /home/rasprobo1/RoboIris/build/object_detector/build install --record /home/rasprobo1/RoboIris/build/object_detector/install.log --single-version-externally-managed install_data
