[0.530s] Invoking command in '/home/robofei/RoboIris/src/object_detector': PYTHONPATH=/home/robofei/RoboIris/build/object_detector/prefix_override:/usr/lib/python3/dist-packages/colcon_core/task/python/colcon_distutils_commands:/home/robofei/RoboIris/install/object_detector/lib/python3.10/site-packages:${PYTHONPATH} /usr/bin/python3 -W ignore:setup.py install is deprecated -W ignore:easy_install command is deprecated setup.py egg_info --egg-base ../../build/object_detector build --build-base /home/robofei/RoboIris/build/object_detector/build install --record /home/robofei/RoboIris/build/object_detector/install.log --single-version-externally-managed install_data
[0.701s] running egg_info
[0.712s] creating ../../build/object_detector/object_detector.egg-info
[0.712s] writing ../../build/object_detector/object_detector.egg-info/PKG-INFO
[0.713s] writing dependency_links to ../../build/object_detector/object_detector.egg-info/dependency_links.txt
[0.713s] writing entry points to ../../build/object_detector/object_detector.egg-info/entry_points.txt
[0.713s] writing requirements to ../../build/object_detector/object_detector.egg-info/requires.txt
[0.713s] writing top-level names to ../../build/object_detector/object_detector.egg-info/top_level.txt
[0.713s] writing manifest file '../../build/object_detector/object_detector.egg-info/SOURCES.txt'
[0.736s] reading manifest file '../../build/object_detector/object_detector.egg-info/SOURCES.txt'
[0.736s] writing manifest file '../../build/object_detector/object_detector.egg-info/SOURCES.txt'
[0.736s] running build
[0.736s] running build_py
[0.737s] creating /home/robofei/RoboIris/build/object_detector/build/lib/object_detector
[0.737s] copying object_detector/object_detector_node.py -> /home/robofei/RoboIris/build/object_detector/build/lib/object_detector
[0.737s] copying object_detector/__init__.py -> /home/robofei/RoboIris/build/object_detector/build/lib/object_detector
[0.737s] running install
[0.740s] running install_lib
[0.751s] creating /home/robofei/RoboIris/install/object_detector/lib/python3.10/site-packages/object_detector
[0.751s] copying /home/robofei/RoboIris/build/object_detector/build/lib/object_detector/object_detector_node.py -> /home/robofei/RoboIris/install/object_detector/lib/python3.10/site-packages/object_detector
[0.751s] copying /home/robofei/RoboIris/build/object_detector/build/lib/object_detector/__init__.py -> /home/robofei/RoboIris/install/object_detector/lib/python3.10/site-packages/object_detector
[0.751s] byte-compiling /home/robofei/RoboIris/install/object_detector/lib/python3.10/site-packages/object_detector/object_detector_node.py to object_detector_node.cpython-310.pyc
[0.752s] byte-compiling /home/robofei/RoboIris/install/object_detector/lib/python3.10/site-packages/object_detector/__init__.py to __init__.cpython-310.pyc
[0.752s] running install_data
[0.752s] creating /home/robofei/RoboIris/install/object_detector/share/ament_index/resource_index/packages
[0.752s] copying resource/object_detector -> /home/robofei/RoboIris/install/object_detector/share/ament_index/resource_index/packages
[0.752s] copying package.xml -> /home/robofei/RoboIris/install/object_detector/share/object_detector
[0.752s] running install_egg_info
[0.764s] Copying ../../build/object_detector/object_detector.egg-info to /home/robofei/RoboIris/install/object_detector/lib/python3.10/site-packages/object_detector-0.0.0-py3.10.egg-info
[0.764s] running install_scripts
[0.787s] Installing object_detector script to /home/robofei/RoboIris/install/object_detector/lib/object_detector
[0.787s] writing list of installed files to '/home/robofei/RoboIris/build/object_detector/install.log'
[0.808s] Invoked command in '/home/robofei/RoboIris/src/object_detector' returned '0': PYTHONPATH=/home/robofei/RoboIris/build/object_detector/prefix_override:/usr/lib/python3/dist-packages/colcon_core/task/python/colcon_distutils_commands:/home/robofei/RoboIris/install/object_detector/lib/python3.10/site-packages:${PYTHONPATH} /usr/bin/python3 -W ignore:setup.py install is deprecated -W ignore:easy_install command is deprecated setup.py egg_info --egg-base ../../build/object_detector build --build-base /home/robofei/RoboIris/build/object_detector/build install --record /home/robofei/RoboIris/build/object_detector/install.log --single-version-externally-managed install_data
