running develop
running egg_info
creating face_detector.egg-info
writing face_detector.egg-info/PKG-INFO
writing dependency_links to face_detector.egg-info/dependency_links.txt
writing entry points to face_detector.egg-info/entry_points.txt
writing requirements to face_detector.egg-info/requires.txt
writing top-level names to face_detector.egg-info/top_level.txt
writing manifest file 'face_detector.egg-info/SOURCES.txt'
reading manifest file 'face_detector.egg-info/SOURCES.txt'
writing manifest file 'face_detector.egg-info/SOURCES.txt'
running build_ext
Creating /home/robofei/RoboIris/install/face_detector/lib/python3.10/site-packages/face-detector.egg-link (link to .)
Installing face_detector script to /home/robofei/RoboIris/install/face_detector/lib/face_detector

Installed /home/robofei/RoboIris/build/face_detector
running symlink_data
creating /home/robofei/RoboIris/install/face_detector/share/ament_index
creating /home/robofei/RoboIris/install/face_detector/share/ament_index/resource_index
creating /home/robofei/RoboIris/install/face_detector/share/ament_index/resource_index/packages
symbolically linking /home/robofei/RoboIris/build/face_detector/resource/face_detector -> /home/robofei/RoboIris/install/face_detector/share/ament_index/resource_index/packages
symbolically linking /home/robofei/RoboIris/build/face_detector/package.xml -> /home/robofei/RoboIris/install/face_detector/share/face_detector
