[3.575s] Invoking command in '/home/rasprobo1/RoboIris/build/video_stream_opencv': /usr/bin/cmake /home/rasprobo1/RoboIris/src/video_stream_opencv -DCATKIN_INSTALL_INTO_PREFIX_ROOT=0 -DCATKIN_SYMLINK_INSTALL=ON -DCMAKE_INSTALL_PREFIX=/home/rasprobo1/RoboIris/install/video_stream_opencv
[3.752s] [0mCMake Deprecation Warning at CMakeLists.txt:1 (cmake_minimum_required):
[3.753s]   Compatibility with CMake < 2.8.12 will be removed from a future version of
[3.753s]   CMake.
[3.754s] 
[3.755s]   Update the VERSION argument <min> value or use a ...<max> suffix to tell
[3.755s]   CMake that the project does not need compatibility with older versions.
[3.756s] 
[3.756s] [0m
[4.804s] -- The C compiler identification is GNU 11.4.0
[6.113s] -- The CXX compiler identification is GNU 11.4.0
[6.238s] -- Detecting C compiler ABI info
[7.157s] -- Detecting C compiler ABI info - done
[7.251s] -- Check for working C compiler: /usr/bin/cc - skipped
[7.258s] -- Detecting C compile features
[7.270s] -- Detecting C compile features - done
[7.322s] -- Detecting CXX compiler ABI info
[8.149s] -- Detecting CXX compiler ABI info - done
[8.189s] -- Check for working CXX compiler: /usr/bin/c++ - skipped
[8.192s] -- Detecting CXX compile features
[8.195s] -- Detecting CXX compile features - done
[8.371s] [31mCMake Error at CMakeLists.txt:5 (find_package):
[8.372s]   By not providing "Findcatkin.cmake" in CMAKE_MODULE_PATH this project has
[8.372s]   asked CMake to find a package configuration file provided by "catkin", but
[8.372s]   CMake did not find one.
[8.373s] 
[8.373s]   Could not find a package configuration file provided by "catkin" with any
[8.374s]   of the following names:
[8.374s] 
[8.375s]     catkinConfig.cmake
[8.375s]     catkin-config.cmake
[8.376s] 
[8.377s]   Add the installation prefix of "catkin" to CMAKE_PREFIX_PATH or set
[8.378s]   "catkin_DIR" to a directory containing one of the above files.  If "catkin"
[8.379s]   provides a separate development package or SDK, be sure it has been
[8.380s]   installed.
[8.381s] 
[8.395s] [0m
[8.395s] -- Configuring incomplete, errors occurred!
[8.396s] See also "/home/rasprobo1/RoboIris/build/video_stream_opencv/CMakeFiles/CMakeOutput.log".
[8.406s] Invoked command in '/home/rasprobo1/RoboIris/build/video_stream_opencv' returned '1': /usr/bin/cmake /home/rasprobo1/RoboIris/src/video_stream_opencv -DCATKIN_INSTALL_INTO_PREFIX_ROOT=0 -DCATKIN_SYMLINK_INSTALL=ON -DCMAKE_INSTALL_PREFIX=/home/rasprobo1/RoboIris/install/video_stream_opencv
