[16.586s] Invoking command in '/home/rasprobo1/RoboIris/src/face_detector': PYTHONPATH=/home/rasprobo1/RoboIris/build/face_detector/prefix_override:/usr/lib/python3/dist-packages/colcon_core/task/python/colcon_distutils_commands:/home/rasprobo1/RoboIris/install/face_detector/lib/python3.10/site-packages:${PYTHONPATH} /usr/bin/python3 -W ignore:setup.py install is deprecated -W ignore:easy_install command is deprecated setup.py egg_info --egg-base ../../build/face_detector build --build-base /home/rasprobo1/RoboIris/build/face_detector/build install --record /home/rasprobo1/RoboIris/build/face_detector/install.log --single-version-externally-managed install_data
[20.989s] running egg_info
[20.998s] writing ../../build/face_detector/face_detector.egg-info/PKG-INFO
[21.003s] writing dependency_links to ../../build/face_detector/face_detector.egg-info/dependency_links.txt
[21.008s] writing entry points to ../../build/face_detector/face_detector.egg-info/entry_points.txt
[21.012s] writing requirements to ../../build/face_detector/face_detector.egg-info/requires.txt
[21.014s] writing top-level names to ../../build/face_detector/face_detector.egg-info/top_level.txt
[21.063s] reading manifest file '../../build/face_detector/face_detector.egg-info/SOURCES.txt'
[21.096s] writing manifest file '../../build/face_detector/face_detector.egg-info/SOURCES.txt'
[21.099s] running build
[21.108s] running build_py
[21.112s] running install
[21.119s] running install_lib
[21.134s] running install_data
[21.137s] running install_egg_info
[21.164s] removing '/home/rasprobo1/RoboIris/install/face_detector/lib/python3.10/site-packages/face_detector-0.0.0-py3.10.egg-info' (and everything under it)
[21.169s] Copying ../../build/face_detector/face_detector.egg-info to /home/rasprobo1/RoboIris/install/face_detector/lib/python3.10/site-packages/face_detector-0.0.0-py3.10.egg-info
[21.189s] running install_scripts
[21.453s] Installing face_detector script to /home/rasprobo1/RoboIris/install/face_detector/lib/face_detector
[21.458s] writing list of installed files to '/home/rasprobo1/RoboIris/build/face_detector/install.log'
[21.873s] Invoked command in '/home/rasprobo1/RoboIris/src/face_detector' returned '0': PYTHONPATH=/home/rasprobo1/RoboIris/build/face_detector/prefix_override:/usr/lib/python3/dist-packages/colcon_core/task/python/colcon_distutils_commands:/home/rasprobo1/RoboIris/install/face_detector/lib/python3.10/site-packages:${PYTHONPATH} /usr/bin/python3 -W ignore:setup.py install is deprecated -W ignore:easy_install command is deprecated setup.py egg_info --egg-base ../../build/face_detector build --build-base /home/rasprobo1/RoboIris/build/face_detector/build install --record /home/rasprobo1/RoboIris/build/face_detector/install.log --single-version-externally-managed install_data
