[1.036s] DEBUG:colcon:Command line arguments: ['/usr/bin/colcon', 'build']
[1.036s] DEBUG:colcon:Parsed command line arguments: Namespace(log_base=None, log_level=None, verb_name='build', build_base='build', install_base='install', merge_install=False, symlink_install=False, test_result_base=None, continue_on_error=False, executor='parallel', parallel_workers=4, event_handlers=None, ignore_user_meta=False, metas=['./colcon.meta'], base_paths=['.'], packages_ignore=None, packages_ignore_regex=None, paths=None, packages_up_to=None, packages_up_to_regex=None, packages_above=None, packages_above_and_dependencies=None, packages_above_depth=None, packages_select_by_dep=None, packages_skip_by_dep=None, packages_skip_up_to=None, packages_select_build_failed=False, packages_skip_build_finished=False, packages_select_test_failures=False, packages_skip_test_passed=False, packages_select=None, packages_skip=None, packages_select_regex=None, packages_skip_regex=None, packages_start=None, packages_end=None, allow_overriding=[], cmake_args=None, cmake_target=None, cmake_target_skip_unavailable=False, cmake_clean_cache=False, cmake_clean_first=False, cmake_force_configure=False, ament_cmake_args=None, catkin_cmake_args=None, catkin_skip_building_tests=False, verb_parser=<colcon_defaults.argument_parser.defaults.DefaultArgumentsDecorator object at 0x77aea3058490>, verb_extension=<colcon_core.verb.build.BuildVerb object at 0x77aea3027be0>, main=<bound method BuildVerb.main of <colcon_core.verb.build.BuildVerb object at 0x77aea3027be0>>)
[3.196s] Level 1:colcon.colcon_core.package_discovery:discover_packages(colcon_meta) check parameters
[3.197s] Level 1:colcon.colcon_core.package_discovery:discover_packages(recursive) check parameters
[3.197s] Level 1:colcon.colcon_core.package_discovery:discover_packages(ignore) check parameters
[3.197s] Level 1:colcon.colcon_core.package_discovery:discover_packages(path) check parameters
[3.197s] Level 1:colcon.colcon_core.package_discovery:discover_packages(colcon_meta) discover
[3.197s] Level 1:colcon.colcon_core.package_discovery:discover_packages(recursive) discover
[3.198s] INFO:colcon.colcon_core.package_discovery:Crawling recursively for packages in '/home/robofei/RoboIris'
[3.198s] Level 1:colcon.colcon_core.package_identification:_identify(.) by extensions ['ignore', 'ignore_ament_install']
[3.198s] Level 1:colcon.colcon_core.package_identification:_identify(.) by extension 'ignore'
[3.199s] Level 1:colcon.colcon_core.package_identification:_identify(.) by extension 'ignore_ament_install'
[3.199s] Level 1:colcon.colcon_core.package_identification:_identify(.) by extensions ['colcon_pkg']
[3.199s] Level 1:colcon.colcon_core.package_identification:_identify(.) by extension 'colcon_pkg'
[3.199s] Level 1:colcon.colcon_core.package_identification:_identify(.) by extensions ['colcon_meta']
[3.199s] Level 1:colcon.colcon_core.package_identification:_identify(.) by extension 'colcon_meta'
[3.200s] Level 1:colcon.colcon_core.package_identification:_identify(.) by extensions ['ros']
[3.200s] Level 1:colcon.colcon_core.package_identification:_identify(.) by extension 'ros'
[3.244s] Level 1:colcon.colcon_core.package_identification:_identify(.) by extensions ['cmake', 'python']
[3.245s] Level 1:colcon.colcon_core.package_identification:_identify(.) by extension 'cmake'
[3.245s] Level 1:colcon.colcon_core.package_identification:_identify(.) by extension 'python'
[3.245s] Level 1:colcon.colcon_core.package_identification:_identify(.) by extensions ['python_setup_py']
[3.245s] Level 1:colcon.colcon_core.package_identification:_identify(.) by extension 'python_setup_py'
[3.245s] Level 1:colcon.colcon_core.package_identification:_identify(build) by extensions ['ignore', 'ignore_ament_install']
[3.246s] Level 1:colcon.colcon_core.package_identification:_identify(build) by extension 'ignore'
[3.246s] Level 1:colcon.colcon_core.package_identification:_identify(build) ignored
[3.246s] Level 1:colcon.colcon_core.package_identification:_identify(install) by extensions ['ignore', 'ignore_ament_install']
[3.246s] Level 1:colcon.colcon_core.package_identification:_identify(install) by extension 'ignore'
[3.247s] Level 1:colcon.colcon_core.package_identification:_identify(install) ignored
[3.247s] Level 1:colcon.colcon_core.package_identification:_identify(log) by extensions ['ignore', 'ignore_ament_install']
[3.247s] Level 1:colcon.colcon_core.package_identification:_identify(log) by extension 'ignore'
[3.247s] Level 1:colcon.colcon_core.package_identification:_identify(log) ignored
[3.247s] Level 1:colcon.colcon_core.package_identification:_identify(src) by extensions ['ignore', 'ignore_ament_install']
[3.248s] Level 1:colcon.colcon_core.package_identification:_identify(src) by extension 'ignore'
[3.248s] Level 1:colcon.colcon_core.package_identification:_identify(src) by extension 'ignore_ament_install'
[3.248s] Level 1:colcon.colcon_core.package_identification:_identify(src) by extensions ['colcon_pkg']
[3.248s] Level 1:colcon.colcon_core.package_identification:_identify(src) by extension 'colcon_pkg'
[3.248s] Level 1:colcon.colcon_core.package_identification:_identify(src) by extensions ['colcon_meta']
[3.248s] Level 1:colcon.colcon_core.package_identification:_identify(src) by extension 'colcon_meta'
[3.248s] Level 1:colcon.colcon_core.package_identification:_identify(src) by extensions ['ros']
[3.249s] Level 1:colcon.colcon_core.package_identification:_identify(src) by extension 'ros'
[3.249s] Level 1:colcon.colcon_core.package_identification:_identify(src) by extensions ['cmake', 'python']
[3.249s] Level 1:colcon.colcon_core.package_identification:_identify(src) by extension 'cmake'
[3.249s] Level 1:colcon.colcon_core.package_identification:_identify(src) by extension 'python'
[3.249s] Level 1:colcon.colcon_core.package_identification:_identify(src) by extensions ['python_setup_py']
[3.249s] Level 1:colcon.colcon_core.package_identification:_identify(src) by extension 'python_setup_py'
[3.249s] Level 1:colcon.colcon_core.package_identification:_identify(src/arduino_bridge) by extensions ['ignore', 'ignore_ament_install']
[3.250s] Level 1:colcon.colcon_core.package_identification:_identify(src/arduino_bridge) by extension 'ignore'
[3.250s] Level 1:colcon.colcon_core.package_identification:_identify(src/arduino_bridge) by extension 'ignore_ament_install'
[3.250s] Level 1:colcon.colcon_core.package_identification:_identify(src/arduino_bridge) by extensions ['colcon_pkg']
[3.250s] Level 1:colcon.colcon_core.package_identification:_identify(src/arduino_bridge) by extension 'colcon_pkg'
[3.250s] Level 1:colcon.colcon_core.package_identification:_identify(src/arduino_bridge) by extensions ['colcon_meta']
[3.250s] Level 1:colcon.colcon_core.package_identification:_identify(src/arduino_bridge) by extension 'colcon_meta'
[3.250s] Level 1:colcon.colcon_core.package_identification:_identify(src/arduino_bridge) by extensions ['ros']
[3.250s] Level 1:colcon.colcon_core.package_identification:_identify(src/arduino_bridge) by extension 'ros'
[3.260s] DEBUG:colcon.colcon_core.package_identification:Package 'src/arduino_bridge' with type 'ros.ament_python' and name 'arduino_bridge'
[3.260s] Level 1:colcon.colcon_core.package_identification:_identify(src/face_detector) by extensions ['ignore', 'ignore_ament_install']
[3.260s] Level 1:colcon.colcon_core.package_identification:_identify(src/face_detector) by extension 'ignore'
[3.261s] Level 1:colcon.colcon_core.package_identification:_identify(src/face_detector) by extension 'ignore_ament_install'
[3.261s] Level 1:colcon.colcon_core.package_identification:_identify(src/face_detector) by extensions ['colcon_pkg']
[3.261s] Level 1:colcon.colcon_core.package_identification:_identify(src/face_detector) by extension 'colcon_pkg'
[3.261s] Level 1:colcon.colcon_core.package_identification:_identify(src/face_detector) by extensions ['colcon_meta']
[3.261s] Level 1:colcon.colcon_core.package_identification:_identify(src/face_detector) by extension 'colcon_meta'
[3.261s] Level 1:colcon.colcon_core.package_identification:_identify(src/face_detector) by extensions ['ros']
[3.261s] Level 1:colcon.colcon_core.package_identification:_identify(src/face_detector) by extension 'ros'
[3.264s] DEBUG:colcon.colcon_core.package_identification:Package 'src/face_detector' with type 'ros.ament_python' and name 'face_detector'
[3.264s] Level 1:colcon.colcon_core.package_identification:_identify(src/libcamera) by extensions ['ignore', 'ignore_ament_install']
[3.264s] Level 1:colcon.colcon_core.package_identification:_identify(src/libcamera) by extension 'ignore'
[3.264s] Level 1:colcon.colcon_core.package_identification:_identify(src/libcamera) by extension 'ignore_ament_install'
[3.265s] Level 1:colcon.colcon_core.package_identification:_identify(src/libcamera) by extensions ['colcon_pkg']
[3.265s] Level 1:colcon.colcon_core.package_identification:_identify(src/libcamera) by extension 'colcon_pkg'
[3.265s] Level 1:colcon.colcon_core.package_identification:_identify(src/libcamera) by extensions ['colcon_meta']
[3.265s] Level 1:colcon.colcon_core.package_identification:_identify(src/libcamera) by extension 'colcon_meta'
[3.265s] Level 1:colcon.colcon_core.package_identification:_identify(src/libcamera) by extensions ['ros']
[3.265s] Level 1:colcon.colcon_core.package_identification:_identify(src/libcamera) by extension 'ros'
[3.266s] Level 1:colcon.colcon_core.package_identification:_identify(src/libcamera) by extensions ['cmake', 'python']
[3.266s] Level 1:colcon.colcon_core.package_identification:_identify(src/libcamera) by extension 'cmake'
[3.266s] Level 1:colcon.colcon_core.package_identification:_identify(src/libcamera) by extension 'python'
[3.266s] Level 1:colcon.colcon_core.package_identification:_identify(src/libcamera) by extensions ['python_setup_py']
[3.266s] Level 1:colcon.colcon_core.package_identification:_identify(src/libcamera) by extension 'python_setup_py'
[3.266s] Level 1:colcon.colcon_core.package_identification:_identify(src/object_detector) by extensions ['ignore', 'ignore_ament_install']
[3.267s] Level 1:colcon.colcon_core.package_identification:_identify(src/object_detector) by extension 'ignore'
[3.267s] Level 1:colcon.colcon_core.package_identification:_identify(src/object_detector) by extension 'ignore_ament_install'
[3.267s] Level 1:colcon.colcon_core.package_identification:_identify(src/object_detector) by extensions ['colcon_pkg']
[3.267s] Level 1:colcon.colcon_core.package_identification:_identify(src/object_detector) by extension 'colcon_pkg'
[3.267s] Level 1:colcon.colcon_core.package_identification:_identify(src/object_detector) by extensions ['colcon_meta']
[3.267s] Level 1:colcon.colcon_core.package_identification:_identify(src/object_detector) by extension 'colcon_meta'
[3.267s] Level 1:colcon.colcon_core.package_identification:_identify(src/object_detector) by extensions ['ros']
[3.268s] Level 1:colcon.colcon_core.package_identification:_identify(src/object_detector) by extension 'ros'
[3.270s] DEBUG:colcon.colcon_core.package_identification:Package 'src/object_detector' with type 'ros.ament_python' and name 'object_detector'
[3.270s] Level 1:colcon.colcon_core.package_discovery:discover_packages(recursive) using defaults
[3.270s] Level 1:colcon.colcon_core.package_discovery:discover_packages(ignore) discover
[3.270s] Level 1:colcon.colcon_core.package_discovery:discover_packages(ignore) using defaults
[3.270s] Level 1:colcon.colcon_core.package_discovery:discover_packages(path) discover
[3.270s] Level 1:colcon.colcon_core.package_discovery:discover_packages(path) using defaults
[3.529s] Level 1:colcon.colcon_core.package_discovery:discover_packages(prefix_path) check parameters
[3.529s] Level 1:colcon.colcon_core.package_discovery:discover_packages(prefix_path) discover
[3.542s] DEBUG:colcon.colcon_installed_package_information.package_discovery:Found 390 installed packages in /opt/ros/humble
[3.547s] Level 1:colcon.colcon_core.package_discovery:discover_packages(prefix_path) using defaults
[3.667s] Level 5:colcon.colcon_core.verb:set package 'arduino_bridge' build argument 'cmake_args' from command line to 'None'
[3.667s] Level 5:colcon.colcon_core.verb:set package 'arduino_bridge' build argument 'cmake_target' from command line to 'None'
[3.667s] Level 5:colcon.colcon_core.verb:set package 'arduino_bridge' build argument 'cmake_target_skip_unavailable' from command line to 'False'
[3.667s] Level 5:colcon.colcon_core.verb:set package 'arduino_bridge' build argument 'cmake_clean_cache' from command line to 'False'
[3.667s] Level 5:colcon.colcon_core.verb:set package 'arduino_bridge' build argument 'cmake_clean_first' from command line to 'False'
[3.667s] Level 5:colcon.colcon_core.verb:set package 'arduino_bridge' build argument 'cmake_force_configure' from command line to 'False'
[3.667s] Level 5:colcon.colcon_core.verb:set package 'arduino_bridge' build argument 'ament_cmake_args' from command line to 'None'
[3.667s] Level 5:colcon.colcon_core.verb:set package 'arduino_bridge' build argument 'catkin_cmake_args' from command line to 'None'
[3.667s] Level 5:colcon.colcon_core.verb:set package 'arduino_bridge' build argument 'catkin_skip_building_tests' from command line to 'False'
[3.667s] DEBUG:colcon.colcon_core.verb:Building package 'arduino_bridge' with the following arguments: {'ament_cmake_args': None, 'build_base': '/home/robofei/RoboIris/build/arduino_bridge', 'catkin_cmake_args': None, 'catkin_skip_building_tests': False, 'cmake_args': None, 'cmake_clean_cache': False, 'cmake_clean_first': False, 'cmake_force_configure': False, 'cmake_target': None, 'cmake_target_skip_unavailable': False, 'install_base': '/home/robofei/RoboIris/install/arduino_bridge', 'merge_install': False, 'path': '/home/robofei/RoboIris/src/arduino_bridge', 'symlink_install': False, 'test_result_base': None}
[3.668s] Level 5:colcon.colcon_core.verb:set package 'face_detector' build argument 'cmake_args' from command line to 'None'
[3.668s] Level 5:colcon.colcon_core.verb:set package 'face_detector' build argument 'cmake_target' from command line to 'None'
[3.668s] Level 5:colcon.colcon_core.verb:set package 'face_detector' build argument 'cmake_target_skip_unavailable' from command line to 'False'
[3.668s] Level 5:colcon.colcon_core.verb:set package 'face_detector' build argument 'cmake_clean_cache' from command line to 'False'
[3.668s] Level 5:colcon.colcon_core.verb:set package 'face_detector' build argument 'cmake_clean_first' from command line to 'False'
[3.668s] Level 5:colcon.colcon_core.verb:set package 'face_detector' build argument 'cmake_force_configure' from command line to 'False'
[3.668s] Level 5:colcon.colcon_core.verb:set package 'face_detector' build argument 'ament_cmake_args' from command line to 'None'
[3.668s] Level 5:colcon.colcon_core.verb:set package 'face_detector' build argument 'catkin_cmake_args' from command line to 'None'
[3.668s] Level 5:colcon.colcon_core.verb:set package 'face_detector' build argument 'catkin_skip_building_tests' from command line to 'False'
[3.668s] DEBUG:colcon.colcon_core.verb:Building package 'face_detector' with the following arguments: {'ament_cmake_args': None, 'build_base': '/home/robofei/RoboIris/build/face_detector', 'catkin_cmake_args': None, 'catkin_skip_building_tests': False, 'cmake_args': None, 'cmake_clean_cache': False, 'cmake_clean_first': False, 'cmake_force_configure': False, 'cmake_target': None, 'cmake_target_skip_unavailable': False, 'install_base': '/home/robofei/RoboIris/install/face_detector', 'merge_install': False, 'path': '/home/robofei/RoboIris/src/face_detector', 'symlink_install': False, 'test_result_base': None}
[3.668s] Level 5:colcon.colcon_core.verb:set package 'object_detector' build argument 'cmake_args' from command line to 'None'
[3.668s] Level 5:colcon.colcon_core.verb:set package 'object_detector' build argument 'cmake_target' from command line to 'None'
[3.668s] Level 5:colcon.colcon_core.verb:set package 'object_detector' build argument 'cmake_target_skip_unavailable' from command line to 'False'
[3.668s] Level 5:colcon.colcon_core.verb:set package 'object_detector' build argument 'cmake_clean_cache' from command line to 'False'
[3.668s] Level 5:colcon.colcon_core.verb:set package 'object_detector' build argument 'cmake_clean_first' from command line to 'False'
[3.668s] Level 5:colcon.colcon_core.verb:set package 'object_detector' build argument 'cmake_force_configure' from command line to 'False'
[3.668s] Level 5:colcon.colcon_core.verb:set package 'object_detector' build argument 'ament_cmake_args' from command line to 'None'
[3.668s] Level 5:colcon.colcon_core.verb:set package 'object_detector' build argument 'catkin_cmake_args' from command line to 'None'
[3.668s] Level 5:colcon.colcon_core.verb:set package 'object_detector' build argument 'catkin_skip_building_tests' from command line to 'False'
[3.668s] DEBUG:colcon.colcon_core.verb:Building package 'object_detector' with the following arguments: {'ament_cmake_args': None, 'build_base': '/home/robofei/RoboIris/build/object_detector', 'catkin_cmake_args': None, 'catkin_skip_building_tests': False, 'cmake_args': None, 'cmake_clean_cache': False, 'cmake_clean_first': False, 'cmake_force_configure': False, 'cmake_target': None, 'cmake_target_skip_unavailable': False, 'install_base': '/home/robofei/RoboIris/install/object_detector', 'merge_install': False, 'path': '/home/robofei/RoboIris/src/object_detector', 'symlink_install': False, 'test_result_base': None}
[3.669s] INFO:colcon.colcon_core.executor:Executing jobs using 'parallel' executor
[3.670s] DEBUG:colcon.colcon_parallel_executor.executor.parallel:run_until_complete
[3.670s] INFO:colcon.colcon_ros.task.ament_python.build:Building ROS package in '/home/robofei/RoboIris/src/arduino_bridge' with build type 'ament_python'
[3.670s] Level 1:colcon.colcon_core.shell:create_environment_hook('arduino_bridge', 'ament_prefix_path')
[3.681s] INFO:colcon.colcon_core.plugin_system:Skipping extension 'colcon_core.shell.bat': Not used on non-Windows systems
[3.682s] INFO:colcon.colcon_core.shell:Creating environment hook '/home/robofei/RoboIris/install/arduino_bridge/share/arduino_bridge/hook/ament_prefix_path.ps1'
[3.684s] INFO:colcon.colcon_core.shell:Creating environment descriptor '/home/robofei/RoboIris/install/arduino_bridge/share/arduino_bridge/hook/ament_prefix_path.dsv'
[3.685s] INFO:colcon.colcon_core.shell:Creating environment hook '/home/robofei/RoboIris/install/arduino_bridge/share/arduino_bridge/hook/ament_prefix_path.sh'
[3.687s] INFO:colcon.colcon_core.shell:Skip shell extension 'powershell' for command environment: Not usable outside of PowerShell
[3.687s] DEBUG:colcon.colcon_core.shell:Skip shell extension 'dsv' for command environment
[3.692s] INFO:colcon.colcon_ros.task.ament_python.build:Building ROS package in '/home/robofei/RoboIris/src/face_detector' with build type 'ament_python'
[3.692s] Level 1:colcon.colcon_core.shell:create_environment_hook('face_detector', 'ament_prefix_path')
[3.692s] INFO:colcon.colcon_core.shell:Creating environment hook '/home/robofei/RoboIris/install/face_detector/share/face_detector/hook/ament_prefix_path.ps1'
[3.693s] INFO:colcon.colcon_core.shell:Creating environment descriptor '/home/robofei/RoboIris/install/face_detector/share/face_detector/hook/ament_prefix_path.dsv'
[3.694s] INFO:colcon.colcon_core.shell:Creating environment hook '/home/robofei/RoboIris/install/face_detector/share/face_detector/hook/ament_prefix_path.sh'
[3.694s] INFO:colcon.colcon_core.shell:Skip shell extension 'powershell' for command environment: Not usable outside of PowerShell
[3.694s] DEBUG:colcon.colcon_core.shell:Skip shell extension 'dsv' for command environment
[3.698s] INFO:colcon.colcon_ros.task.ament_python.build:Building ROS package in '/home/robofei/RoboIris/src/object_detector' with build type 'ament_python'
[3.698s] Level 1:colcon.colcon_core.shell:create_environment_hook('object_detector', 'ament_prefix_path')
[3.698s] INFO:colcon.colcon_core.shell:Creating environment hook '/home/robofei/RoboIris/install/object_detector/share/object_detector/hook/ament_prefix_path.ps1'
[3.699s] INFO:colcon.colcon_core.shell:Creating environment descriptor '/home/robofei/RoboIris/install/object_detector/share/object_detector/hook/ament_prefix_path.dsv'
[3.700s] INFO:colcon.colcon_core.shell:Creating environment hook '/home/robofei/RoboIris/install/object_detector/share/object_detector/hook/ament_prefix_path.sh'
[3.700s] INFO:colcon.colcon_core.shell:Skip shell extension 'powershell' for command environment: Not usable outside of PowerShell
[3.701s] DEBUG:colcon.colcon_core.shell:Skip shell extension 'dsv' for command environment
[4.034s] INFO:colcon.colcon_core.task.python.build:Building Python package in '/home/robofei/RoboIris/src/arduino_bridge'
[4.034s] INFO:colcon.colcon_core.shell:Skip shell extension 'powershell' for command environment: Not usable outside of PowerShell
[4.034s] DEBUG:colcon.colcon_core.shell:Skip shell extension 'dsv' for command environment
[4.328s] INFO:colcon.colcon_core.task.python.build:Building Python package in '/home/robofei/RoboIris/src/face_detector'
[4.328s] INFO:colcon.colcon_core.shell:Skip shell extension 'powershell' for command environment: Not usable outside of PowerShell
[4.328s] DEBUG:colcon.colcon_core.shell:Skip shell extension 'dsv' for command environment
[4.643s] INFO:colcon.colcon_core.task.python.build:Building Python package in '/home/robofei/RoboIris/src/object_detector'
[4.643s] INFO:colcon.colcon_core.shell:Skip shell extension 'powershell' for command environment: Not usable outside of PowerShell
[4.643s] DEBUG:colcon.colcon_core.shell:Skip shell extension 'dsv' for command environment
[5.864s] DEBUG:colcon.colcon_core.event_handler.log_command:Invoking command in '/home/robofei/RoboIris/src/object_detector': PYTHONPATH=/home/robofei/RoboIris/build/object_detector/prefix_override:/usr/lib/python3/dist-packages/colcon_core/task/python/colcon_distutils_commands:/home/robofei/RoboIris/install/object_detector/lib/python3.10/site-packages:${PYTHONPATH} /usr/bin/python3 -W ignore:setup.py install is deprecated -W ignore:easy_install command is deprecated setup.py egg_info --egg-base ../../build/object_detector build --build-base /home/robofei/RoboIris/build/object_detector/build install --record /home/robofei/RoboIris/build/object_detector/install.log --single-version-externally-managed install_data
[5.886s] DEBUG:colcon.colcon_core.event_handler.log_command:Invoking command in '/home/robofei/RoboIris/src/face_detector': PYTHONPATH=/home/robofei/RoboIris/build/face_detector/prefix_override:/usr/lib/python3/dist-packages/colcon_core/task/python/colcon_distutils_commands:/home/robofei/RoboIris/install/face_detector/lib/python3.10/site-packages:${PYTHONPATH} /usr/bin/python3 -W ignore:setup.py install is deprecated -W ignore:easy_install command is deprecated setup.py egg_info --egg-base ../../build/face_detector build --build-base /home/robofei/RoboIris/build/face_detector/build install --record /home/robofei/RoboIris/build/face_detector/install.log --single-version-externally-managed install_data
[5.891s] DEBUG:colcon.colcon_core.event_handler.log_command:Invoking command in '/home/robofei/RoboIris/src/arduino_bridge': PYTHONPATH=/home/robofei/RoboIris/build/arduino_bridge/prefix_override:/usr/lib/python3/dist-packages/colcon_core/task/python/colcon_distutils_commands:/home/robofei/RoboIris/install/arduino_bridge/lib/python3.10/site-packages:${PYTHONPATH} /usr/bin/python3 -W ignore:setup.py install is deprecated -W ignore:easy_install command is deprecated setup.py egg_info --egg-base ../../build/arduino_bridge build --build-base /home/robofei/RoboIris/build/arduino_bridge/build install --record /home/robofei/RoboIris/build/arduino_bridge/install.log --single-version-externally-managed install_data
[6.255s] DEBUG:colcon.colcon_core.event_handler.log_command:Invoked command in '/home/robofei/RoboIris/src/object_detector' returned '0': PYTHONPATH=/home/robofei/RoboIris/build/object_detector/prefix_override:/usr/lib/python3/dist-packages/colcon_core/task/python/colcon_distutils_commands:/home/robofei/RoboIris/install/object_detector/lib/python3.10/site-packages:${PYTHONPATH} /usr/bin/python3 -W ignore:setup.py install is deprecated -W ignore:easy_install command is deprecated setup.py egg_info --egg-base ../../build/object_detector build --build-base /home/robofei/RoboIris/build/object_detector/build install --record /home/robofei/RoboIris/build/object_detector/install.log --single-version-externally-managed install_data
[6.322s] Level 1:colcon.colcon_core.environment:checking '/home/robofei/RoboIris/install/object_detector' for CMake module files
[6.323s] Level 1:colcon.colcon_core.environment:checking '/home/robofei/RoboIris/install/object_detector' for CMake config files
[6.325s] Level 1:colcon.colcon_core.environment:checking '/home/robofei/RoboIris/install/object_detector/lib'
[6.325s] Level 1:colcon.colcon_core.environment:checking '/home/robofei/RoboIris/install/object_detector/bin'
[6.325s] Level 1:colcon.colcon_core.environment:checking '/home/robofei/RoboIris/install/object_detector/lib/pkgconfig/object_detector.pc'
[6.326s] Level 1:colcon.colcon_core.environment:checking '/home/robofei/RoboIris/install/object_detector/lib/python3.10/site-packages'
[6.326s] Level 1:colcon.colcon_core.shell:create_environment_hook('object_detector', 'pythonpath')
[6.326s] INFO:colcon.colcon_core.shell:Creating environment hook '/home/robofei/RoboIris/install/object_detector/share/object_detector/hook/pythonpath.ps1'
[6.327s] INFO:colcon.colcon_core.shell:Creating environment descriptor '/home/robofei/RoboIris/install/object_detector/share/object_detector/hook/pythonpath.dsv'
[6.328s] INFO:colcon.colcon_core.shell:Creating environment hook '/home/robofei/RoboIris/install/object_detector/share/object_detector/hook/pythonpath.sh'
[6.329s] Level 1:colcon.colcon_core.environment:checking '/home/robofei/RoboIris/install/object_detector/bin'
[6.329s] Level 1:colcon.colcon_core.environment:create_environment_scripts_only(object_detector)
[6.330s] INFO:colcon.colcon_core.shell:Creating package script '/home/robofei/RoboIris/install/object_detector/share/object_detector/package.ps1'
[6.332s] INFO:colcon.colcon_core.shell:Creating package descriptor '/home/robofei/RoboIris/install/object_detector/share/object_detector/package.dsv'
[6.334s] INFO:colcon.colcon_core.shell:Creating package script '/home/robofei/RoboIris/install/object_detector/share/object_detector/package.sh'
[6.336s] INFO:colcon.colcon_core.shell:Creating package script '/home/robofei/RoboIris/install/object_detector/share/object_detector/package.bash'
[6.338s] INFO:colcon.colcon_core.shell:Creating package script '/home/robofei/RoboIris/install/object_detector/share/object_detector/package.zsh'
[6.340s] Level 1:colcon.colcon_core.environment:create_file_with_runtime_dependencies(/home/robofei/RoboIris/install/object_detector/share/colcon-core/packages/object_detector)
[6.460s] Level 1:colcon.colcon_core.environment:checking '/home/robofei/RoboIris/install/face_detector' for CMake module files
[6.460s] DEBUG:colcon.colcon_core.event_handler.log_command:Invoked command in '/home/robofei/RoboIris/src/face_detector' returned '0': PYTHONPATH=/home/robofei/RoboIris/build/face_detector/prefix_override:/usr/lib/python3/dist-packages/colcon_core/task/python/colcon_distutils_commands:/home/robofei/RoboIris/install/face_detector/lib/python3.10/site-packages:${PYTHONPATH} /usr/bin/python3 -W ignore:setup.py install is deprecated -W ignore:easy_install command is deprecated setup.py egg_info --egg-base ../../build/face_detector build --build-base /home/robofei/RoboIris/build/face_detector/build install --record /home/robofei/RoboIris/build/face_detector/install.log --single-version-externally-managed install_data
[6.461s] Level 1:colcon.colcon_core.environment:checking '/home/robofei/RoboIris/install/face_detector' for CMake config files
[6.461s] Level 1:colcon.colcon_core.environment:checking '/home/robofei/RoboIris/install/face_detector/lib'
[6.462s] Level 1:colcon.colcon_core.environment:checking '/home/robofei/RoboIris/install/face_detector/bin'
[6.462s] Level 1:colcon.colcon_core.environment:checking '/home/robofei/RoboIris/install/face_detector/lib/pkgconfig/face_detector.pc'
[6.462s] Level 1:colcon.colcon_core.environment:checking '/home/robofei/RoboIris/install/face_detector/lib/python3.10/site-packages'
[6.462s] Level 1:colcon.colcon_core.shell:create_environment_hook('face_detector', 'pythonpath')
[6.462s] INFO:colcon.colcon_core.shell:Creating environment hook '/home/robofei/RoboIris/install/face_detector/share/face_detector/hook/pythonpath.ps1'
[6.463s] INFO:colcon.colcon_core.shell:Creating environment descriptor '/home/robofei/RoboIris/install/face_detector/share/face_detector/hook/pythonpath.dsv'
[6.463s] INFO:colcon.colcon_core.shell:Creating environment hook '/home/robofei/RoboIris/install/face_detector/share/face_detector/hook/pythonpath.sh'
[6.464s] Level 1:colcon.colcon_core.environment:checking '/home/robofei/RoboIris/install/face_detector/bin'
[6.464s] Level 1:colcon.colcon_core.environment:create_environment_scripts_only(face_detector)
[6.464s] INFO:colcon.colcon_core.shell:Creating package script '/home/robofei/RoboIris/install/face_detector/share/face_detector/package.ps1'
[6.465s] INFO:colcon.colcon_core.shell:Creating package descriptor '/home/robofei/RoboIris/install/face_detector/share/face_detector/package.dsv'
[6.465s] INFO:colcon.colcon_core.shell:Creating package script '/home/robofei/RoboIris/install/face_detector/share/face_detector/package.sh'
[6.466s] INFO:colcon.colcon_core.shell:Creating package script '/home/robofei/RoboIris/install/face_detector/share/face_detector/package.bash'
[6.466s] INFO:colcon.colcon_core.shell:Creating package script '/home/robofei/RoboIris/install/face_detector/share/face_detector/package.zsh'
[6.466s] Level 1:colcon.colcon_core.environment:create_file_with_runtime_dependencies(/home/robofei/RoboIris/install/face_detector/share/colcon-core/packages/face_detector)
[6.468s] Level 1:colcon.colcon_core.environment:checking '/home/robofei/RoboIris/install/arduino_bridge' for CMake module files
[6.468s] DEBUG:colcon.colcon_core.event_handler.log_command:Invoked command in '/home/robofei/RoboIris/src/arduino_bridge' returned '0': PYTHONPATH=/home/robofei/RoboIris/build/arduino_bridge/prefix_override:/usr/lib/python3/dist-packages/colcon_core/task/python/colcon_distutils_commands:/home/robofei/RoboIris/install/arduino_bridge/lib/python3.10/site-packages:${PYTHONPATH} /usr/bin/python3 -W ignore:setup.py install is deprecated -W ignore:easy_install command is deprecated setup.py egg_info --egg-base ../../build/arduino_bridge build --build-base /home/robofei/RoboIris/build/arduino_bridge/build install --record /home/robofei/RoboIris/build/arduino_bridge/install.log --single-version-externally-managed install_data
[6.469s] Level 1:colcon.colcon_core.environment:checking '/home/robofei/RoboIris/install/arduino_bridge' for CMake config files
[6.469s] Level 1:colcon.colcon_core.environment:checking '/home/robofei/RoboIris/install/arduino_bridge/lib'
[6.469s] Level 1:colcon.colcon_core.environment:checking '/home/robofei/RoboIris/install/arduino_bridge/bin'
[6.470s] Level 1:colcon.colcon_core.environment:checking '/home/robofei/RoboIris/install/arduino_bridge/lib/pkgconfig/arduino_bridge.pc'
[6.470s] Level 1:colcon.colcon_core.environment:checking '/home/robofei/RoboIris/install/arduino_bridge/lib/python3.10/site-packages'
[6.470s] Level 1:colcon.colcon_core.shell:create_environment_hook('arduino_bridge', 'pythonpath')
[6.470s] INFO:colcon.colcon_core.shell:Creating environment hook '/home/robofei/RoboIris/install/arduino_bridge/share/arduino_bridge/hook/pythonpath.ps1'
[6.471s] INFO:colcon.colcon_core.shell:Creating environment descriptor '/home/robofei/RoboIris/install/arduino_bridge/share/arduino_bridge/hook/pythonpath.dsv'
[6.471s] INFO:colcon.colcon_core.shell:Creating environment hook '/home/robofei/RoboIris/install/arduino_bridge/share/arduino_bridge/hook/pythonpath.sh'
[6.472s] Level 1:colcon.colcon_core.environment:checking '/home/robofei/RoboIris/install/arduino_bridge/bin'
[6.472s] Level 1:colcon.colcon_core.environment:create_environment_scripts_only(arduino_bridge)
[6.472s] INFO:colcon.colcon_core.shell:Creating package script '/home/robofei/RoboIris/install/arduino_bridge/share/arduino_bridge/package.ps1'
[6.473s] INFO:colcon.colcon_core.shell:Creating package descriptor '/home/robofei/RoboIris/install/arduino_bridge/share/arduino_bridge/package.dsv'
[6.473s] INFO:colcon.colcon_core.shell:Creating package script '/home/robofei/RoboIris/install/arduino_bridge/share/arduino_bridge/package.sh'
[6.474s] INFO:colcon.colcon_core.shell:Creating package script '/home/robofei/RoboIris/install/arduino_bridge/share/arduino_bridge/package.bash'
[6.474s] INFO:colcon.colcon_core.shell:Creating package script '/home/robofei/RoboIris/install/arduino_bridge/share/arduino_bridge/package.zsh'
[6.475s] Level 1:colcon.colcon_core.environment:create_file_with_runtime_dependencies(/home/robofei/RoboIris/install/arduino_bridge/share/colcon-core/packages/arduino_bridge)
[6.475s] DEBUG:colcon.colcon_parallel_executor.executor.parallel:closing loop
[6.475s] DEBUG:colcon.colcon_parallel_executor.executor.parallel:loop closed
[6.475s] DEBUG:colcon.colcon_parallel_executor.executor.parallel:run_until_complete finished with '0'
[6.475s] DEBUG:colcon.colcon_core.event_reactor:joining thread
[6.483s] INFO:colcon.colcon_core.plugin_system:Skipping extension 'colcon_notification.desktop_notification.terminal_notifier': Not used on non-Darwin systems
[6.483s] INFO:colcon.colcon_core.plugin_system:Skipping extension 'colcon_notification.desktop_notification.win32': Not used on non-Windows systems
[6.483s] INFO:colcon.colcon_notification.desktop_notification:Sending desktop notification using 'notify2'
[6.526s] DEBUG:colcon.colcon_core.event_reactor:joined thread
[6.526s] INFO:colcon.colcon_core.shell:Creating prefix script '/home/robofei/RoboIris/install/local_setup.ps1'
[6.528s] INFO:colcon.colcon_core.shell:Creating prefix util module '/home/robofei/RoboIris/install/_local_setup_util_ps1.py'
[6.531s] INFO:colcon.colcon_core.shell:Creating prefix chain script '/home/robofei/RoboIris/install/setup.ps1'
[6.533s] INFO:colcon.colcon_core.shell:Creating prefix script '/home/robofei/RoboIris/install/local_setup.sh'
[6.534s] INFO:colcon.colcon_core.shell:Creating prefix util module '/home/robofei/RoboIris/install/_local_setup_util_sh.py'
[6.535s] INFO:colcon.colcon_core.shell:Creating prefix chain script '/home/robofei/RoboIris/install/setup.sh'
[6.536s] INFO:colcon.colcon_core.shell:Creating prefix script '/home/robofei/RoboIris/install/local_setup.bash'
[6.537s] INFO:colcon.colcon_core.shell:Creating prefix chain script '/home/robofei/RoboIris/install/setup.bash'
[6.539s] INFO:colcon.colcon_core.shell:Creating prefix script '/home/robofei/RoboIris/install/local_setup.zsh'
[6.540s] INFO:colcon.colcon_core.shell:Creating prefix chain script '/home/robofei/RoboIris/install/setup.zsh'
