[17.165s] Invoking command in '/home/rasprobo1/RoboIris/src/face_detector': PYTHONPATH=/home/rasprobo1/RoboIris/build/face_detector/prefix_override:/usr/lib/python3/dist-packages/colcon_core/task/python/colcon_distutils_commands:/home/rasprobo1/RoboIris/install/face_detector/lib/python3.10/site-packages:${PYTHONPATH} /usr/bin/python3 -W ignore:setup.py install is deprecated -W ignore:easy_install command is deprecated setup.py egg_info --egg-base ../../build/face_detector build --build-base /home/rasprobo1/RoboIris/build/face_detector/build install --record /home/rasprobo1/RoboIris/build/face_detector/install.log --single-version-externally-managed install_data
[21.635s] running egg_info
[21.645s] writing ../../build/face_detector/face_detector.egg-info/PKG-INFO
[21.652s] writing dependency_links to ../../build/face_detector/face_detector.egg-info/dependency_links.txt
[21.659s] writing entry points to ../../build/face_detector/face_detector.egg-info/entry_points.txt
[21.674s] writing requirements to ../../build/face_detector/face_detector.egg-info/requires.txt
[21.682s] writing top-level names to ../../build/face_detector/face_detector.egg-info/top_level.txt
[21.709s] reading manifest file '../../build/face_detector/face_detector.egg-info/SOURCES.txt'
[21.726s] writing manifest file '../../build/face_detector/face_detector.egg-info/SOURCES.txt'
[21.728s] running build
[21.731s] running build_py
[21.734s] running install
[21.747s] running install_lib
[21.768s] running install_data
[21.772s] running install_egg_info
[21.813s] removing '/home/rasprobo1/RoboIris/install/face_detector/lib/python3.10/site-packages/face_detector-0.0.0-py3.10.egg-info' (and everything under it)
[21.818s] Copying ../../build/face_detector/face_detector.egg-info to /home/rasprobo1/RoboIris/install/face_detector/lib/python3.10/site-packages/face_detector-0.0.0-py3.10.egg-info
[21.842s] running install_scripts
[22.155s] Installing face_detector script to /home/rasprobo1/RoboIris/install/face_detector/lib/face_detector
[22.158s] writing list of installed files to '/home/rasprobo1/RoboIris/build/face_detector/install.log'
[22.423s] Invoked command in '/home/rasprobo1/RoboIris/src/face_detector' returned '0': PYTHONPATH=/home/rasprobo1/RoboIris/build/face_detector/prefix_override:/usr/lib/python3/dist-packages/colcon_core/task/python/colcon_distutils_commands:/home/rasprobo1/RoboIris/install/face_detector/lib/python3.10/site-packages:${PYTHONPATH} /usr/bin/python3 -W ignore:setup.py install is deprecated -W ignore:easy_install command is deprecated setup.py egg_info --egg-base ../../build/face_detector build --build-base /home/rasprobo1/RoboIris/build/face_detector/build install --record /home/rasprobo1/RoboIris/build/face_detector/install.log --single-version-externally-managed install_data
