[0.357s] Invoking command in '/home/murilo/robo_iris_ws/src/arduino_bridge': PYTHONPATH=/home/murilo/robo_iris_ws/build/arduino_bridge/prefix_override:/usr/lib/python3/dist-packages/colcon_core/task/python/colcon_distutils_commands:/home/murilo/robo_iris_ws/install/arduino_bridge/lib/python3.10/site-packages:${PYTHONPATH} /usr/bin/python3 -W ignore:setup.py install is deprecated -W ignore:easy_install command is deprecated setup.py egg_info --egg-base ../../build/arduino_bridge build --build-base /home/murilo/robo_iris_ws/build/arduino_bridge/build install --record /home/murilo/robo_iris_ws/build/arduino_bridge/install.log --single-version-externally-managed install_data
[0.488s] running egg_info
[0.488s] creating ../../build/arduino_bridge/arduino_bridge.egg-info
[0.488s] writing ../../build/arduino_bridge/arduino_bridge.egg-info/PKG-INFO
[0.488s] writing dependency_links to ../../build/arduino_bridge/arduino_bridge.egg-info/dependency_links.txt
[0.488s] writing entry points to ../../build/arduino_bridge/arduino_bridge.egg-info/entry_points.txt
[0.488s] writing requirements to ../../build/arduino_bridge/arduino_bridge.egg-info/requires.txt
[0.488s] writing top-level names to ../../build/arduino_bridge/arduino_bridge.egg-info/top_level.txt
[0.488s] writing manifest file '../../build/arduino_bridge/arduino_bridge.egg-info/SOURCES.txt'
[0.489s] reading manifest file '../../build/arduino_bridge/arduino_bridge.egg-info/SOURCES.txt'
[0.489s] adding license file 'LICENSE'
[0.489s] writing manifest file '../../build/arduino_bridge/arduino_bridge.egg-info/SOURCES.txt'
[0.490s] running build
[0.490s] running build_py
[0.490s] creating /home/murilo/robo_iris_ws/build/arduino_bridge/build
[0.490s] creating /home/murilo/robo_iris_ws/build/arduino_bridge/build/lib
[0.490s] creating /home/murilo/robo_iris_ws/build/arduino_bridge/build/lib/arduino_bridge
[0.490s] copying arduino_bridge/arduino_bridge.py -> /home/murilo/robo_iris_ws/build/arduino_bridge/build/lib/arduino_bridge
[0.490s] copying arduino_bridge/__init__.py -> /home/murilo/robo_iris_ws/build/arduino_bridge/build/lib/arduino_bridge
[0.490s] running install
[0.490s] running install_lib
[0.491s] creating /home/murilo/robo_iris_ws/install/arduino_bridge/lib/python3.10/site-packages/arduino_bridge
[0.491s] copying /home/murilo/robo_iris_ws/build/arduino_bridge/build/lib/arduino_bridge/arduino_bridge.py -> /home/murilo/robo_iris_ws/install/arduino_bridge/lib/python3.10/site-packages/arduino_bridge
[0.491s] copying /home/murilo/robo_iris_ws/build/arduino_bridge/build/lib/arduino_bridge/__init__.py -> /home/murilo/robo_iris_ws/install/arduino_bridge/lib/python3.10/site-packages/arduino_bridge
[0.491s] byte-compiling /home/murilo/robo_iris_ws/install/arduino_bridge/lib/python3.10/site-packages/arduino_bridge/arduino_bridge.py to arduino_bridge.cpython-310.pyc
[0.491s] byte-compiling /home/murilo/robo_iris_ws/install/arduino_bridge/lib/python3.10/site-packages/arduino_bridge/__init__.py to __init__.cpython-310.pyc
[0.491s] running install_data
[0.492s] creating /home/murilo/robo_iris_ws/install/arduino_bridge/share/ament_index
[0.492s] creating /home/murilo/robo_iris_ws/install/arduino_bridge/share/ament_index/resource_index
[0.492s] creating /home/murilo/robo_iris_ws/install/arduino_bridge/share/ament_index/resource_index/packages
[0.492s] copying resource/arduino_bridge -> /home/murilo/robo_iris_ws/install/arduino_bridge/share/ament_index/resource_index/packages
[0.492s] copying package.xml -> /home/murilo/robo_iris_ws/install/arduino_bridge/share/arduino_bridge
[0.492s] running install_egg_info
[0.493s] Copying ../../build/arduino_bridge/arduino_bridge.egg-info to /home/murilo/robo_iris_ws/install/arduino_bridge/lib/python3.10/site-packages/arduino_bridge-0.0.0-py3.10.egg-info
[0.493s] running install_scripts
[0.505s] Installing arduino_bridge script to /home/murilo/robo_iris_ws/install/arduino_bridge/lib/arduino_bridge
[0.506s] writing list of installed files to '/home/murilo/robo_iris_ws/build/arduino_bridge/install.log'
[0.520s] Invoked command in '/home/murilo/robo_iris_ws/src/arduino_bridge' returned '0': PYTHONPATH=/home/murilo/robo_iris_ws/build/arduino_bridge/prefix_override:/usr/lib/python3/dist-packages/colcon_core/task/python/colcon_distutils_commands:/home/murilo/robo_iris_ws/install/arduino_bridge/lib/python3.10/site-packages:${PYTHONPATH} /usr/bin/python3 -W ignore:setup.py install is deprecated -W ignore:easy_install command is deprecated setup.py egg_info --egg-base ../../build/arduino_bridge build --build-base /home/murilo/robo_iris_ws/build/arduino_bridge/build install --record /home/murilo/robo_iris_ws/build/arduino_bridge/install.log --single-version-externally-managed install_data
