[0.066s] DEBUG:colcon:Command line arguments: ['/usr/bin/colcon', 'build', '--packages-skip', 'arduino_bridge']
[0.066s] DEBUG:colcon:Parsed command line arguments: Namespace(log_base=None, log_level=None, verb_name='build', build_base='build', install_base='install', merge_install=False, symlink_install=False, test_result_base=None, continue_on_error=False, executor='parallel', parallel_workers=8, event_handlers=None, ignore_user_meta=False, metas=['./colcon.meta'], base_paths=['.'], packages_ignore=None, packages_ignore_regex=None, paths=None, packages_up_to=None, packages_up_to_regex=None, packages_above=None, packages_above_and_dependencies=None, packages_above_depth=None, packages_select_by_dep=None, packages_skip_by_dep=None, packages_skip_up_to=None, packages_select_build_failed=False, packages_skip_build_finished=False, packages_select_test_failures=False, packages_skip_test_passed=False, packages_select=None, packages_skip=['arduino_bridge'], packages_select_regex=None, packages_skip_regex=None, packages_start=None, packages_end=None, allow_overriding=[], cmake_args=None, cmake_target=None, cmake_target_skip_unavailable=False, cmake_clean_cache=False, cmake_clean_first=False, cmake_force_configure=False, ament_cmake_args=None, catkin_cmake_args=None, catkin_skip_building_tests=False, mixin_files=None, mixin=None, verb_parser=<colcon_mixin.mixin.mixin_argument.MixinArgumentDecorator object at 0x7a784c9947f0>, verb_extension=<colcon_core.verb.build.BuildVerb object at 0x7a784c9941f0>, main=<bound method BuildVerb.main of <colcon_core.verb.build.BuildVerb object at 0x7a784c9941f0>>, mixin_verb=('build',))
[0.091s] Level 1:colcon.colcon_core.package_discovery:discover_packages(colcon_meta) check parameters
[0.091s] Level 1:colcon.colcon_core.package_discovery:discover_packages(recursive) check parameters
[0.091s] Level 1:colcon.colcon_core.package_discovery:discover_packages(ignore) check parameters
[0.091s] Level 1:colcon.colcon_core.package_discovery:discover_packages(path) check parameters
[0.091s] Level 1:colcon.colcon_core.package_discovery:discover_packages(colcon_meta) discover
[0.091s] Level 1:colcon.colcon_core.package_discovery:discover_packages(recursive) discover
[0.091s] INFO:colcon.colcon_core.package_discovery:Crawling recursively for packages in '/home/robofei/RoboIris'
[0.091s] Level 1:colcon.colcon_core.package_identification:_identify(.) by extensions ['ignore', 'ignore_ament_install']
[0.091s] Level 1:colcon.colcon_core.package_identification:_identify(.) by extension 'ignore'
[0.091s] Level 1:colcon.colcon_core.package_identification:_identify(.) by extension 'ignore_ament_install'
[0.091s] Level 1:colcon.colcon_core.package_identification:_identify(.) by extensions ['colcon_pkg']
[0.091s] Level 1:colcon.colcon_core.package_identification:_identify(.) by extension 'colcon_pkg'
[0.091s] Level 1:colcon.colcon_core.package_identification:_identify(.) by extensions ['colcon_meta']
[0.091s] Level 1:colcon.colcon_core.package_identification:_identify(.) by extension 'colcon_meta'
[0.091s] Level 1:colcon.colcon_core.package_identification:_identify(.) by extensions ['ros']
[0.091s] Level 1:colcon.colcon_core.package_identification:_identify(.) by extension 'ros'
[0.107s] Level 1:colcon.colcon_core.package_identification:_identify(.) by extensions ['cmake', 'python']
[0.107s] Level 1:colcon.colcon_core.package_identification:_identify(.) by extension 'cmake'
[0.107s] Level 1:colcon.colcon_core.package_identification:_identify(.) by extension 'python'
[0.107s] Level 1:colcon.colcon_core.package_identification:_identify(.) by extensions ['python_setup_py']
[0.107s] Level 1:colcon.colcon_core.package_identification:_identify(.) by extension 'python_setup_py'
[0.107s] Level 1:colcon.colcon_core.package_identification:_identify(build) by extensions ['ignore', 'ignore_ament_install']
[0.107s] Level 1:colcon.colcon_core.package_identification:_identify(build) by extension 'ignore'
[0.107s] Level 1:colcon.colcon_core.package_identification:_identify(build) ignored
[0.107s] Level 1:colcon.colcon_core.package_identification:_identify(install) by extensions ['ignore', 'ignore_ament_install']
[0.107s] Level 1:colcon.colcon_core.package_identification:_identify(install) by extension 'ignore'
[0.107s] Level 1:colcon.colcon_core.package_identification:_identify(install) ignored
[0.107s] Level 1:colcon.colcon_core.package_identification:_identify(log) by extensions ['ignore', 'ignore_ament_install']
[0.107s] Level 1:colcon.colcon_core.package_identification:_identify(log) by extension 'ignore'
[0.107s] Level 1:colcon.colcon_core.package_identification:_identify(log) ignored
[0.107s] Level 1:colcon.colcon_core.package_identification:_identify(src) by extensions ['ignore', 'ignore_ament_install']
[0.107s] Level 1:colcon.colcon_core.package_identification:_identify(src) by extension 'ignore'
[0.107s] Level 1:colcon.colcon_core.package_identification:_identify(src) by extension 'ignore_ament_install'
[0.107s] Level 1:colcon.colcon_core.package_identification:_identify(src) by extensions ['colcon_pkg']
[0.107s] Level 1:colcon.colcon_core.package_identification:_identify(src) by extension 'colcon_pkg'
[0.107s] Level 1:colcon.colcon_core.package_identification:_identify(src) by extensions ['colcon_meta']
[0.108s] Level 1:colcon.colcon_core.package_identification:_identify(src) by extension 'colcon_meta'
[0.108s] Level 1:colcon.colcon_core.package_identification:_identify(src) by extensions ['ros']
[0.108s] Level 1:colcon.colcon_core.package_identification:_identify(src) by extension 'ros'
[0.108s] Level 1:colcon.colcon_core.package_identification:_identify(src) by extensions ['cmake', 'python']
[0.108s] Level 1:colcon.colcon_core.package_identification:_identify(src) by extension 'cmake'
[0.108s] Level 1:colcon.colcon_core.package_identification:_identify(src) by extension 'python'
[0.108s] Level 1:colcon.colcon_core.package_identification:_identify(src) by extensions ['python_setup_py']
[0.108s] Level 1:colcon.colcon_core.package_identification:_identify(src) by extension 'python_setup_py'
[0.108s] Level 1:colcon.colcon_core.package_identification:_identify(src/arduino_bridge) by extensions ['ignore', 'ignore_ament_install']
[0.108s] Level 1:colcon.colcon_core.package_identification:_identify(src/arduino_bridge) by extension 'ignore'
[0.108s] Level 1:colcon.colcon_core.package_identification:_identify(src/arduino_bridge) by extension 'ignore_ament_install'
[0.108s] Level 1:colcon.colcon_core.package_identification:_identify(src/arduino_bridge) by extensions ['colcon_pkg']
[0.108s] Level 1:colcon.colcon_core.package_identification:_identify(src/arduino_bridge) by extension 'colcon_pkg'
[0.108s] Level 1:colcon.colcon_core.package_identification:_identify(src/arduino_bridge) by extensions ['colcon_meta']
[0.108s] Level 1:colcon.colcon_core.package_identification:_identify(src/arduino_bridge) by extension 'colcon_meta'
[0.108s] Level 1:colcon.colcon_core.package_identification:_identify(src/arduino_bridge) by extensions ['ros']
[0.108s] Level 1:colcon.colcon_core.package_identification:_identify(src/arduino_bridge) by extension 'ros'
[0.109s] DEBUG:colcon.colcon_core.package_identification:Package 'src/arduino_bridge' with type 'ros.ament_python' and name 'arduino_bridge'
[0.109s] Level 1:colcon.colcon_core.package_identification:_identify(src/face_detector) by extensions ['ignore', 'ignore_ament_install']
[0.109s] Level 1:colcon.colcon_core.package_identification:_identify(src/face_detector) by extension 'ignore'
[0.110s] Level 1:colcon.colcon_core.package_identification:_identify(src/face_detector) by extension 'ignore_ament_install'
[0.110s] Level 1:colcon.colcon_core.package_identification:_identify(src/face_detector) by extensions ['colcon_pkg']
[0.110s] Level 1:colcon.colcon_core.package_identification:_identify(src/face_detector) by extension 'colcon_pkg'
[0.110s] Level 1:colcon.colcon_core.package_identification:_identify(src/face_detector) by extensions ['colcon_meta']
[0.110s] Level 1:colcon.colcon_core.package_identification:_identify(src/face_detector) by extension 'colcon_meta'
[0.110s] Level 1:colcon.colcon_core.package_identification:_identify(src/face_detector) by extensions ['ros']
[0.110s] Level 1:colcon.colcon_core.package_identification:_identify(src/face_detector) by extension 'ros'
[0.110s] DEBUG:colcon.colcon_core.package_identification:Package 'src/face_detector' with type 'ros.ament_python' and name 'face_detector'
[0.110s] Level 1:colcon.colcon_core.package_identification:_identify(src/object_detector) by extensions ['ignore', 'ignore_ament_install']
[0.110s] Level 1:colcon.colcon_core.package_identification:_identify(src/object_detector) by extension 'ignore'
[0.110s] Level 1:colcon.colcon_core.package_identification:_identify(src/object_detector) by extension 'ignore_ament_install'
[0.110s] Level 1:colcon.colcon_core.package_identification:_identify(src/object_detector) by extensions ['colcon_pkg']
[0.110s] Level 1:colcon.colcon_core.package_identification:_identify(src/object_detector) by extension 'colcon_pkg'
[0.110s] Level 1:colcon.colcon_core.package_identification:_identify(src/object_detector) by extensions ['colcon_meta']
[0.110s] Level 1:colcon.colcon_core.package_identification:_identify(src/object_detector) by extension 'colcon_meta'
[0.110s] Level 1:colcon.colcon_core.package_identification:_identify(src/object_detector) by extensions ['ros']
[0.110s] Level 1:colcon.colcon_core.package_identification:_identify(src/object_detector) by extension 'ros'
[0.111s] DEBUG:colcon.colcon_core.package_identification:Package 'src/object_detector' with type 'ros.ament_python' and name 'object_detector'
[0.111s] Level 1:colcon.colcon_core.package_identification:_identify(src/ros2_v4l2_camera) by extensions ['ignore', 'ignore_ament_install']
[0.111s] Level 1:colcon.colcon_core.package_identification:_identify(src/ros2_v4l2_camera) by extension 'ignore'
[0.111s] Level 1:colcon.colcon_core.package_identification:_identify(src/ros2_v4l2_camera) by extension 'ignore_ament_install'
[0.111s] Level 1:colcon.colcon_core.package_identification:_identify(src/ros2_v4l2_camera) by extensions ['colcon_pkg']
[0.111s] Level 1:colcon.colcon_core.package_identification:_identify(src/ros2_v4l2_camera) by extension 'colcon_pkg'
[0.111s] Level 1:colcon.colcon_core.package_identification:_identify(src/ros2_v4l2_camera) by extensions ['colcon_meta']
[0.111s] Level 1:colcon.colcon_core.package_identification:_identify(src/ros2_v4l2_camera) by extension 'colcon_meta'
[0.111s] Level 1:colcon.colcon_core.package_identification:_identify(src/ros2_v4l2_camera) by extensions ['ros']
[0.111s] Level 1:colcon.colcon_core.package_identification:_identify(src/ros2_v4l2_camera) by extension 'ros'
[0.111s] DEBUG:colcon.colcon_core.package_identification:Package 'src/ros2_v4l2_camera' with type 'ros.ament_cmake' and name 'v4l2_camera'
[0.111s] Level 1:colcon.colcon_core.package_discovery:discover_packages(recursive) using defaults
[0.111s] Level 1:colcon.colcon_core.package_discovery:discover_packages(ignore) discover
[0.112s] Level 1:colcon.colcon_core.package_discovery:discover_packages(ignore) using defaults
[0.112s] Level 1:colcon.colcon_core.package_discovery:discover_packages(path) discover
[0.112s] Level 1:colcon.colcon_core.package_discovery:discover_packages(path) using defaults
[0.124s] INFO:colcon.colcon_core.package_selection:Skipping package 'arduino_bridge' in 'src/arduino_bridge'
[0.124s] Level 1:colcon.colcon_core.package_discovery:discover_packages(prefix_path) check parameters
[0.124s] Level 1:colcon.colcon_core.package_discovery:discover_packages(prefix_path) discover
[0.124s] WARNING:colcon.colcon_ros.prefix_path.ament:The path '/home/robofei/RoboIris/install/v4l2_camera' in the environment variable AMENT_PREFIX_PATH doesn't exist
[0.124s] WARNING:colcon.colcon_ros.prefix_path.ament:The path '/home/robofei/RoboIris/install/object_detector' in the environment variable AMENT_PREFIX_PATH doesn't exist
[0.124s] WARNING:colcon.colcon_ros.prefix_path.ament:The path '/home/robofei/RoboIris/install/face_detector' in the environment variable AMENT_PREFIX_PATH doesn't exist
[0.124s] WARNING:colcon.colcon_ros.prefix_path.ament:The path '/home/robofei/RoboIris/install/arduino_bridge' in the environment variable AMENT_PREFIX_PATH doesn't exist
[0.124s] WARNING:colcon.colcon_ros.prefix_path.catkin:The path '/home/robofei/RoboIris/install/v4l2_camera' in the environment variable CMAKE_PREFIX_PATH doesn't exist
[0.125s] DEBUG:colcon.colcon_installed_package_information.package_discovery:Found 0 installed packages in /home/robofei/RoboIris/install
[0.125s] DEBUG:colcon.colcon_installed_package_information.package_discovery:Found 4 installed packages in /home/robofei/RoboIris-40347eba852a33cbaba7967249b0e5d09bacf625/install
[0.126s] DEBUG:colcon.colcon_installed_package_information.package_discovery:Found 324 installed packages in /opt/ros/humble
[0.127s] Level 1:colcon.colcon_core.package_discovery:discover_packages(prefix_path) using defaults
[0.158s] Level 5:colcon.colcon_core.verb:set package 'face_detector' build argument 'cmake_args' from command line to 'None'
[0.158s] Level 5:colcon.colcon_core.verb:set package 'face_detector' build argument 'cmake_target' from command line to 'None'
[0.158s] Level 5:colcon.colcon_core.verb:set package 'face_detector' build argument 'cmake_target_skip_unavailable' from command line to 'False'
[0.158s] Level 5:colcon.colcon_core.verb:set package 'face_detector' build argument 'cmake_clean_cache' from command line to 'False'
[0.158s] Level 5:colcon.colcon_core.verb:set package 'face_detector' build argument 'cmake_clean_first' from command line to 'False'
[0.158s] Level 5:colcon.colcon_core.verb:set package 'face_detector' build argument 'cmake_force_configure' from command line to 'False'
[0.158s] Level 5:colcon.colcon_core.verb:set package 'face_detector' build argument 'ament_cmake_args' from command line to 'None'
[0.158s] Level 5:colcon.colcon_core.verb:set package 'face_detector' build argument 'catkin_cmake_args' from command line to 'None'
[0.158s] Level 5:colcon.colcon_core.verb:set package 'face_detector' build argument 'catkin_skip_building_tests' from command line to 'False'
[0.158s] DEBUG:colcon.colcon_core.verb:Building package 'face_detector' with the following arguments: {'ament_cmake_args': None, 'build_base': '/home/robofei/RoboIris/build/face_detector', 'catkin_cmake_args': None, 'catkin_skip_building_tests': False, 'cmake_args': None, 'cmake_clean_cache': False, 'cmake_clean_first': False, 'cmake_force_configure': False, 'cmake_target': None, 'cmake_target_skip_unavailable': False, 'install_base': '/home/robofei/RoboIris/install/face_detector', 'merge_install': False, 'path': '/home/robofei/RoboIris/src/face_detector', 'symlink_install': False, 'test_result_base': None}
[0.158s] Level 5:colcon.colcon_core.verb:set package 'object_detector' build argument 'cmake_args' from command line to 'None'
[0.158s] Level 5:colcon.colcon_core.verb:set package 'object_detector' build argument 'cmake_target' from command line to 'None'
[0.158s] Level 5:colcon.colcon_core.verb:set package 'object_detector' build argument 'cmake_target_skip_unavailable' from command line to 'False'
[0.158s] Level 5:colcon.colcon_core.verb:set package 'object_detector' build argument 'cmake_clean_cache' from command line to 'False'
[0.158s] Level 5:colcon.colcon_core.verb:set package 'object_detector' build argument 'cmake_clean_first' from command line to 'False'
[0.158s] Level 5:colcon.colcon_core.verb:set package 'object_detector' build argument 'cmake_force_configure' from command line to 'False'
[0.158s] Level 5:colcon.colcon_core.verb:set package 'object_detector' build argument 'ament_cmake_args' from command line to 'None'
[0.158s] Level 5:colcon.colcon_core.verb:set package 'object_detector' build argument 'catkin_cmake_args' from command line to 'None'
[0.158s] Level 5:colcon.colcon_core.verb:set package 'object_detector' build argument 'catkin_skip_building_tests' from command line to 'False'
[0.158s] DEBUG:colcon.colcon_core.verb:Building package 'object_detector' with the following arguments: {'ament_cmake_args': None, 'build_base': '/home/robofei/RoboIris/build/object_detector', 'catkin_cmake_args': None, 'catkin_skip_building_tests': False, 'cmake_args': None, 'cmake_clean_cache': False, 'cmake_clean_first': False, 'cmake_force_configure': False, 'cmake_target': None, 'cmake_target_skip_unavailable': False, 'install_base': '/home/robofei/RoboIris/install/object_detector', 'merge_install': False, 'path': '/home/robofei/RoboIris/src/object_detector', 'symlink_install': False, 'test_result_base': None}
[0.158s] Level 5:colcon.colcon_core.verb:set package 'v4l2_camera' build argument 'cmake_args' from command line to 'None'
[0.158s] Level 5:colcon.colcon_core.verb:set package 'v4l2_camera' build argument 'cmake_target' from command line to 'None'
[0.158s] Level 5:colcon.colcon_core.verb:set package 'v4l2_camera' build argument 'cmake_target_skip_unavailable' from command line to 'False'
[0.159s] Level 5:colcon.colcon_core.verb:set package 'v4l2_camera' build argument 'cmake_clean_cache' from command line to 'False'
[0.159s] Level 5:colcon.colcon_core.verb:set package 'v4l2_camera' build argument 'cmake_clean_first' from command line to 'False'
[0.159s] Level 5:colcon.colcon_core.verb:set package 'v4l2_camera' build argument 'cmake_force_configure' from command line to 'False'
[0.159s] Level 5:colcon.colcon_core.verb:set package 'v4l2_camera' build argument 'ament_cmake_args' from command line to 'None'
[0.159s] Level 5:colcon.colcon_core.verb:set package 'v4l2_camera' build argument 'catkin_cmake_args' from command line to 'None'
[0.159s] Level 5:colcon.colcon_core.verb:set package 'v4l2_camera' build argument 'catkin_skip_building_tests' from command line to 'False'
[0.159s] DEBUG:colcon.colcon_core.verb:Building package 'v4l2_camera' with the following arguments: {'ament_cmake_args': None, 'build_base': '/home/robofei/RoboIris/build/v4l2_camera', 'catkin_cmake_args': None, 'catkin_skip_building_tests': False, 'cmake_args': None, 'cmake_clean_cache': False, 'cmake_clean_first': False, 'cmake_force_configure': False, 'cmake_target': None, 'cmake_target_skip_unavailable': False, 'install_base': '/home/robofei/RoboIris/install/v4l2_camera', 'merge_install': False, 'path': '/home/robofei/RoboIris/src/ros2_v4l2_camera', 'symlink_install': False, 'test_result_base': None}
[0.159s] INFO:colcon.colcon_core.executor:Executing jobs using 'parallel' executor
[0.159s] DEBUG:colcon.colcon_parallel_executor.executor.parallel:run_until_complete
[0.159s] INFO:colcon.colcon_ros.task.ament_python.build:Building ROS package in '/home/robofei/RoboIris/src/face_detector' with build type 'ament_python'
[0.160s] Level 1:colcon.colcon_core.shell:create_environment_hook('face_detector', 'ament_prefix_path')
[0.161s] INFO:colcon.colcon_core.plugin_system:Skipping extension 'colcon_core.shell.bat': Not used on non-Windows systems
[0.161s] INFO:colcon.colcon_core.shell:Creating environment hook '/home/robofei/RoboIris/install/face_detector/share/face_detector/hook/ament_prefix_path.ps1'
[0.161s] INFO:colcon.colcon_core.shell:Creating environment descriptor '/home/robofei/RoboIris/install/face_detector/share/face_detector/hook/ament_prefix_path.dsv'
[0.162s] INFO:colcon.colcon_core.shell:Creating environment hook '/home/robofei/RoboIris/install/face_detector/share/face_detector/hook/ament_prefix_path.sh'
[0.162s] INFO:colcon.colcon_core.shell:Skip shell extension 'powershell' for command environment: Not usable outside of PowerShell
[0.162s] DEBUG:colcon.colcon_core.shell:Skip shell extension 'dsv' for command environment
[0.164s] INFO:colcon.colcon_ros.task.ament_python.build:Building ROS package in '/home/robofei/RoboIris/src/object_detector' with build type 'ament_python'
[0.164s] Level 1:colcon.colcon_core.shell:create_environment_hook('object_detector', 'ament_prefix_path')
[0.164s] INFO:colcon.colcon_core.shell:Creating environment hook '/home/robofei/RoboIris/install/object_detector/share/object_detector/hook/ament_prefix_path.ps1'
[0.165s] INFO:colcon.colcon_core.shell:Creating environment descriptor '/home/robofei/RoboIris/install/object_detector/share/object_detector/hook/ament_prefix_path.dsv'
[0.165s] INFO:colcon.colcon_core.shell:Creating environment hook '/home/robofei/RoboIris/install/object_detector/share/object_detector/hook/ament_prefix_path.sh'
[0.165s] INFO:colcon.colcon_core.shell:Skip shell extension 'powershell' for command environment: Not usable outside of PowerShell
[0.165s] DEBUG:colcon.colcon_core.shell:Skip shell extension 'dsv' for command environment
[0.167s] INFO:colcon.colcon_ros.task.ament_cmake.build:Building ROS package in '/home/robofei/RoboIris/src/ros2_v4l2_camera' with build type 'ament_cmake'
[0.168s] INFO:colcon.colcon_cmake.task.cmake.build:Building CMake package in '/home/robofei/RoboIris/src/ros2_v4l2_camera'
[0.168s] INFO:colcon.colcon_core.shell:Skip shell extension 'powershell' for command environment: Not usable outside of PowerShell
[0.168s] DEBUG:colcon.colcon_core.shell:Skip shell extension 'dsv' for command environment
[0.296s] INFO:colcon.colcon_core.task.python.build:Building Python package in '/home/robofei/RoboIris/src/face_detector'
[0.296s] INFO:colcon.colcon_core.shell:Skip shell extension 'powershell' for command environment: Not usable outside of PowerShell
[0.296s] DEBUG:colcon.colcon_core.shell:Skip shell extension 'dsv' for command environment
[0.421s] INFO:colcon.colcon_core.task.python.build:Building Python package in '/home/robofei/RoboIris/src/object_detector'
[0.421s] INFO:colcon.colcon_core.shell:Skip shell extension 'powershell' for command environment: Not usable outside of PowerShell
[0.421s] DEBUG:colcon.colcon_core.shell:Skip shell extension 'dsv' for command environment
[0.426s] DEBUG:colcon.colcon_core.event_handler.log_command:Invoking command in '/home/robofei/RoboIris/build/v4l2_camera': CMAKE_PREFIX_PATH=${CMAKE_PREFIX_PATH}:/home/robofei/RoboIris/install/object_detector:/home/robofei/RoboIris/install/face_detector:/home/robofei/RoboIris/install/arduino_bridge:/home/robofei/RoboIris-40347eba852a33cbaba7967249b0e5d09bacf625/install/object_detector:/home/robofei/RoboIris-40347eba852a33cbaba7967249b0e5d09bacf625/install/face_detector:/home/robofei/RoboIris-40347eba852a33cbaba7967249b0e5d09bacf625/install/arduino_bridge:/opt/ros/humble /usr/bin/cmake /home/robofei/RoboIris/src/ros2_v4l2_camera -DCMAKE_INSTALL_PREFIX=/home/robofei/RoboIris/install/v4l2_camera
[0.695s] DEBUG:colcon.colcon_core.event_handler.log_command:Invoking command in '/home/robofei/RoboIris/src/object_detector': PYTHONPATH=/home/robofei/RoboIris/build/object_detector/prefix_override:/usr/lib/python3/dist-packages/colcon_core/task/python/colcon_distutils_commands:/home/robofei/RoboIris/install/object_detector/lib/python3.10/site-packages:${PYTHONPATH} /usr/bin/python3 -W ignore:setup.py install is deprecated -W ignore:easy_install command is deprecated setup.py egg_info --egg-base ../../build/object_detector build --build-base /home/robofei/RoboIris/build/object_detector/build install --record /home/robofei/RoboIris/build/object_detector/install.log --single-version-externally-managed install_data
[0.696s] DEBUG:colcon.colcon_core.event_handler.log_command:Invoking command in '/home/robofei/RoboIris/src/face_detector': PYTHONPATH=/home/robofei/RoboIris/build/face_detector/prefix_override:/usr/lib/python3/dist-packages/colcon_core/task/python/colcon_distutils_commands:/home/robofei/RoboIris/install/face_detector/lib/python3.10/site-packages:${PYTHONPATH} /usr/bin/python3 -W ignore:setup.py install is deprecated -W ignore:easy_install command is deprecated setup.py egg_info --egg-base ../../build/face_detector build --build-base /home/robofei/RoboIris/build/face_detector/build install --record /home/robofei/RoboIris/build/face_detector/install.log --single-version-externally-managed install_data
[0.973s] DEBUG:colcon.colcon_core.event_handler.log_command:Invoked command in '/home/robofei/RoboIris/src/object_detector' returned '0': PYTHONPATH=/home/robofei/RoboIris/build/object_detector/prefix_override:/usr/lib/python3/dist-packages/colcon_core/task/python/colcon_distutils_commands:/home/robofei/RoboIris/install/object_detector/lib/python3.10/site-packages:${PYTHONPATH} /usr/bin/python3 -W ignore:setup.py install is deprecated -W ignore:easy_install command is deprecated setup.py egg_info --egg-base ../../build/object_detector build --build-base /home/robofei/RoboIris/build/object_detector/build install --record /home/robofei/RoboIris/build/object_detector/install.log --single-version-externally-managed install_data
[0.974s] Level 1:colcon.colcon_core.environment:checking '/home/robofei/RoboIris/install/object_detector' for CMake module files
[0.974s] Level 1:colcon.colcon_core.environment:checking '/home/robofei/RoboIris/install/object_detector' for CMake config files
[0.975s] Level 1:colcon.colcon_core.environment:checking '/home/robofei/RoboIris/install/object_detector/lib'
[0.975s] Level 1:colcon.colcon_core.environment:checking '/home/robofei/RoboIris/install/object_detector/bin'
[0.975s] Level 1:colcon.colcon_core.environment:checking '/home/robofei/RoboIris/install/object_detector/lib/pkgconfig/object_detector.pc'
[0.975s] Level 1:colcon.colcon_core.environment:checking '/home/robofei/RoboIris/install/object_detector/lib/python3.10/site-packages'
[0.975s] Level 1:colcon.colcon_core.shell:create_environment_hook('object_detector', 'pythonpath')
[0.975s] INFO:colcon.colcon_core.shell:Creating environment hook '/home/robofei/RoboIris/install/object_detector/share/object_detector/hook/pythonpath.ps1'
[0.976s] INFO:colcon.colcon_core.shell:Creating environment descriptor '/home/robofei/RoboIris/install/object_detector/share/object_detector/hook/pythonpath.dsv'
[0.976s] INFO:colcon.colcon_core.shell:Creating environment hook '/home/robofei/RoboIris/install/object_detector/share/object_detector/hook/pythonpath.sh'
[0.976s] Level 1:colcon.colcon_core.environment:checking '/home/robofei/RoboIris/install/object_detector/bin'
[0.976s] Level 1:colcon.colcon_core.environment:create_environment_scripts_only(object_detector)
[0.976s] INFO:colcon.colcon_core.shell:Creating package script '/home/robofei/RoboIris/install/object_detector/share/object_detector/package.ps1'
[0.977s] INFO:colcon.colcon_core.shell:Creating package descriptor '/home/robofei/RoboIris/install/object_detector/share/object_detector/package.dsv'
[0.977s] INFO:colcon.colcon_core.shell:Creating package script '/home/robofei/RoboIris/install/object_detector/share/object_detector/package.sh'
[0.978s] INFO:colcon.colcon_core.shell:Creating package script '/home/robofei/RoboIris/install/object_detector/share/object_detector/package.bash'
[0.978s] INFO:colcon.colcon_core.shell:Creating package script '/home/robofei/RoboIris/install/object_detector/share/object_detector/package.zsh'
[0.979s] Level 1:colcon.colcon_core.environment:create_file_with_runtime_dependencies(/home/robofei/RoboIris/install/object_detector/share/colcon-core/packages/object_detector)
[0.979s] Level 1:colcon.colcon_core.environment:checking '/home/robofei/RoboIris/install/face_detector' for CMake module files
[0.979s] Level 1:colcon.colcon_core.environment:checking '/home/robofei/RoboIris/install/face_detector' for CMake config files
[0.979s] DEBUG:colcon.colcon_core.event_handler.log_command:Invoked command in '/home/robofei/RoboIris/src/face_detector' returned '0': PYTHONPATH=/home/robofei/RoboIris/build/face_detector/prefix_override:/usr/lib/python3/dist-packages/colcon_core/task/python/colcon_distutils_commands:/home/robofei/RoboIris/install/face_detector/lib/python3.10/site-packages:${PYTHONPATH} /usr/bin/python3 -W ignore:setup.py install is deprecated -W ignore:easy_install command is deprecated setup.py egg_info --egg-base ../../build/face_detector build --build-base /home/robofei/RoboIris/build/face_detector/build install --record /home/robofei/RoboIris/build/face_detector/install.log --single-version-externally-managed install_data
[0.980s] Level 1:colcon.colcon_core.environment:checking '/home/robofei/RoboIris/install/face_detector/lib'
[0.980s] Level 1:colcon.colcon_core.environment:checking '/home/robofei/RoboIris/install/face_detector/bin'
[0.980s] Level 1:colcon.colcon_core.environment:checking '/home/robofei/RoboIris/install/face_detector/lib/pkgconfig/face_detector.pc'
[0.980s] Level 1:colcon.colcon_core.environment:checking '/home/robofei/RoboIris/install/face_detector/lib/python3.10/site-packages'
[0.980s] Level 1:colcon.colcon_core.shell:create_environment_hook('face_detector', 'pythonpath')
[0.980s] INFO:colcon.colcon_core.shell:Creating environment hook '/home/robofei/RoboIris/install/face_detector/share/face_detector/hook/pythonpath.ps1'
[0.980s] INFO:colcon.colcon_core.shell:Creating environment descriptor '/home/robofei/RoboIris/install/face_detector/share/face_detector/hook/pythonpath.dsv'
[0.981s] INFO:colcon.colcon_core.shell:Creating environment hook '/home/robofei/RoboIris/install/face_detector/share/face_detector/hook/pythonpath.sh'
[0.981s] Level 1:colcon.colcon_core.environment:checking '/home/robofei/RoboIris/install/face_detector/bin'
[0.981s] Level 1:colcon.colcon_core.environment:create_environment_scripts_only(face_detector)
[0.981s] INFO:colcon.colcon_core.shell:Creating package script '/home/robofei/RoboIris/install/face_detector/share/face_detector/package.ps1'
[0.981s] INFO:colcon.colcon_core.shell:Creating package descriptor '/home/robofei/RoboIris/install/face_detector/share/face_detector/package.dsv'
[0.982s] INFO:colcon.colcon_core.shell:Creating package script '/home/robofei/RoboIris/install/face_detector/share/face_detector/package.sh'
[0.982s] INFO:colcon.colcon_core.shell:Creating package script '/home/robofei/RoboIris/install/face_detector/share/face_detector/package.bash'
[0.982s] INFO:colcon.colcon_core.shell:Creating package script '/home/robofei/RoboIris/install/face_detector/share/face_detector/package.zsh'
[0.982s] Level 1:colcon.colcon_core.environment:create_file_with_runtime_dependencies(/home/robofei/RoboIris/install/face_detector/share/colcon-core/packages/face_detector)
[1.457s] DEBUG:colcon.colcon_core.event_handler.log_command:Invoked command in '/home/robofei/RoboIris/build/v4l2_camera' returned '0': CMAKE_PREFIX_PATH=${CMAKE_PREFIX_PATH}:/home/robofei/RoboIris/install/object_detector:/home/robofei/RoboIris/install/face_detector:/home/robofei/RoboIris/install/arduino_bridge:/home/robofei/RoboIris-40347eba852a33cbaba7967249b0e5d09bacf625/install/object_detector:/home/robofei/RoboIris-40347eba852a33cbaba7967249b0e5d09bacf625/install/face_detector:/home/robofei/RoboIris-40347eba852a33cbaba7967249b0e5d09bacf625/install/arduino_bridge:/opt/ros/humble /usr/bin/cmake /home/robofei/RoboIris/src/ros2_v4l2_camera -DCMAKE_INSTALL_PREFIX=/home/robofei/RoboIris/install/v4l2_camera
[1.457s] DEBUG:colcon.colcon_core.event_handler.log_command:Invoking command in '/home/robofei/RoboIris/build/v4l2_camera': CMAKE_PREFIX_PATH=${CMAKE_PREFIX_PATH}:/home/robofei/RoboIris/install/object_detector:/home/robofei/RoboIris/install/face_detector:/home/robofei/RoboIris/install/arduino_bridge:/home/robofei/RoboIris-40347eba852a33cbaba7967249b0e5d09bacf625/install/object_detector:/home/robofei/RoboIris-40347eba852a33cbaba7967249b0e5d09bacf625/install/face_detector:/home/robofei/RoboIris-40347eba852a33cbaba7967249b0e5d09bacf625/install/arduino_bridge:/opt/ros/humble /usr/bin/cmake --build /home/robofei/RoboIris/build/v4l2_camera -- -j8 -l8
[12.039s] DEBUG:colcon.colcon_core.event_handler.log_command:Invoked command in '/home/robofei/RoboIris/build/v4l2_camera' returned '0': CMAKE_PREFIX_PATH=${CMAKE_PREFIX_PATH}:/home/robofei/RoboIris/install/object_detector:/home/robofei/RoboIris/install/face_detector:/home/robofei/RoboIris/install/arduino_bridge:/home/robofei/RoboIris-40347eba852a33cbaba7967249b0e5d09bacf625/install/object_detector:/home/robofei/RoboIris-40347eba852a33cbaba7967249b0e5d09bacf625/install/face_detector:/home/robofei/RoboIris-40347eba852a33cbaba7967249b0e5d09bacf625/install/arduino_bridge:/opt/ros/humble /usr/bin/cmake --build /home/robofei/RoboIris/build/v4l2_camera -- -j8 -l8
[12.046s] DEBUG:colcon.colcon_core.event_handler.log_command:Invoking command in '/home/robofei/RoboIris/build/v4l2_camera': CMAKE_PREFIX_PATH=${CMAKE_PREFIX_PATH}:/home/robofei/RoboIris/install/object_detector:/home/robofei/RoboIris/install/face_detector:/home/robofei/RoboIris/install/arduino_bridge:/home/robofei/RoboIris-40347eba852a33cbaba7967249b0e5d09bacf625/install/object_detector:/home/robofei/RoboIris-40347eba852a33cbaba7967249b0e5d09bacf625/install/face_detector:/home/robofei/RoboIris-40347eba852a33cbaba7967249b0e5d09bacf625/install/arduino_bridge:/opt/ros/humble /usr/bin/cmake --install /home/robofei/RoboIris/build/v4l2_camera
[12.059s] Level 1:colcon.colcon_core.environment:create_environment_scripts_only(v4l2_camera)
[12.059s] Level 1:colcon.colcon_core.environment:checking '/home/robofei/RoboIris/install/v4l2_camera' for CMake module files
[12.059s] DEBUG:colcon.colcon_core.event_handler.log_command:Invoked command in '/home/robofei/RoboIris/build/v4l2_camera' returned '0': CMAKE_PREFIX_PATH=${CMAKE_PREFIX_PATH}:/home/robofei/RoboIris/install/object_detector:/home/robofei/RoboIris/install/face_detector:/home/robofei/RoboIris/install/arduino_bridge:/home/robofei/RoboIris-40347eba852a33cbaba7967249b0e5d09bacf625/install/object_detector:/home/robofei/RoboIris-40347eba852a33cbaba7967249b0e5d09bacf625/install/face_detector:/home/robofei/RoboIris-40347eba852a33cbaba7967249b0e5d09bacf625/install/arduino_bridge:/opt/ros/humble /usr/bin/cmake --install /home/robofei/RoboIris/build/v4l2_camera
[12.059s] Level 1:colcon.colcon_core.environment:checking '/home/robofei/RoboIris/install/v4l2_camera' for CMake config files
[12.059s] Level 1:colcon.colcon_core.shell:create_environment_hook('v4l2_camera', 'cmake_prefix_path')
[12.060s] INFO:colcon.colcon_core.shell:Creating environment hook '/home/robofei/RoboIris/install/v4l2_camera/share/v4l2_camera/hook/cmake_prefix_path.ps1'
[12.060s] INFO:colcon.colcon_core.shell:Creating environment descriptor '/home/robofei/RoboIris/install/v4l2_camera/share/v4l2_camera/hook/cmake_prefix_path.dsv'
[12.060s] INFO:colcon.colcon_core.shell:Creating environment hook '/home/robofei/RoboIris/install/v4l2_camera/share/v4l2_camera/hook/cmake_prefix_path.sh'
[12.060s] Level 1:colcon.colcon_core.environment:checking '/home/robofei/RoboIris/install/v4l2_camera/lib'
[12.061s] Level 1:colcon.colcon_core.shell:create_environment_hook('v4l2_camera', 'ld_library_path_lib')
[12.061s] INFO:colcon.colcon_core.shell:Creating environment hook '/home/robofei/RoboIris/install/v4l2_camera/share/v4l2_camera/hook/ld_library_path_lib.ps1'
[12.061s] INFO:colcon.colcon_core.shell:Creating environment descriptor '/home/robofei/RoboIris/install/v4l2_camera/share/v4l2_camera/hook/ld_library_path_lib.dsv'
[12.061s] INFO:colcon.colcon_core.shell:Creating environment hook '/home/robofei/RoboIris/install/v4l2_camera/share/v4l2_camera/hook/ld_library_path_lib.sh'
[12.061s] Level 1:colcon.colcon_core.environment:checking '/home/robofei/RoboIris/install/v4l2_camera/bin'
[12.061s] Level 1:colcon.colcon_core.environment:checking '/home/robofei/RoboIris/install/v4l2_camera/lib/pkgconfig/v4l2_camera.pc'
[12.061s] Level 1:colcon.colcon_core.environment:checking '/home/robofei/RoboIris/install/v4l2_camera/lib/python3.10/site-packages'
[12.062s] Level 1:colcon.colcon_core.environment:checking '/home/robofei/RoboIris/install/v4l2_camera/bin'
[12.062s] INFO:colcon.colcon_core.shell:Creating package script '/home/robofei/RoboIris/install/v4l2_camera/share/v4l2_camera/package.ps1'
[12.062s] INFO:colcon.colcon_core.shell:Creating package descriptor '/home/robofei/RoboIris/install/v4l2_camera/share/v4l2_camera/package.dsv'
[12.062s] INFO:colcon.colcon_core.shell:Creating package script '/home/robofei/RoboIris/install/v4l2_camera/share/v4l2_camera/package.sh'
[12.063s] INFO:colcon.colcon_core.shell:Creating package script '/home/robofei/RoboIris/install/v4l2_camera/share/v4l2_camera/package.bash'
[12.063s] INFO:colcon.colcon_core.shell:Creating package script '/home/robofei/RoboIris/install/v4l2_camera/share/v4l2_camera/package.zsh'
[12.063s] Level 1:colcon.colcon_core.environment:create_file_with_runtime_dependencies(/home/robofei/RoboIris/install/v4l2_camera/share/colcon-core/packages/v4l2_camera)
[12.063s] Level 1:colcon.colcon_core.environment:create_environment_scripts_only(v4l2_camera)
[12.063s] Level 1:colcon.colcon_core.environment:checking '/home/robofei/RoboIris/install/v4l2_camera' for CMake module files
[12.064s] Level 1:colcon.colcon_core.environment:checking '/home/robofei/RoboIris/install/v4l2_camera' for CMake config files
[12.064s] Level 1:colcon.colcon_core.shell:create_environment_hook('v4l2_camera', 'cmake_prefix_path')
[12.064s] INFO:colcon.colcon_core.shell:Creating environment hook '/home/robofei/RoboIris/install/v4l2_camera/share/v4l2_camera/hook/cmake_prefix_path.ps1'
[12.064s] INFO:colcon.colcon_core.shell:Creating environment descriptor '/home/robofei/RoboIris/install/v4l2_camera/share/v4l2_camera/hook/cmake_prefix_path.dsv'
[12.064s] INFO:colcon.colcon_core.shell:Creating environment hook '/home/robofei/RoboIris/install/v4l2_camera/share/v4l2_camera/hook/cmake_prefix_path.sh'
[12.065s] Level 1:colcon.colcon_core.environment:checking '/home/robofei/RoboIris/install/v4l2_camera/lib'
[12.065s] Level 1:colcon.colcon_core.shell:create_environment_hook('v4l2_camera', 'ld_library_path_lib')
[12.065s] INFO:colcon.colcon_core.shell:Creating environment hook '/home/robofei/RoboIris/install/v4l2_camera/share/v4l2_camera/hook/ld_library_path_lib.ps1'
[12.065s] INFO:colcon.colcon_core.shell:Creating environment descriptor '/home/robofei/RoboIris/install/v4l2_camera/share/v4l2_camera/hook/ld_library_path_lib.dsv'
[12.065s] INFO:colcon.colcon_core.shell:Creating environment hook '/home/robofei/RoboIris/install/v4l2_camera/share/v4l2_camera/hook/ld_library_path_lib.sh'
[12.065s] Level 1:colcon.colcon_core.environment:checking '/home/robofei/RoboIris/install/v4l2_camera/bin'
[12.065s] Level 1:colcon.colcon_core.environment:checking '/home/robofei/RoboIris/install/v4l2_camera/lib/pkgconfig/v4l2_camera.pc'
[12.066s] Level 1:colcon.colcon_core.environment:checking '/home/robofei/RoboIris/install/v4l2_camera/lib/python3.10/site-packages'
[12.066s] Level 1:colcon.colcon_core.environment:checking '/home/robofei/RoboIris/install/v4l2_camera/bin'
[12.066s] INFO:colcon.colcon_core.shell:Creating package script '/home/robofei/RoboIris/install/v4l2_camera/share/v4l2_camera/package.ps1'
[12.066s] INFO:colcon.colcon_core.shell:Creating package descriptor '/home/robofei/RoboIris/install/v4l2_camera/share/v4l2_camera/package.dsv'
[12.067s] INFO:colcon.colcon_core.shell:Creating package script '/home/robofei/RoboIris/install/v4l2_camera/share/v4l2_camera/package.sh'
[12.067s] INFO:colcon.colcon_core.shell:Creating package script '/home/robofei/RoboIris/install/v4l2_camera/share/v4l2_camera/package.bash'
[12.067s] INFO:colcon.colcon_core.shell:Creating package script '/home/robofei/RoboIris/install/v4l2_camera/share/v4l2_camera/package.zsh'
[12.067s] Level 1:colcon.colcon_core.environment:create_file_with_runtime_dependencies(/home/robofei/RoboIris/install/v4l2_camera/share/colcon-core/packages/v4l2_camera)
[12.067s] DEBUG:colcon.colcon_parallel_executor.executor.parallel:closing loop
[12.067s] DEBUG:colcon.colcon_parallel_executor.executor.parallel:loop closed
[12.067s] DEBUG:colcon.colcon_parallel_executor.executor.parallel:run_until_complete finished with '0'
[12.068s] DEBUG:colcon.colcon_core.event_reactor:joining thread
[12.071s] INFO:colcon.colcon_core.plugin_system:Skipping extension 'colcon_notification.desktop_notification.terminal_notifier': Not used on non-Darwin systems
[12.071s] INFO:colcon.colcon_core.plugin_system:Skipping extension 'colcon_notification.desktop_notification.win32': Not used on non-Windows systems
[12.071s] INFO:colcon.colcon_notification.desktop_notification:Sending desktop notification using 'notify2'
[12.078s] DEBUG:colcon.colcon_core.event_reactor:joined thread
[12.078s] INFO:colcon.colcon_core.shell:Creating prefix script '/home/robofei/RoboIris/install/local_setup.ps1'
[12.079s] INFO:colcon.colcon_core.shell:Creating prefix util module '/home/robofei/RoboIris/install/_local_setup_util_ps1.py'
[12.080s] INFO:colcon.colcon_core.shell:Creating prefix chain script '/home/robofei/RoboIris/install/setup.ps1'
[12.081s] INFO:colcon.colcon_core.shell:Creating prefix script '/home/robofei/RoboIris/install/local_setup.sh'
[12.081s] INFO:colcon.colcon_core.shell:Creating prefix util module '/home/robofei/RoboIris/install/_local_setup_util_sh.py'
[12.081s] INFO:colcon.colcon_core.shell:Creating prefix chain script '/home/robofei/RoboIris/install/setup.sh'
[12.082s] INFO:colcon.colcon_core.shell:Creating prefix script '/home/robofei/RoboIris/install/local_setup.bash'
[12.082s] INFO:colcon.colcon_core.shell:Creating prefix chain script '/home/robofei/RoboIris/install/setup.bash'
[12.083s] INFO:colcon.colcon_core.shell:Creating prefix script '/home/robofei/RoboIris/install/local_setup.zsh'
[12.083s] INFO:colcon.colcon_core.shell:Creating prefix chain script '/home/robofei/RoboIris/install/setup.zsh'
