[2.221s] Invoking command in '/home/robofei/RoboIris/src/arduino_bridge': PYTHONPATH=/home/robofei/RoboIris/build/arduino_bridge/prefix_override:/usr/lib/python3/dist-packages/colcon_core/task/python/colcon_distutils_commands:/home/robofei/RoboIris/install/arduino_bridge/lib/python3.10/site-packages:${PYTHONPATH} /usr/bin/python3 -W ignore:setup.py install is deprecated -W ignore:easy_install command is deprecated setup.py egg_info --egg-base ../../build/arduino_bridge build --build-base /home/robofei/RoboIris/build/arduino_bridge/build install --record /home/robofei/RoboIris/build/arduino_bridge/install.log --single-version-externally-managed install_data
[2.700s] running egg_info
[2.701s] writing ../../build/arduino_bridge/arduino_bridge.egg-info/PKG-INFO
[2.702s] writing dependency_links to ../../build/arduino_bridge/arduino_bridge.egg-info/dependency_links.txt
[2.702s] writing entry points to ../../build/arduino_bridge/arduino_bridge.egg-info/entry_points.txt
[2.702s] writing requirements to ../../build/arduino_bridge/arduino_bridge.egg-info/requires.txt
[2.703s] writing top-level names to ../../build/arduino_bridge/arduino_bridge.egg-info/top_level.txt
[2.706s] reading manifest file '../../build/arduino_bridge/arduino_bridge.egg-info/SOURCES.txt'
[2.707s] adding license file 'LICENSE'
[2.707s] writing manifest file '../../build/arduino_bridge/arduino_bridge.egg-info/SOURCES.txt'
[2.708s] running build
[2.708s] running build_py
[2.708s] running install
[2.709s] running install_lib
[2.711s] running install_data
[2.711s] running install_egg_info
[2.713s] removing '/home/robofei/RoboIris/install/arduino_bridge/lib/python3.10/site-packages/arduino_bridge-0.0.0-py3.10.egg-info' (and everything under it)
[2.713s] Copying ../../build/arduino_bridge/arduino_bridge.egg-info to /home/robofei/RoboIris/install/arduino_bridge/lib/python3.10/site-packages/arduino_bridge-0.0.0-py3.10.egg-info
[2.715s] running install_scripts
[2.746s] Installing arduino_bridge script to /home/robofei/RoboIris/install/arduino_bridge/lib/arduino_bridge
[2.747s] writing list of installed files to '/home/robofei/RoboIris/build/arduino_bridge/install.log'
[2.798s] Invoked command in '/home/robofei/RoboIris/src/arduino_bridge' returned '0': PYTHONPATH=/home/robofei/RoboIris/build/arduino_bridge/prefix_override:/usr/lib/python3/dist-packages/colcon_core/task/python/colcon_distutils_commands:/home/robofei/RoboIris/install/arduino_bridge/lib/python3.10/site-packages:${PYTHONPATH} /usr/bin/python3 -W ignore:setup.py install is deprecated -W ignore:easy_install command is deprecated setup.py egg_info --egg-base ../../build/arduino_bridge build --build-base /home/robofei/RoboIris/build/arduino_bridge/build install --record /home/robofei/RoboIris/build/arduino_bridge/install.log --single-version-externally-managed install_data
