[17.096s] Invoking command in '/home/rasprobo1/RoboIris/src/arduino_bridge': PYTHONPATH=/home/rasprobo1/RoboIris/build/arduino_bridge/prefix_override:/usr/lib/python3/dist-packages/colcon_core/task/python/colcon_distutils_commands:/home/rasprobo1/RoboIris/install/arduino_bridge/lib/python3.10/site-packages:${PYTHONPATH} /usr/bin/python3 -W ignore:setup.py install is deprecated -W ignore:easy_install command is deprecated setup.py egg_info --egg-base ../../build/arduino_bridge build --build-base /home/rasprobo1/RoboIris/build/arduino_bridge/build install --record /home/rasprobo1/RoboIris/build/arduino_bridge/install.log --single-version-externally-managed install_data
[21.240s] running egg_info
[21.252s] writing ../../build/arduino_bridge/arduino_bridge.egg-info/PKG-INFO
[21.256s] writing dependency_links to ../../build/arduino_bridge/arduino_bridge.egg-info/dependency_links.txt
[21.258s] writing entry points to ../../build/arduino_bridge/arduino_bridge.egg-info/entry_points.txt
[21.261s] writing requirements to ../../build/arduino_bridge/arduino_bridge.egg-info/requires.txt
[21.262s] writing top-level names to ../../build/arduino_bridge/arduino_bridge.egg-info/top_level.txt
[21.294s] reading manifest file '../../build/arduino_bridge/arduino_bridge.egg-info/SOURCES.txt'
[21.301s] adding license file 'LICENSE'
[21.335s] writing manifest file '../../build/arduino_bridge/arduino_bridge.egg-info/SOURCES.txt'
[21.337s] running build
[21.338s] running build_py
[21.356s] running install
[21.357s] running install_lib
[21.371s] running install_data
[21.412s] running install_egg_info
[21.417s] removing '/home/rasprobo1/RoboIris/install/arduino_bridge/lib/python3.10/site-packages/arduino_bridge-0.0.0-py3.10.egg-info' (and everything under it)
[21.419s] Copying ../../build/arduino_bridge/arduino_bridge.egg-info to /home/rasprobo1/RoboIris/install/arduino_bridge/lib/python3.10/site-packages/arduino_bridge-0.0.0-py3.10.egg-info
[21.434s] running install_scripts
[21.683s] Installing arduino_bridge script to /home/rasprobo1/RoboIris/install/arduino_bridge/lib/arduino_bridge
[21.689s] writing list of installed files to '/home/rasprobo1/RoboIris/build/arduino_bridge/install.log'
[22.349s] Invoked command in '/home/rasprobo1/RoboIris/src/arduino_bridge' returned '0': PYTHONPATH=/home/rasprobo1/RoboIris/build/arduino_bridge/prefix_override:/usr/lib/python3/dist-packages/colcon_core/task/python/colcon_distutils_commands:/home/rasprobo1/RoboIris/install/arduino_bridge/lib/python3.10/site-packages:${PYTHONPATH} /usr/bin/python3 -W ignore:setup.py install is deprecated -W ignore:easy_install command is deprecated setup.py egg_info --egg-base ../../build/arduino_bridge build --build-base /home/rasprobo1/RoboIris/build/arduino_bridge/build install --record /home/rasprobo1/RoboIris/build/arduino_bridge/install.log --single-version-externally-managed install_data
