[2.194s] Invoking command in '/home/robofei/RoboIris/src/face_detector': PYTHONPATH=/home/robofei/RoboIris/build/face_detector/prefix_override:/usr/lib/python3/dist-packages/colcon_core/task/python/colcon_distutils_commands:/home/robofei/RoboIris/install/face_detector/lib/python3.10/site-packages:${PYTHONPATH} /usr/bin/python3 -W ignore:setup.py install is deprecated -W ignore:easy_install command is deprecated setup.py egg_info --egg-base ../../build/face_detector build --build-base /home/robofei/RoboIris/build/face_detector/build install --record /home/robofei/RoboIris/build/face_detector/install.log --single-version-externally-managed install_data
[2.675s] running egg_info
[2.676s] creating ../../build/face_detector/face_detector.egg-info
[2.676s] writing ../../build/face_detector/face_detector.egg-info/PKG-INFO
[2.676s] writing dependency_links to ../../build/face_detector/face_detector.egg-info/dependency_links.txt
[2.677s] writing entry points to ../../build/face_detector/face_detector.egg-info/entry_points.txt
[2.677s] writing requirements to ../../build/face_detector/face_detector.egg-info/requires.txt
[2.677s] writing top-level names to ../../build/face_detector/face_detector.egg-info/top_level.txt
[2.677s] writing manifest file '../../build/face_detector/face_detector.egg-info/SOURCES.txt'
[2.680s] reading manifest file '../../build/face_detector/face_detector.egg-info/SOURCES.txt'
[2.681s] writing manifest file '../../build/face_detector/face_detector.egg-info/SOURCES.txt'
[2.682s] running build
[2.682s] running build_py
[2.682s] creating /home/robofei/RoboIris/build/face_detector/build
[2.682s] creating /home/robofei/RoboIris/build/face_detector/build/lib
[2.683s] creating /home/robofei/RoboIris/build/face_detector/build/lib/face_detector
[2.683s] copying face_detector/face_detector_node.py -> /home/robofei/RoboIris/build/face_detector/build/lib/face_detector
[2.683s] copying face_detector/__init__.py -> /home/robofei/RoboIris/build/face_detector/build/lib/face_detector
[2.683s] running install
[2.683s] running install_lib
[2.684s] creating /home/robofei/RoboIris/install/face_detector/lib/python3.10/site-packages/face_detector
[2.685s] copying /home/robofei/RoboIris/build/face_detector/build/lib/face_detector/face_detector_node.py -> /home/robofei/RoboIris/install/face_detector/lib/python3.10/site-packages/face_detector
[2.685s] copying /home/robofei/RoboIris/build/face_detector/build/lib/face_detector/__init__.py -> /home/robofei/RoboIris/install/face_detector/lib/python3.10/site-packages/face_detector
[2.685s] byte-compiling /home/robofei/RoboIris/install/face_detector/lib/python3.10/site-packages/face_detector/face_detector_node.py to face_detector_node.cpython-310.pyc
[2.686s] byte-compiling /home/robofei/RoboIris/install/face_detector/lib/python3.10/site-packages/face_detector/__init__.py to __init__.cpython-310.pyc
[2.687s] running install_data
[2.687s] creating /home/robofei/RoboIris/install/face_detector/share/ament_index
[2.687s] creating /home/robofei/RoboIris/install/face_detector/share/ament_index/resource_index
[2.688s] creating /home/robofei/RoboIris/install/face_detector/share/ament_index/resource_index/packages
[2.688s] copying resource/face_detector -> /home/robofei/RoboIris/install/face_detector/share/ament_index/resource_index/packages
[2.688s] copying package.xml -> /home/robofei/RoboIris/install/face_detector/share/face_detector
[2.688s] running install_egg_info
[2.691s] Copying ../../build/face_detector/face_detector.egg-info to /home/robofei/RoboIris/install/face_detector/lib/python3.10/site-packages/face_detector-0.0.0-py3.10.egg-info
[2.692s] running install_scripts
[2.719s] Installing face_detector script to /home/robofei/RoboIris/install/face_detector/lib/face_detector
[2.719s] writing list of installed files to '/home/robofei/RoboIris/build/face_detector/install.log'
[2.768s] Invoked command in '/home/robofei/RoboIris/src/face_detector' returned '0': PYTHONPATH=/home/robofei/RoboIris/build/face_detector/prefix_override:/usr/lib/python3/dist-packages/colcon_core/task/python/colcon_distutils_commands:/home/robofei/RoboIris/install/face_detector/lib/python3.10/site-packages:${PYTHONPATH} /usr/bin/python3 -W ignore:setup.py install is deprecated -W ignore:easy_install command is deprecated setup.py egg_info --egg-base ../../build/face_detector build --build-base /home/robofei/RoboIris/build/face_detector/build install --record /home/robofei/RoboIris/build/face_detector/install.log --single-version-externally-managed install_data
