[0.684s] Invoking command in '/home/robofei/RoboIris/build/object_detector': PYTHONPATH=/home/robofei/RoboIris/build/object_detector/prefix_override:/usr/lib/python3/dist-packages/colcon_core/task/python/colcon_distutils_commands:/home/robofei/RoboIris/install/object_detector/lib/python3.10/site-packages:${PYTHONPATH} /usr/bin/python3 -W ignore:setup.py install is deprecated -W ignore:easy_install command is deprecated setup.py develop --uninstall --editable --build-directory /home/robofei/RoboIris/build/object_detector/build
[0.854s] running develop
[0.965s] Removing /home/robofei/RoboIris/install/object_detector/lib/python3.10/site-packages/object-detector.egg-link (link to .)
[0.992s] Invoked command in '/home/robofei/RoboIris/build/object_detector' returned '0': PYTHONPATH=/home/robofei/RoboIris/build/object_detector/prefix_override:/usr/lib/python3/dist-packages/colcon_core/task/python/colcon_distutils_commands:/home/robofei/RoboIris/install/object_detector/lib/python3.10/site-packages:${PYTHONPATH} /usr/bin/python3 -W ignore:setup.py install is deprecated -W ignore:easy_install command is deprecated setup.py develop --uninstall --editable --build-directory /home/robofei/RoboIris/build/object_detector/build
[0.993s] Invoking command in '/home/robofei/RoboIris/src/object_detector': PYTHONPATH=/home/robofei/RoboIris/build/object_detector/prefix_override:/usr/lib/python3/dist-packages/colcon_core/task/python/colcon_distutils_commands:/home/robofei/RoboIris/install/object_detector/lib/python3.10/site-packages:${PYTHONPATH} /usr/bin/python3 -W ignore:setup.py install is deprecated -W ignore:easy_install command is deprecated setup.py egg_info --egg-base ../../build/object_detector build --build-base /home/robofei/RoboIris/build/object_detector/build install --record /home/robofei/RoboIris/build/object_detector/install.log --single-version-externally-managed install_data --force
[1.148s] running egg_info
[1.148s] writing ../../build/object_detector/object_detector.egg-info/PKG-INFO
[1.148s] writing dependency_links to ../../build/object_detector/object_detector.egg-info/dependency_links.txt
[1.148s] writing entry points to ../../build/object_detector/object_detector.egg-info/entry_points.txt
[1.148s] writing requirements to ../../build/object_detector/object_detector.egg-info/requires.txt
[1.149s] writing top-level names to ../../build/object_detector/object_detector.egg-info/top_level.txt
[1.150s] reading manifest file '../../build/object_detector/object_detector.egg-info/SOURCES.txt'
[1.151s] writing manifest file '../../build/object_detector/object_detector.egg-info/SOURCES.txt'
[1.151s] running build
[1.151s] running build_py
[1.151s] creating /home/robofei/RoboIris/build/object_detector/build
[1.151s] creating /home/robofei/RoboIris/build/object_detector/build/lib
[1.152s] creating /home/robofei/RoboIris/build/object_detector/build/lib/object_detector
[1.152s] copying object_detector/object_detector_node.py -> /home/robofei/RoboIris/build/object_detector/build/lib/object_detector
[1.152s] copying object_detector/__init__.py -> /home/robofei/RoboIris/build/object_detector/build/lib/object_detector
[1.152s] running install
[1.152s] running install_lib
[1.152s] creating /home/robofei/RoboIris/install/object_detector/lib/python3.10/site-packages/object_detector
[1.152s] copying /home/robofei/RoboIris/build/object_detector/build/lib/object_detector/object_detector_node.py -> /home/robofei/RoboIris/install/object_detector/lib/python3.10/site-packages/object_detector
[1.152s] copying /home/robofei/RoboIris/build/object_detector/build/lib/object_detector/__init__.py -> /home/robofei/RoboIris/install/object_detector/lib/python3.10/site-packages/object_detector
[1.153s] byte-compiling /home/robofei/RoboIris/install/object_detector/lib/python3.10/site-packages/object_detector/object_detector_node.py to object_detector_node.cpython-310.pyc
[1.153s] byte-compiling /home/robofei/RoboIris/install/object_detector/lib/python3.10/site-packages/object_detector/__init__.py to __init__.cpython-310.pyc
[1.153s] running install_data
[1.153s] copying resource/object_detector -> /home/robofei/RoboIris/install/object_detector/share/ament_index/resource_index/packages
[1.153s] copying package.xml -> /home/robofei/RoboIris/install/object_detector/share/object_detector
[1.154s] running install_egg_info
[1.154s] Copying ../../build/object_detector/object_detector.egg-info to /home/robofei/RoboIris/install/object_detector/lib/python3.10/site-packages/object_detector-0.0.0-py3.10.egg-info
[1.155s] running install_scripts
[1.168s] Installing object_detector script to /home/robofei/RoboIris/install/object_detector/lib/object_detector
[1.169s] writing list of installed files to '/home/robofei/RoboIris/build/object_detector/install.log'
[1.191s] Invoked command in '/home/robofei/RoboIris/src/object_detector' returned '0': PYTHONPATH=/home/robofei/RoboIris/build/object_detector/prefix_override:/usr/lib/python3/dist-packages/colcon_core/task/python/colcon_distutils_commands:/home/robofei/RoboIris/install/object_detector/lib/python3.10/site-packages:${PYTHONPATH} /usr/bin/python3 -W ignore:setup.py install is deprecated -W ignore:easy_install command is deprecated setup.py egg_info --egg-base ../../build/object_detector build --build-base /home/robofei/RoboIris/build/object_detector/build install --record /home/robofei/RoboIris/build/object_detector/install.log --single-version-externally-managed install_data --force
