[17.947s] Invoking command in '/home/rasprobo1/RoboIris/src/arduino_bridge': PYTHONPATH=/home/rasprobo1/RoboIris/build/arduino_bridge/prefix_override:/usr/lib/python3/dist-packages/colcon_core/task/python/colcon_distutils_commands:/home/rasprobo1/RoboIris/install/arduino_bridge/lib/python3.10/site-packages:${PYTHONPATH} /usr/bin/python3 -W ignore:setup.py install is deprecated -W ignore:easy_install command is deprecated setup.py egg_info --egg-base ../../build/arduino_bridge build --build-base /home/rasprobo1/RoboIris/build/arduino_bridge/build install --record /home/rasprobo1/RoboIris/build/arduino_bridge/install.log --single-version-externally-managed install_data
[22.702s] running egg_info
[22.718s] writing ../../build/arduino_bridge/arduino_bridge.egg-info/PKG-INFO
[22.722s] writing dependency_links to ../../build/arduino_bridge/arduino_bridge.egg-info/dependency_links.txt
[22.725s] writing entry points to ../../build/arduino_bridge/arduino_bridge.egg-info/entry_points.txt
[22.728s] writing requirements to ../../build/arduino_bridge/arduino_bridge.egg-info/requires.txt
[22.732s] writing top-level names to ../../build/arduino_bridge/arduino_bridge.egg-info/top_level.txt
[22.750s] reading manifest file '../../build/arduino_bridge/arduino_bridge.egg-info/SOURCES.txt'
[22.761s] adding license file 'LICENSE'
[22.769s] writing manifest file '../../build/arduino_bridge/arduino_bridge.egg-info/SOURCES.txt'
[22.771s] running build
[22.772s] running build_py
[22.774s] running install
[22.781s] running install_lib
[22.797s] running install_data
[22.799s] running install_egg_info
[22.818s] removing '/home/rasprobo1/RoboIris/install/arduino_bridge/lib/python3.10/site-packages/arduino_bridge-0.0.0-py3.10.egg-info' (and everything under it)
[22.826s] Copying ../../build/arduino_bridge/arduino_bridge.egg-info to /home/rasprobo1/RoboIris/install/arduino_bridge/lib/python3.10/site-packages/arduino_bridge-0.0.0-py3.10.egg-info
[22.841s] running install_scripts
[23.064s] Installing arduino_bridge script to /home/rasprobo1/RoboIris/install/arduino_bridge/lib/arduino_bridge
[23.068s] writing list of installed files to '/home/rasprobo1/RoboIris/build/arduino_bridge/install.log'
[23.236s] Invoked command in '/home/rasprobo1/RoboIris/src/arduino_bridge' returned '0': PYTHONPATH=/home/rasprobo1/RoboIris/build/arduino_bridge/prefix_override:/usr/lib/python3/dist-packages/colcon_core/task/python/colcon_distutils_commands:/home/rasprobo1/RoboIris/install/arduino_bridge/lib/python3.10/site-packages:${PYTHONPATH} /usr/bin/python3 -W ignore:setup.py install is deprecated -W ignore:easy_install command is deprecated setup.py egg_info --egg-base ../../build/arduino_bridge build --build-base /home/rasprobo1/RoboIris/build/arduino_bridge/build install --record /home/rasprobo1/RoboIris/build/arduino_bridge/install.log --single-version-externally-managed install_data
