[0.665s] Invoking command in '/home/robofei/RoboIris/build/arduino_bridge': PYTHONPATH=/home/robofei/RoboIris/build/arduino_bridge/prefix_override:/usr/lib/python3/dist-packages/colcon_core/task/python/colcon_distutils_commands:/home/robofei/RoboIris/install/arduino_bridge/lib/python3.10/site-packages:${PYTHONPATH} /usr/bin/python3 -W ignore:setup.py install is deprecated -W ignore:easy_install command is deprecated setup.py develop --editable --build-directory /home/robofei/RoboIris/build/arduino_bridge/build --no-deps symlink_data
[0.830s] running develop
[0.928s] running egg_info
[0.928s] creating arduino_bridge.egg-info
[0.928s] writing arduino_bridge.egg-info/PKG-INFO
[0.929s] writing dependency_links to arduino_bridge.egg-info/dependency_links.txt
[0.929s] writing entry points to arduino_bridge.egg-info/entry_points.txt
[0.929s] writing requirements to arduino_bridge.egg-info/requires.txt
[0.929s] writing top-level names to arduino_bridge.egg-info/top_level.txt
[0.929s] writing manifest file 'arduino_bridge.egg-info/SOURCES.txt'
[0.930s] reading manifest file 'arduino_bridge.egg-info/SOURCES.txt'
[0.930s] writing manifest file 'arduino_bridge.egg-info/SOURCES.txt'
[0.931s] running build_ext
[0.931s] Creating /home/robofei/RoboIris/install/arduino_bridge/lib/python3.10/site-packages/arduino-bridge.egg-link (link to .)
[0.932s] Installing arduino_bridge script to /home/robofei/RoboIris/install/arduino_bridge/lib/arduino_bridge
[0.932s] 
[0.932s] Installed /home/robofei/RoboIris/build/arduino_bridge
[0.932s] running symlink_data
[0.932s] creating /home/robofei/RoboIris/install/arduino_bridge/share/ament_index
[0.932s] creating /home/robofei/RoboIris/install/arduino_bridge/share/ament_index/resource_index
[0.932s] creating /home/robofei/RoboIris/install/arduino_bridge/share/ament_index/resource_index/packages
[0.932s] symbolically linking /home/robofei/RoboIris/build/arduino_bridge/resource/arduino_bridge -> /home/robofei/RoboIris/install/arduino_bridge/share/ament_index/resource_index/packages
[0.932s] symbolically linking /home/robofei/RoboIris/build/arduino_bridge/package.xml -> /home/robofei/RoboIris/install/arduino_bridge/share/arduino_bridge
[0.968s] Invoked command in '/home/robofei/RoboIris/build/arduino_bridge' returned '0': PYTHONPATH=/home/robofei/RoboIris/build/arduino_bridge/prefix_override:/usr/lib/python3/dist-packages/colcon_core/task/python/colcon_distutils_commands:/home/robofei/RoboIris/install/arduino_bridge/lib/python3.10/site-packages:${PYTHONPATH} /usr/bin/python3 -W ignore:setup.py install is deprecated -W ignore:easy_install command is deprecated setup.py develop --editable --build-directory /home/robofei/RoboIris/build/arduino_bridge/build --no-deps symlink_data
