running egg_info
writing ../../build/face_detector/face_detector.egg-info/PKG-INFO
writing dependency_links to ../../build/face_detector/face_detector.egg-info/dependency_links.txt
writing entry points to ../../build/face_detector/face_detector.egg-info/entry_points.txt
writing requirements to ../../build/face_detector/face_detector.egg-info/requires.txt
writing top-level names to ../../build/face_detector/face_detector.egg-info/top_level.txt
reading manifest file '../../build/face_detector/face_detector.egg-info/SOURCES.txt'
writing manifest file '../../build/face_detector/face_detector.egg-info/SOURCES.txt'
running build
running build_py
copying face_detector/face_detector_node.py -> /home/rasprobo1/RoboIris/build/face_detector/build/lib/face_detector
running install
running install_lib
copying /home/rasprobo1/RoboIris/build/face_detector/build/lib/face_detector/face_detector_node.py -> /home/rasprobo1/RoboIris/install/face_detector/lib/python3.10/site-packages/face_detector
byte-compiling /home/rasprobo1/RoboIris/install/face_detector/lib/python3.10/site-packages/face_detector/face_detector_node.py to face_detector_node.cpython-310.pyc
running install_data
running install_egg_info
removing '/home/rasprobo1/RoboIris/install/face_detector/lib/python3.10/site-packages/face_detector-0.0.0-py3.10.egg-info' (and everything under it)
Copying ../../build/face_detector/face_detector.egg-info to /home/rasprobo1/RoboIris/install/face_detector/lib/python3.10/site-packages/face_detector-0.0.0-py3.10.egg-info
running install_scripts
Installing face_detector script to /home/rasprobo1/RoboIris/install/face_detector/lib/face_detector
writing list of installed files to '/home/rasprobo1/RoboIris/build/face_detector/install.log'
