[0.673s] Invoking command in '/home/robofei/RoboIris/src/object_detector': PYTHONPATH=/home/robofei/RoboIris/build/object_detector/prefix_override:/usr/lib/python3/dist-packages/colcon_core/task/python/colcon_distutils_commands:/home/robofei/RoboIris/install/object_detector/lib/python3.10/site-packages:${PYTHONPATH} /usr/bin/python3 -W ignore:setup.py install is deprecated -W ignore:easy_install command is deprecated setup.py egg_info --egg-base ../../build/object_detector build --build-base /home/robofei/RoboIris/build/object_detector/build install --record /home/robofei/RoboIris/build/object_detector/install.log --single-version-externally-managed install_data
[0.781s] /home/robofei/.local/lib/python3.10/site-packages/setuptools/_distutils/dist.py:289: UserWarning: Unknown distribution option: 'tests_require'
[0.781s]   warnings.warn(msg)
[0.847s] running egg_info
[0.858s] writing ../../build/object_detector/object_detector.egg-info/PKG-INFO
[0.863s] writing dependency_links to ../../build/object_detector/object_detector.egg-info/dependency_links.txt
[0.863s] writing entry points to ../../build/object_detector/object_detector.egg-info/entry_points.txt
[0.863s] writing requirements to ../../build/object_detector/object_detector.egg-info/requires.txt
[0.863s] writing top-level names to ../../build/object_detector/object_detector.egg-info/top_level.txt
[0.886s] reading manifest file '../../build/object_detector/object_detector.egg-info/SOURCES.txt'
[0.887s] writing manifest file '../../build/object_detector/object_detector.egg-info/SOURCES.txt'
[0.887s] running build
[0.887s] running build_py
[0.887s] copying object_detector/object_detector_node.py -> /home/robofei/RoboIris/build/object_detector/build/lib/object_detector
[0.888s] copying object_detector/__init__.py -> /home/robofei/RoboIris/build/object_detector/build/lib/object_detector
[0.888s] running install
[0.891s] running install_lib
[0.902s] running install_data
[0.903s] copying resource/object_detector -> /home/robofei/RoboIris/install/object_detector/share/ament_index/resource_index/packages
[0.903s] copying package.xml -> /home/robofei/RoboIris/install/object_detector/share/object_detector
[0.903s] running install_egg_info
[0.915s] removing '/home/robofei/RoboIris/install/object_detector/lib/python3.10/site-packages/object_detector-0.0.0-py3.10.egg-info' (and everything under it)
[0.915s] Copying ../../build/object_detector/object_detector.egg-info to /home/robofei/RoboIris/install/object_detector/lib/python3.10/site-packages/object_detector-0.0.0-py3.10.egg-info
[0.916s] running install_scripts
[0.940s] Installing object_detector script to /home/robofei/RoboIris/install/object_detector/lib/object_detector
[0.940s] writing list of installed files to '/home/robofei/RoboIris/build/object_detector/install.log'
[0.961s] Invoked command in '/home/robofei/RoboIris/src/object_detector' returned '0': PYTHONPATH=/home/robofei/RoboIris/build/object_detector/prefix_override:/usr/lib/python3/dist-packages/colcon_core/task/python/colcon_distutils_commands:/home/robofei/RoboIris/install/object_detector/lib/python3.10/site-packages:${PYTHONPATH} /usr/bin/python3 -W ignore:setup.py install is deprecated -W ignore:easy_install command is deprecated setup.py egg_info --egg-base ../../build/object_detector build --build-base /home/robofei/RoboIris/build/object_detector/build install --record /home/robofei/RoboIris/build/object_detector/install.log --single-version-externally-managed install_data
