[0.675s] Invoking command in '/home/robofei/RoboIris/src/face_detector': PYTHONPATH=/home/robofei/RoboIris/build/face_detector/prefix_override:/usr/lib/python3/dist-packages/colcon_core/task/python/colcon_distutils_commands:/home/robofei/RoboIris/install/face_detector/lib/python3.10/site-packages:${PYTHONPATH} /usr/bin/python3 -W ignore:setup.py install is deprecated -W ignore:easy_install command is deprecated setup.py egg_info --egg-base ../../build/face_detector build --build-base /home/robofei/RoboIris/build/face_detector/build install --record /home/robofei/RoboIris/build/face_detector/install.log --single-version-externally-managed install_data
[0.780s] /home/robofei/.local/lib/python3.10/site-packages/setuptools/_distutils/dist.py:289: UserWarning: Unknown distribution option: 'tests_require'
[0.780s]   warnings.warn(msg)
[0.844s] running egg_info
[0.855s] writing ../../build/face_detector/face_detector.egg-info/PKG-INFO
[0.855s] writing dependency_links to ../../build/face_detector/face_detector.egg-info/dependency_links.txt
[0.855s] writing entry points to ../../build/face_detector/face_detector.egg-info/entry_points.txt
[0.855s] writing requirements to ../../build/face_detector/face_detector.egg-info/requires.txt
[0.855s] writing top-level names to ../../build/face_detector/face_detector.egg-info/top_level.txt
[0.877s] reading manifest file '../../build/face_detector/face_detector.egg-info/SOURCES.txt'
[0.878s] writing manifest file '../../build/face_detector/face_detector.egg-info/SOURCES.txt'
[0.878s] running build
[0.878s] running build_py
[0.878s] copying face_detector/face_detector_node.py -> /home/robofei/RoboIris/build/face_detector/build/lib/face_detector
[0.878s] copying face_detector/__init__.py -> /home/robofei/RoboIris/build/face_detector/build/lib/face_detector
[0.879s] running install
[0.882s] running install_lib
[0.893s] running install_data
[0.893s] copying resource/face_detector -> /home/robofei/RoboIris/install/face_detector/share/ament_index/resource_index/packages
[0.893s] copying package.xml -> /home/robofei/RoboIris/install/face_detector/share/face_detector
[0.893s] running install_egg_info
[0.904s] removing '/home/robofei/RoboIris/install/face_detector/lib/python3.10/site-packages/face_detector-0.0.0-py3.10.egg-info' (and everything under it)
[0.904s] Copying ../../build/face_detector/face_detector.egg-info to /home/robofei/RoboIris/install/face_detector/lib/python3.10/site-packages/face_detector-0.0.0-py3.10.egg-info
[0.905s] running install_scripts
[0.927s] Installing face_detector script to /home/robofei/RoboIris/install/face_detector/lib/face_detector
[0.927s] writing list of installed files to '/home/robofei/RoboIris/build/face_detector/install.log'
[0.953s] Invoked command in '/home/robofei/RoboIris/src/face_detector' returned '0': PYTHONPATH=/home/robofei/RoboIris/build/face_detector/prefix_override:/usr/lib/python3/dist-packages/colcon_core/task/python/colcon_distutils_commands:/home/robofei/RoboIris/install/face_detector/lib/python3.10/site-packages:${PYTHONPATH} /usr/bin/python3 -W ignore:setup.py install is deprecated -W ignore:easy_install command is deprecated setup.py egg_info --egg-base ../../build/face_detector build --build-base /home/robofei/RoboIris/build/face_detector/build install --record /home/robofei/RoboIris/build/face_detector/install.log --single-version-externally-managed install_data
