running egg_info
creating ../../build/object_detector/object_detector.egg-info
writing ../../build/object_detector/object_detector.egg-info/PKG-INFO
writing dependency_links to ../../build/object_detector/object_detector.egg-info/dependency_links.txt
writing entry points to ../../build/object_detector/object_detector.egg-info/entry_points.txt
writing requirements to ../../build/object_detector/object_detector.egg-info/requires.txt
writing top-level names to ../../build/object_detector/object_detector.egg-info/top_level.txt
writing manifest file '../../build/object_detector/object_detector.egg-info/SOURCES.txt'
reading manifest file '../../build/object_detector/object_detector.egg-info/SOURCES.txt'
writing manifest file '../../build/object_detector/object_detector.egg-info/SOURCES.txt'
running build
running build_py
creating /home/robofei/RoboIris/build/object_detector/build
creating /home/robofei/RoboIris/build/object_detector/build/lib
creating /home/robofei/RoboIris/build/object_detector/build/lib/object_detector
copying object_detector/__init__.py -> /home/robofei/RoboIris/build/object_detector/build/lib/object_detector
copying object_detector/object_detector_node.py -> /home/robofei/RoboIris/build/object_detector/build/lib/object_detector
running install
running install_lib
creating /home/robofei/RoboIris/install/object_detector/lib/python3.10/site-packages/object_detector
copying /home/robofei/RoboIris/build/object_detector/build/lib/object_detector/__init__.py -> /home/robofei/RoboIris/install/object_detector/lib/python3.10/site-packages/object_detector
copying /home/robofei/RoboIris/build/object_detector/build/lib/object_detector/object_detector_node.py -> /home/robofei/RoboIris/install/object_detector/lib/python3.10/site-packages/object_detector
byte-compiling /home/robofei/RoboIris/install/object_detector/lib/python3.10/site-packages/object_detector/__init__.py to __init__.cpython-310.pyc
byte-compiling /home/robofei/RoboIris/install/object_detector/lib/python3.10/site-packages/object_detector/object_detector_node.py to object_detector_node.cpython-310.pyc
running install_data
creating /home/robofei/RoboIris/install/object_detector/share/ament_index
creating /home/robofei/RoboIris/install/object_detector/share/ament_index/resource_index
creating /home/robofei/RoboIris/install/object_detector/share/ament_index/resource_index/packages
copying resource/object_detector -> /home/robofei/RoboIris/install/object_detector/share/ament_index/resource_index/packages
copying package.xml -> /home/robofei/RoboIris/install/object_detector/share/object_detector
running install_egg_info
Copying ../../build/object_detector/object_detector.egg-info to /home/robofei/RoboIris/install/object_detector/lib/python3.10/site-packages/object_detector-0.0.0-py3.10.egg-info
running install_scripts
Installing object_detector script to /home/robofei/RoboIris/install/object_detector/lib/object_detector
writing list of installed files to '/home/robofei/RoboIris/build/object_detector/install.log'
