[2.165s] Invoking command in '/home/robofei/RoboIris/src/object_detector': PYTHONPATH=/home/robofei/RoboIris/build/object_detector/prefix_override:/usr/lib/python3/dist-packages/colcon_core/task/python/colcon_distutils_commands:/home/robofei/RoboIris/install/object_detector/lib/python3.10/site-packages:${PYTHONPATH} /usr/bin/python3 -W ignore:setup.py install is deprecated -W ignore:easy_install command is deprecated setup.py egg_info --egg-base ../../build/object_detector build --build-base /home/robofei/RoboIris/build/object_detector/build install --record /home/robofei/RoboIris/build/object_detector/install.log --single-version-externally-managed install_data
[2.476s] running egg_info
[2.477s] creating ../../build/object_detector/object_detector.egg-info
[2.477s] writing ../../build/object_detector/object_detector.egg-info/PKG-INFO
[2.477s] writing dependency_links to ../../build/object_detector/object_detector.egg-info/dependency_links.txt
[2.477s] writing entry points to ../../build/object_detector/object_detector.egg-info/entry_points.txt
[2.478s] writing requirements to ../../build/object_detector/object_detector.egg-info/requires.txt
[2.478s] writing top-level names to ../../build/object_detector/object_detector.egg-info/top_level.txt
[2.478s] writing manifest file '../../build/object_detector/object_detector.egg-info/SOURCES.txt'
[2.480s] reading manifest file '../../build/object_detector/object_detector.egg-info/SOURCES.txt'
[2.481s] writing manifest file '../../build/object_detector/object_detector.egg-info/SOURCES.txt'
[2.482s] running build
[2.482s] running build_py
[2.482s] creating /home/robofei/RoboIris/build/object_detector/build
[2.482s] creating /home/robofei/RoboIris/build/object_detector/build/lib
[2.482s] creating /home/robofei/RoboIris/build/object_detector/build/lib/object_detector
[2.483s] copying object_detector/__init__.py -> /home/robofei/RoboIris/build/object_detector/build/lib/object_detector
[2.483s] copying object_detector/object_detector_node.py -> /home/robofei/RoboIris/build/object_detector/build/lib/object_detector
[2.483s] running install
[2.483s] running install_lib
[2.485s] creating /home/robofei/RoboIris/install/object_detector/lib/python3.10/site-packages/object_detector
[2.485s] copying /home/robofei/RoboIris/build/object_detector/build/lib/object_detector/__init__.py -> /home/robofei/RoboIris/install/object_detector/lib/python3.10/site-packages/object_detector
[2.485s] copying /home/robofei/RoboIris/build/object_detector/build/lib/object_detector/object_detector_node.py -> /home/robofei/RoboIris/install/object_detector/lib/python3.10/site-packages/object_detector
[2.486s] byte-compiling /home/robofei/RoboIris/install/object_detector/lib/python3.10/site-packages/object_detector/__init__.py to __init__.cpython-310.pyc
[2.486s] byte-compiling /home/robofei/RoboIris/install/object_detector/lib/python3.10/site-packages/object_detector/object_detector_node.py to object_detector_node.cpython-310.pyc
[2.487s] running install_data
[2.487s] creating /home/robofei/RoboIris/install/object_detector/share/ament_index
[2.487s] creating /home/robofei/RoboIris/install/object_detector/share/ament_index/resource_index
[2.488s] creating /home/robofei/RoboIris/install/object_detector/share/ament_index/resource_index/packages
[2.488s] copying resource/object_detector -> /home/robofei/RoboIris/install/object_detector/share/ament_index/resource_index/packages
[2.488s] copying package.xml -> /home/robofei/RoboIris/install/object_detector/share/object_detector
[2.488s] running install_egg_info
[2.492s] Copying ../../build/object_detector/object_detector.egg-info to /home/robofei/RoboIris/install/object_detector/lib/python3.10/site-packages/object_detector-0.0.0-py3.10.egg-info
[2.493s] running install_scripts
[2.519s] Installing object_detector script to /home/robofei/RoboIris/install/object_detector/lib/object_detector
[2.520s] writing list of installed files to '/home/robofei/RoboIris/build/object_detector/install.log'
[2.556s] Invoked command in '/home/robofei/RoboIris/src/object_detector' returned '0': PYTHONPATH=/home/robofei/RoboIris/build/object_detector/prefix_override:/usr/lib/python3/dist-packages/colcon_core/task/python/colcon_distutils_commands:/home/robofei/RoboIris/install/object_detector/lib/python3.10/site-packages:${PYTHONPATH} /usr/bin/python3 -W ignore:setup.py install is deprecated -W ignore:easy_install command is deprecated setup.py egg_info --egg-base ../../build/object_detector build --build-base /home/robofei/RoboIris/build/object_detector/build install --record /home/robofei/RoboIris/build/object_detector/install.log --single-version-externally-managed install_data
