[17.064s] Invoking command in '/home/rasprobo1/RoboIris/src/object_detector': PYTHONPATH=/home/rasprobo1/RoboIris/build/object_detector/prefix_override:/usr/lib/python3/dist-packages/colcon_core/task/python/colcon_distutils_commands:/home/rasprobo1/RoboIris/install/object_detector/lib/python3.10/site-packages:${PYTHONPATH} /usr/bin/python3 -W ignore:setup.py install is deprecated -W ignore:easy_install command is deprecated setup.py egg_info --egg-base ../../build/object_detector build --build-base /home/rasprobo1/RoboIris/build/object_detector/build install --record /home/rasprobo1/RoboIris/build/object_detector/install.log --single-version-externally-managed install_data
[21.144s] running egg_info
[21.152s] writing ../../build/object_detector/object_detector.egg-info/PKG-INFO
[21.163s] writing dependency_links to ../../build/object_detector/object_detector.egg-info/dependency_links.txt
[21.173s] writing entry points to ../../build/object_detector/object_detector.egg-info/entry_points.txt
[21.187s] writing requirements to ../../build/object_detector/object_detector.egg-info/requires.txt
[21.188s] writing top-level names to ../../build/object_detector/object_detector.egg-info/top_level.txt
[21.192s] reading manifest file '../../build/object_detector/object_detector.egg-info/SOURCES.txt'
[21.196s] writing manifest file '../../build/object_detector/object_detector.egg-info/SOURCES.txt'
[21.197s] running build
[21.198s] running build_py
[21.203s] running install
[21.244s] running install_lib
[21.247s] running install_data
[21.249s] running install_egg_info
[21.265s] removing '/home/rasprobo1/RoboIris/install/object_detector/lib/python3.10/site-packages/object_detector-0.0.0-py3.10.egg-info' (and everything under it)
[21.266s] Copying ../../build/object_detector/object_detector.egg-info to /home/rasprobo1/RoboIris/install/object_detector/lib/python3.10/site-packages/object_detector-0.0.0-py3.10.egg-info
[21.307s] running install_scripts
[21.576s] Installing object_detector script to /home/rasprobo1/RoboIris/install/object_detector/lib/object_detector
[21.584s] writing list of installed files to '/home/rasprobo1/RoboIris/build/object_detector/install.log'
[21.951s] Invoked command in '/home/rasprobo1/RoboIris/src/object_detector' returned '0': PYTHONPATH=/home/rasprobo1/RoboIris/build/object_detector/prefix_override:/usr/lib/python3/dist-packages/colcon_core/task/python/colcon_distutils_commands:/home/rasprobo1/RoboIris/install/object_detector/lib/python3.10/site-packages:${PYTHONPATH} /usr/bin/python3 -W ignore:setup.py install is deprecated -W ignore:easy_install command is deprecated setup.py egg_info --egg-base ../../build/object_detector build --build-base /home/rasprobo1/RoboIris/build/object_detector/build install --record /home/rasprobo1/RoboIris/build/object_detector/install.log --single-version-externally-managed install_data
