running develop
running egg_info
creating object_detector.egg-info
writing object_detector.egg-info/PKG-INFO
writing dependency_links to object_detector.egg-info/dependency_links.txt
writing entry points to object_detector.egg-info/entry_points.txt
writing requirements to object_detector.egg-info/requires.txt
writing top-level names to object_detector.egg-info/top_level.txt
writing manifest file 'object_detector.egg-info/SOURCES.txt'
reading manifest file 'object_detector.egg-info/SOURCES.txt'
writing manifest file 'object_detector.egg-info/SOURCES.txt'
running build_ext
Creating /home/robofei/RoboIris/install/object_detector/lib/python3.10/site-packages/object-detector.egg-link (link to .)
Installing object_detector script to /home/robofei/RoboIris/install/object_detector/lib/object_detector

Installed /home/robofei/RoboIris/build/object_detector
running symlink_data
creating /home/robofei/RoboIris/install/object_detector/share/ament_index
creating /home/robofei/RoboIris/install/object_detector/share/ament_index/resource_index
creating /home/robofei/RoboIris/install/object_detector/share/ament_index/resource_index/packages
symbolically linking /home/robofei/RoboIris/build/object_detector/resource/object_detector -> /home/robofei/RoboIris/install/object_detector/share/ament_index/resource_index/packages
symbolically linking /home/robofei/RoboIris/build/object_detector/package.xml -> /home/robofei/RoboIris/install/object_detector/share/object_detector
