[0.686s] Invoking command in '/home/robofei/RoboIris/build/object_detector': PYTHONPATH=/home/robofei/RoboIris/build/object_detector/prefix_override:/usr/lib/python3/dist-packages/colcon_core/task/python/colcon_distutils_commands:/home/robofei/RoboIris/install/object_detector/lib/python3.10/site-packages:${PYTHONPATH} /usr/bin/python3 -W ignore:setup.py install is deprecated -W ignore:easy_install command is deprecated setup.py develop --editable --build-directory /home/robofei/RoboIris/build/object_detector/build --no-deps symlink_data
[0.852s] running develop
[0.954s] running egg_info
[0.955s] creating object_detector.egg-info
[0.955s] writing object_detector.egg-info/PKG-INFO
[0.955s] writing dependency_links to object_detector.egg-info/dependency_links.txt
[0.955s] writing entry points to object_detector.egg-info/entry_points.txt
[0.955s] writing requirements to object_detector.egg-info/requires.txt
[0.955s] writing top-level names to object_detector.egg-info/top_level.txt
[0.955s] writing manifest file 'object_detector.egg-info/SOURCES.txt'
[0.956s] reading manifest file 'object_detector.egg-info/SOURCES.txt'
[0.957s] writing manifest file 'object_detector.egg-info/SOURCES.txt'
[0.958s] running build_ext
[0.958s] Creating /home/robofei/RoboIris/install/object_detector/lib/python3.10/site-packages/object-detector.egg-link (link to .)
[0.958s] Installing object_detector script to /home/robofei/RoboIris/install/object_detector/lib/object_detector
[0.958s] 
[0.958s] Installed /home/robofei/RoboIris/build/object_detector
[0.958s] running symlink_data
[0.958s] creating /home/robofei/RoboIris/install/object_detector/share/ament_index
[0.959s] creating /home/robofei/RoboIris/install/object_detector/share/ament_index/resource_index
[0.959s] creating /home/robofei/RoboIris/install/object_detector/share/ament_index/resource_index/packages
[0.959s] symbolically linking /home/robofei/RoboIris/build/object_detector/resource/object_detector -> /home/robofei/RoboIris/install/object_detector/share/ament_index/resource_index/packages
[0.959s] symbolically linking /home/robofei/RoboIris/build/object_detector/package.xml -> /home/robofei/RoboIris/install/object_detector/share/object_detector
[0.979s] Invoked command in '/home/robofei/RoboIris/build/object_detector' returned '0': PYTHONPATH=/home/robofei/RoboIris/build/object_detector/prefix_override:/usr/lib/python3/dist-packages/colcon_core/task/python/colcon_distutils_commands:/home/robofei/RoboIris/install/object_detector/lib/python3.10/site-packages:${PYTHONPATH} /usr/bin/python3 -W ignore:setup.py install is deprecated -W ignore:easy_install command is deprecated setup.py develop --editable --build-directory /home/robofei/RoboIris/build/object_detector/build --no-deps symlink_data
