[0.686s] Invoking command in '/home/robofei/RoboIris/build/face_detector': PYTHONPATH=/home/robofei/RoboIris/build/face_detector/prefix_override:/usr/lib/python3/dist-packages/colcon_core/task/python/colcon_distutils_commands:/home/robofei/RoboIris/install/face_detector/lib/python3.10/site-packages:${PYTHONPATH} /usr/bin/python3 -W ignore:setup.py install is deprecated -W ignore:easy_install command is deprecated setup.py develop --uninstall --editable --build-directory /home/robofei/RoboIris/build/face_detector/build
[0.857s] running develop
[0.963s] Removing /home/robofei/RoboIris/install/face_detector/lib/python3.10/site-packages/face-detector.egg-link (link to .)
[0.993s] Invoked command in '/home/robofei/RoboIris/build/face_detector' returned '0': PYTHONPATH=/home/robofei/RoboIris/build/face_detector/prefix_override:/usr/lib/python3/dist-packages/colcon_core/task/python/colcon_distutils_commands:/home/robofei/RoboIris/install/face_detector/lib/python3.10/site-packages:${PYTHONPATH} /usr/bin/python3 -W ignore:setup.py install is deprecated -W ignore:easy_install command is deprecated setup.py develop --uninstall --editable --build-directory /home/robofei/RoboIris/build/face_detector/build
[0.994s] Invoking command in '/home/robofei/RoboIris/src/face_detector': PYTHONPATH=/home/robofei/RoboIris/build/face_detector/prefix_override:/usr/lib/python3/dist-packages/colcon_core/task/python/colcon_distutils_commands:/home/robofei/RoboIris/install/face_detector/lib/python3.10/site-packages:${PYTHONPATH} /usr/bin/python3 -W ignore:setup.py install is deprecated -W ignore:easy_install command is deprecated setup.py egg_info --egg-base ../../build/face_detector build --build-base /home/robofei/RoboIris/build/face_detector/build install --record /home/robofei/RoboIris/build/face_detector/install.log --single-version-externally-managed install_data --force
[1.151s] running egg_info
[1.151s] writing ../../build/face_detector/face_detector.egg-info/PKG-INFO
[1.152s] writing dependency_links to ../../build/face_detector/face_detector.egg-info/dependency_links.txt
[1.152s] writing entry points to ../../build/face_detector/face_detector.egg-info/entry_points.txt
[1.152s] writing requirements to ../../build/face_detector/face_detector.egg-info/requires.txt
[1.152s] writing top-level names to ../../build/face_detector/face_detector.egg-info/top_level.txt
[1.153s] reading manifest file '../../build/face_detector/face_detector.egg-info/SOURCES.txt'
[1.154s] writing manifest file '../../build/face_detector/face_detector.egg-info/SOURCES.txt'
[1.154s] running build
[1.154s] running build_py
[1.155s] creating /home/robofei/RoboIris/build/face_detector/build
[1.155s] creating /home/robofei/RoboIris/build/face_detector/build/lib
[1.155s] creating /home/robofei/RoboIris/build/face_detector/build/lib/face_detector
[1.155s] copying face_detector/face_detector_node.py -> /home/robofei/RoboIris/build/face_detector/build/lib/face_detector
[1.155s] copying face_detector/__init__.py -> /home/robofei/RoboIris/build/face_detector/build/lib/face_detector
[1.156s] running install
[1.156s] running install_lib
[1.156s] creating /home/robofei/RoboIris/install/face_detector/lib/python3.10/site-packages/face_detector
[1.156s] copying /home/robofei/RoboIris/build/face_detector/build/lib/face_detector/face_detector_node.py -> /home/robofei/RoboIris/install/face_detector/lib/python3.10/site-packages/face_detector
[1.156s] copying /home/robofei/RoboIris/build/face_detector/build/lib/face_detector/__init__.py -> /home/robofei/RoboIris/install/face_detector/lib/python3.10/site-packages/face_detector
[1.156s] byte-compiling /home/robofei/RoboIris/install/face_detector/lib/python3.10/site-packages/face_detector/face_detector_node.py to face_detector_node.cpython-310.pyc
[1.156s] byte-compiling /home/robofei/RoboIris/install/face_detector/lib/python3.10/site-packages/face_detector/__init__.py to __init__.cpython-310.pyc
[1.156s] running install_data
[1.156s] copying resource/face_detector -> /home/robofei/RoboIris/install/face_detector/share/ament_index/resource_index/packages
[1.156s] copying package.xml -> /home/robofei/RoboIris/install/face_detector/share/face_detector
[1.157s] running install_egg_info
[1.157s] Copying ../../build/face_detector/face_detector.egg-info to /home/robofei/RoboIris/install/face_detector/lib/python3.10/site-packages/face_detector-0.0.0-py3.10.egg-info
[1.158s] running install_scripts
[1.171s] Installing face_detector script to /home/robofei/RoboIris/install/face_detector/lib/face_detector
[1.172s] writing list of installed files to '/home/robofei/RoboIris/build/face_detector/install.log'
[1.201s] Invoked command in '/home/robofei/RoboIris/src/face_detector' returned '0': PYTHONPATH=/home/robofei/RoboIris/build/face_detector/prefix_override:/usr/lib/python3/dist-packages/colcon_core/task/python/colcon_distutils_commands:/home/robofei/RoboIris/install/face_detector/lib/python3.10/site-packages:${PYTHONPATH} /usr/bin/python3 -W ignore:setup.py install is deprecated -W ignore:easy_install command is deprecated setup.py egg_info --egg-base ../../build/face_detector build --build-base /home/robofei/RoboIris/build/face_detector/build install --record /home/robofei/RoboIris/build/face_detector/install.log --single-version-externally-managed install_data --force
