[0.331s] Invoking command in '/home/murilo/robo_iris_ws/src/arduino_bridge': PYTHONPATH=/home/murilo/robo_iris_ws/build/arduino_bridge/prefix_override:/usr/lib/python3/dist-packages/colcon_core/task/python/colcon_distutils_commands:/home/murilo/robo_iris_ws/install/arduino_bridge/lib/python3.10/site-packages:${PYTHONPATH} /usr/bin/python3 -W ignore:setup.py install is deprecated -W ignore:easy_install command is deprecated setup.py egg_info --egg-base ../../build/arduino_bridge build --build-base /home/murilo/robo_iris_ws/build/arduino_bridge/build install --record /home/murilo/robo_iris_ws/build/arduino_bridge/install.log --single-version-externally-managed install_data
[0.462s] running egg_info
[0.462s] writing ../../build/arduino_bridge/arduino_bridge.egg-info/PKG-INFO
[0.463s] writing dependency_links to ../../build/arduino_bridge/arduino_bridge.egg-info/dependency_links.txt
[0.463s] writing entry points to ../../build/arduino_bridge/arduino_bridge.egg-info/entry_points.txt
[0.463s] writing requirements to ../../build/arduino_bridge/arduino_bridge.egg-info/requires.txt
[0.463s] writing top-level names to ../../build/arduino_bridge/arduino_bridge.egg-info/top_level.txt
[0.464s] reading manifest file '../../build/arduino_bridge/arduino_bridge.egg-info/SOURCES.txt'
[0.464s] adding license file 'LICENSE'
[0.464s] writing manifest file '../../build/arduino_bridge/arduino_bridge.egg-info/SOURCES.txt'
[0.464s] running build
[0.464s] running build_py
[0.464s] running install
[0.464s] running install_lib
[0.465s] running install_data
[0.465s] running install_egg_info
[0.466s] removing '/home/murilo/robo_iris_ws/install/arduino_bridge/lib/python3.10/site-packages/arduino_bridge-0.0.0-py3.10.egg-info' (and everything under it)
[0.466s] Copying ../../build/arduino_bridge/arduino_bridge.egg-info to /home/murilo/robo_iris_ws/install/arduino_bridge/lib/python3.10/site-packages/arduino_bridge-0.0.0-py3.10.egg-info
[0.467s] running install_scripts
[0.479s] Installing arduino_bridge script to /home/murilo/robo_iris_ws/install/arduino_bridge/lib/arduino_bridge
[0.479s] writing list of installed files to '/home/murilo/robo_iris_ws/build/arduino_bridge/install.log'
[0.493s] Invoked command in '/home/murilo/robo_iris_ws/src/arduino_bridge' returned '0': PYTHONPATH=/home/murilo/robo_iris_ws/build/arduino_bridge/prefix_override:/usr/lib/python3/dist-packages/colcon_core/task/python/colcon_distutils_commands:/home/murilo/robo_iris_ws/install/arduino_bridge/lib/python3.10/site-packages:${PYTHONPATH} /usr/bin/python3 -W ignore:setup.py install is deprecated -W ignore:easy_install command is deprecated setup.py egg_info --egg-base ../../build/arduino_bridge build --build-base /home/murilo/robo_iris_ws/build/arduino_bridge/build install --record /home/murilo/robo_iris_ws/build/arduino_bridge/install.log --single-version-externally-managed install_data
