[0.061s] DEBUG:colcon:Command line arguments: ['/usr/bin/colcon', 'build', '--symlink-install']
[0.061s] DEBUG:colcon:Parsed command line arguments: Namespace(log_base=None, log_level=None, verb_name='build', build_base='build', install_base='install', merge_install=False, symlink_install=True, test_result_base=None, continue_on_error=False, executor='parallel', parallel_workers=8, event_handlers=None, ignore_user_meta=False, metas=['./colcon.meta'], base_paths=['.'], packages_ignore=None, packages_ignore_regex=None, paths=None, packages_up_to=None, packages_up_to_regex=None, packages_above=None, packages_above_and_dependencies=None, packages_above_depth=None, packages_select_by_dep=None, packages_skip_by_dep=None, packages_skip_up_to=None, packages_select_build_failed=False, packages_skip_build_finished=False, packages_select_test_failures=False, packages_skip_test_passed=False, packages_select=None, packages_skip=None, packages_select_regex=None, packages_skip_regex=None, packages_start=None, packages_end=None, allow_overriding=[], cmake_args=None, cmake_target=None, cmake_target_skip_unavailable=False, cmake_clean_cache=False, cmake_clean_first=False, cmake_force_configure=False, ament_cmake_args=None, catkin_cmake_args=None, catkin_skip_building_tests=False, mixin_files=None, mixin=None, verb_parser=<colcon_mixin.mixin.mixin_argument.MixinArgumentDecorator object at 0x7593c9901900>, verb_extension=<colcon_core.verb.build.BuildVerb object at 0x7593c9901300>, main=<bound method BuildVerb.main of <colcon_core.verb.build.BuildVerb object at 0x7593c9901300>>, mixin_verb=('build',))
[0.152s] Level 1:colcon.colcon_core.package_discovery:discover_packages(colcon_meta) check parameters
[0.153s] Level 1:colcon.colcon_core.package_discovery:discover_packages(recursive) check parameters
[0.153s] Level 1:colcon.colcon_core.package_discovery:discover_packages(ignore) check parameters
[0.153s] Level 1:colcon.colcon_core.package_discovery:discover_packages(path) check parameters
[0.153s] Level 1:colcon.colcon_core.package_discovery:discover_packages(colcon_meta) discover
[0.153s] Level 1:colcon.colcon_core.package_discovery:discover_packages(recursive) discover
[0.153s] INFO:colcon.colcon_core.package_discovery:Crawling recursively for packages in '/home/robofei/RoboIris'
[0.153s] Level 1:colcon.colcon_core.package_identification:_identify(.) by extensions ['ignore', 'ignore_ament_install']
[0.153s] Level 1:colcon.colcon_core.package_identification:_identify(.) by extension 'ignore'
[0.153s] Level 1:colcon.colcon_core.package_identification:_identify(.) by extension 'ignore_ament_install'
[0.153s] Level 1:colcon.colcon_core.package_identification:_identify(.) by extensions ['colcon_pkg']
[0.153s] Level 1:colcon.colcon_core.package_identification:_identify(.) by extension 'colcon_pkg'
[0.153s] Level 1:colcon.colcon_core.package_identification:_identify(.) by extensions ['colcon_meta']
[0.153s] Level 1:colcon.colcon_core.package_identification:_identify(.) by extension 'colcon_meta'
[0.153s] Level 1:colcon.colcon_core.package_identification:_identify(.) by extensions ['ros']
[0.153s] Level 1:colcon.colcon_core.package_identification:_identify(.) by extension 'ros'
[0.159s] Level 1:colcon.colcon_core.package_identification:_identify(.) by extensions ['cmake', 'python']
[0.159s] Level 1:colcon.colcon_core.package_identification:_identify(.) by extension 'cmake'
[0.159s] Level 1:colcon.colcon_core.package_identification:_identify(.) by extension 'python'
[0.159s] Level 1:colcon.colcon_core.package_identification:_identify(.) by extensions ['python_setup_py']
[0.159s] Level 1:colcon.colcon_core.package_identification:_identify(.) by extension 'python_setup_py'
[0.159s] Level 1:colcon.colcon_core.package_identification:_identify(build) by extensions ['ignore', 'ignore_ament_install']
[0.159s] Level 1:colcon.colcon_core.package_identification:_identify(build) by extension 'ignore'
[0.159s] Level 1:colcon.colcon_core.package_identification:_identify(build) ignored
[0.159s] Level 1:colcon.colcon_core.package_identification:_identify(install) by extensions ['ignore', 'ignore_ament_install']
[0.159s] Level 1:colcon.colcon_core.package_identification:_identify(install) by extension 'ignore'
[0.159s] Level 1:colcon.colcon_core.package_identification:_identify(install) ignored
[0.160s] Level 1:colcon.colcon_core.package_identification:_identify(log) by extensions ['ignore', 'ignore_ament_install']
[0.160s] Level 1:colcon.colcon_core.package_identification:_identify(log) by extension 'ignore'
[0.160s] Level 1:colcon.colcon_core.package_identification:_identify(log) ignored
[0.160s] Level 1:colcon.colcon_core.package_identification:_identify(src) by extensions ['ignore', 'ignore_ament_install']
[0.160s] Level 1:colcon.colcon_core.package_identification:_identify(src) by extension 'ignore'
[0.160s] Level 1:colcon.colcon_core.package_identification:_identify(src) by extension 'ignore_ament_install'
[0.160s] Level 1:colcon.colcon_core.package_identification:_identify(src) by extensions ['colcon_pkg']
[0.160s] Level 1:colcon.colcon_core.package_identification:_identify(src) by extension 'colcon_pkg'
[0.160s] Level 1:colcon.colcon_core.package_identification:_identify(src) by extensions ['colcon_meta']
[0.160s] Level 1:colcon.colcon_core.package_identification:_identify(src) by extension 'colcon_meta'
[0.160s] Level 1:colcon.colcon_core.package_identification:_identify(src) by extensions ['ros']
[0.160s] Level 1:colcon.colcon_core.package_identification:_identify(src) by extension 'ros'
[0.160s] Level 1:colcon.colcon_core.package_identification:_identify(src) by extensions ['cmake', 'python']
[0.160s] Level 1:colcon.colcon_core.package_identification:_identify(src) by extension 'cmake'
[0.160s] Level 1:colcon.colcon_core.package_identification:_identify(src) by extension 'python'
[0.160s] Level 1:colcon.colcon_core.package_identification:_identify(src) by extensions ['python_setup_py']
[0.160s] Level 1:colcon.colcon_core.package_identification:_identify(src) by extension 'python_setup_py'
[0.160s] Level 1:colcon.colcon_core.package_identification:_identify(src/arduino_bridge) by extensions ['ignore', 'ignore_ament_install']
[0.160s] Level 1:colcon.colcon_core.package_identification:_identify(src/arduino_bridge) by extension 'ignore'
[0.160s] Level 1:colcon.colcon_core.package_identification:_identify(src/arduino_bridge) by extension 'ignore_ament_install'
[0.160s] Level 1:colcon.colcon_core.package_identification:_identify(src/arduino_bridge) by extensions ['colcon_pkg']
[0.160s] Level 1:colcon.colcon_core.package_identification:_identify(src/arduino_bridge) by extension 'colcon_pkg'
[0.160s] Level 1:colcon.colcon_core.package_identification:_identify(src/arduino_bridge) by extensions ['colcon_meta']
[0.160s] Level 1:colcon.colcon_core.package_identification:_identify(src/arduino_bridge) by extension 'colcon_meta'
[0.160s] Level 1:colcon.colcon_core.package_identification:_identify(src/arduino_bridge) by extensions ['ros']
[0.160s] Level 1:colcon.colcon_core.package_identification:_identify(src/arduino_bridge) by extension 'ros'
[0.162s] DEBUG:colcon.colcon_core.package_identification:Package 'src/arduino_bridge' with type 'ros.ament_python' and name 'arduino_bridge'
[0.162s] Level 1:colcon.colcon_core.package_identification:_identify(src/face_detector) by extensions ['ignore', 'ignore_ament_install']
[0.162s] Level 1:colcon.colcon_core.package_identification:_identify(src/face_detector) by extension 'ignore'
[0.162s] Level 1:colcon.colcon_core.package_identification:_identify(src/face_detector) by extension 'ignore_ament_install'
[0.162s] Level 1:colcon.colcon_core.package_identification:_identify(src/face_detector) by extensions ['colcon_pkg']
[0.162s] Level 1:colcon.colcon_core.package_identification:_identify(src/face_detector) by extension 'colcon_pkg'
[0.162s] Level 1:colcon.colcon_core.package_identification:_identify(src/face_detector) by extensions ['colcon_meta']
[0.162s] Level 1:colcon.colcon_core.package_identification:_identify(src/face_detector) by extension 'colcon_meta'
[0.162s] Level 1:colcon.colcon_core.package_identification:_identify(src/face_detector) by extensions ['ros']
[0.162s] Level 1:colcon.colcon_core.package_identification:_identify(src/face_detector) by extension 'ros'
[0.162s] DEBUG:colcon.colcon_core.package_identification:Package 'src/face_detector' with type 'ros.ament_python' and name 'face_detector'
[0.162s] Level 1:colcon.colcon_core.package_identification:_identify(src/object_detector) by extensions ['ignore', 'ignore_ament_install']
[0.162s] Level 1:colcon.colcon_core.package_identification:_identify(src/object_detector) by extension 'ignore'
[0.162s] Level 1:colcon.colcon_core.package_identification:_identify(src/object_detector) by extension 'ignore_ament_install'
[0.162s] Level 1:colcon.colcon_core.package_identification:_identify(src/object_detector) by extensions ['colcon_pkg']
[0.162s] Level 1:colcon.colcon_core.package_identification:_identify(src/object_detector) by extension 'colcon_pkg'
[0.163s] Level 1:colcon.colcon_core.package_identification:_identify(src/object_detector) by extensions ['colcon_meta']
[0.163s] Level 1:colcon.colcon_core.package_identification:_identify(src/object_detector) by extension 'colcon_meta'
[0.163s] Level 1:colcon.colcon_core.package_identification:_identify(src/object_detector) by extensions ['ros']
[0.163s] Level 1:colcon.colcon_core.package_identification:_identify(src/object_detector) by extension 'ros'
[0.163s] DEBUG:colcon.colcon_core.package_identification:Package 'src/object_detector' with type 'ros.ament_python' and name 'object_detector'
[0.163s] Level 1:colcon.colcon_core.package_identification:_identify(src/ros2_v4l2_camera) by extensions ['ignore', 'ignore_ament_install']
[0.163s] Level 1:colcon.colcon_core.package_identification:_identify(src/ros2_v4l2_camera) by extension 'ignore'
[0.163s] Level 1:colcon.colcon_core.package_identification:_identify(src/ros2_v4l2_camera) by extension 'ignore_ament_install'
[0.163s] Level 1:colcon.colcon_core.package_identification:_identify(src/ros2_v4l2_camera) by extensions ['colcon_pkg']
[0.163s] Level 1:colcon.colcon_core.package_identification:_identify(src/ros2_v4l2_camera) by extension 'colcon_pkg'
[0.163s] Level 1:colcon.colcon_core.package_identification:_identify(src/ros2_v4l2_camera) by extensions ['colcon_meta']
[0.163s] Level 1:colcon.colcon_core.package_identification:_identify(src/ros2_v4l2_camera) by extension 'colcon_meta'
[0.163s] Level 1:colcon.colcon_core.package_identification:_identify(src/ros2_v4l2_camera) by extensions ['ros']
[0.163s] Level 1:colcon.colcon_core.package_identification:_identify(src/ros2_v4l2_camera) by extension 'ros'
[0.164s] DEBUG:colcon.colcon_core.package_identification:Package 'src/ros2_v4l2_camera' with type 'ros.ament_cmake' and name 'v4l2_camera'
[0.164s] Level 1:colcon.colcon_core.package_discovery:discover_packages(recursive) using defaults
[0.164s] Level 1:colcon.colcon_core.package_discovery:discover_packages(ignore) discover
[0.164s] Level 1:colcon.colcon_core.package_discovery:discover_packages(ignore) using defaults
[0.164s] Level 1:colcon.colcon_core.package_discovery:discover_packages(path) discover
[0.164s] Level 1:colcon.colcon_core.package_discovery:discover_packages(path) using defaults
[0.182s] Level 1:colcon.colcon_core.package_discovery:discover_packages(prefix_path) check parameters
[0.182s] Level 1:colcon.colcon_core.package_discovery:discover_packages(prefix_path) discover
[0.184s] DEBUG:colcon.colcon_installed_package_information.package_discovery:Found 323 installed packages in /opt/ros/humble
[0.185s] Level 1:colcon.colcon_core.package_discovery:discover_packages(prefix_path) using defaults
[0.207s] Level 5:colcon.colcon_core.verb:set package 'arduino_bridge' build argument 'cmake_args' from command line to 'None'
[0.207s] Level 5:colcon.colcon_core.verb:set package 'arduino_bridge' build argument 'cmake_target' from command line to 'None'
[0.207s] Level 5:colcon.colcon_core.verb:set package 'arduino_bridge' build argument 'cmake_target_skip_unavailable' from command line to 'False'
[0.207s] Level 5:colcon.colcon_core.verb:set package 'arduino_bridge' build argument 'cmake_clean_cache' from command line to 'False'
[0.207s] Level 5:colcon.colcon_core.verb:set package 'arduino_bridge' build argument 'cmake_clean_first' from command line to 'False'
[0.207s] Level 5:colcon.colcon_core.verb:set package 'arduino_bridge' build argument 'cmake_force_configure' from command line to 'False'
[0.207s] Level 5:colcon.colcon_core.verb:set package 'arduino_bridge' build argument 'ament_cmake_args' from command line to 'None'
[0.207s] Level 5:colcon.colcon_core.verb:set package 'arduino_bridge' build argument 'catkin_cmake_args' from command line to 'None'
[0.207s] Level 5:colcon.colcon_core.verb:set package 'arduino_bridge' build argument 'catkin_skip_building_tests' from command line to 'False'
[0.207s] DEBUG:colcon.colcon_core.verb:Building package 'arduino_bridge' with the following arguments: {'ament_cmake_args': None, 'build_base': '/home/robofei/RoboIris/build/arduino_bridge', 'catkin_cmake_args': None, 'catkin_skip_building_tests': False, 'cmake_args': None, 'cmake_clean_cache': False, 'cmake_clean_first': False, 'cmake_force_configure': False, 'cmake_target': None, 'cmake_target_skip_unavailable': False, 'install_base': '/home/robofei/RoboIris/install/arduino_bridge', 'merge_install': False, 'path': '/home/robofei/RoboIris/src/arduino_bridge', 'symlink_install': True, 'test_result_base': None}
[0.208s] Level 5:colcon.colcon_core.verb:set package 'face_detector' build argument 'cmake_args' from command line to 'None'
[0.208s] Level 5:colcon.colcon_core.verb:set package 'face_detector' build argument 'cmake_target' from command line to 'None'
[0.208s] Level 5:colcon.colcon_core.verb:set package 'face_detector' build argument 'cmake_target_skip_unavailable' from command line to 'False'
[0.208s] Level 5:colcon.colcon_core.verb:set package 'face_detector' build argument 'cmake_clean_cache' from command line to 'False'
[0.208s] Level 5:colcon.colcon_core.verb:set package 'face_detector' build argument 'cmake_clean_first' from command line to 'False'
[0.208s] Level 5:colcon.colcon_core.verb:set package 'face_detector' build argument 'cmake_force_configure' from command line to 'False'
[0.208s] Level 5:colcon.colcon_core.verb:set package 'face_detector' build argument 'ament_cmake_args' from command line to 'None'
[0.208s] Level 5:colcon.colcon_core.verb:set package 'face_detector' build argument 'catkin_cmake_args' from command line to 'None'
[0.208s] Level 5:colcon.colcon_core.verb:set package 'face_detector' build argument 'catkin_skip_building_tests' from command line to 'False'
[0.208s] DEBUG:colcon.colcon_core.verb:Building package 'face_detector' with the following arguments: {'ament_cmake_args': None, 'build_base': '/home/robofei/RoboIris/build/face_detector', 'catkin_cmake_args': None, 'catkin_skip_building_tests': False, 'cmake_args': None, 'cmake_clean_cache': False, 'cmake_clean_first': False, 'cmake_force_configure': False, 'cmake_target': None, 'cmake_target_skip_unavailable': False, 'install_base': '/home/robofei/RoboIris/install/face_detector', 'merge_install': False, 'path': '/home/robofei/RoboIris/src/face_detector', 'symlink_install': True, 'test_result_base': None}
[0.208s] Level 5:colcon.colcon_core.verb:set package 'object_detector' build argument 'cmake_args' from command line to 'None'
[0.208s] Level 5:colcon.colcon_core.verb:set package 'object_detector' build argument 'cmake_target' from command line to 'None'
[0.208s] Level 5:colcon.colcon_core.verb:set package 'object_detector' build argument 'cmake_target_skip_unavailable' from command line to 'False'
[0.208s] Level 5:colcon.colcon_core.verb:set package 'object_detector' build argument 'cmake_clean_cache' from command line to 'False'
[0.208s] Level 5:colcon.colcon_core.verb:set package 'object_detector' build argument 'cmake_clean_first' from command line to 'False'
[0.208s] Level 5:colcon.colcon_core.verb:set package 'object_detector' build argument 'cmake_force_configure' from command line to 'False'
[0.208s] Level 5:colcon.colcon_core.verb:set package 'object_detector' build argument 'ament_cmake_args' from command line to 'None'
[0.208s] Level 5:colcon.colcon_core.verb:set package 'object_detector' build argument 'catkin_cmake_args' from command line to 'None'
[0.208s] Level 5:colcon.colcon_core.verb:set package 'object_detector' build argument 'catkin_skip_building_tests' from command line to 'False'
[0.208s] DEBUG:colcon.colcon_core.verb:Building package 'object_detector' with the following arguments: {'ament_cmake_args': None, 'build_base': '/home/robofei/RoboIris/build/object_detector', 'catkin_cmake_args': None, 'catkin_skip_building_tests': False, 'cmake_args': None, 'cmake_clean_cache': False, 'cmake_clean_first': False, 'cmake_force_configure': False, 'cmake_target': None, 'cmake_target_skip_unavailable': False, 'install_base': '/home/robofei/RoboIris/install/object_detector', 'merge_install': False, 'path': '/home/robofei/RoboIris/src/object_detector', 'symlink_install': True, 'test_result_base': None}
[0.208s] Level 5:colcon.colcon_core.verb:set package 'v4l2_camera' build argument 'cmake_args' from command line to 'None'
[0.208s] Level 5:colcon.colcon_core.verb:set package 'v4l2_camera' build argument 'cmake_target' from command line to 'None'
[0.208s] Level 5:colcon.colcon_core.verb:set package 'v4l2_camera' build argument 'cmake_target_skip_unavailable' from command line to 'False'
[0.208s] Level 5:colcon.colcon_core.verb:set package 'v4l2_camera' build argument 'cmake_clean_cache' from command line to 'False'
[0.208s] Level 5:colcon.colcon_core.verb:set package 'v4l2_camera' build argument 'cmake_clean_first' from command line to 'False'
[0.208s] Level 5:colcon.colcon_core.verb:set package 'v4l2_camera' build argument 'cmake_force_configure' from command line to 'False'
[0.208s] Level 5:colcon.colcon_core.verb:set package 'v4l2_camera' build argument 'ament_cmake_args' from command line to 'None'
[0.208s] Level 5:colcon.colcon_core.verb:set package 'v4l2_camera' build argument 'catkin_cmake_args' from command line to 'None'
[0.208s] Level 5:colcon.colcon_core.verb:set package 'v4l2_camera' build argument 'catkin_skip_building_tests' from command line to 'False'
[0.208s] DEBUG:colcon.colcon_core.verb:Building package 'v4l2_camera' with the following arguments: {'ament_cmake_args': None, 'build_base': '/home/robofei/RoboIris/build/v4l2_camera', 'catkin_cmake_args': None, 'catkin_skip_building_tests': False, 'cmake_args': None, 'cmake_clean_cache': False, 'cmake_clean_first': False, 'cmake_force_configure': False, 'cmake_target': None, 'cmake_target_skip_unavailable': False, 'install_base': '/home/robofei/RoboIris/install/v4l2_camera', 'merge_install': False, 'path': '/home/robofei/RoboIris/src/ros2_v4l2_camera', 'symlink_install': True, 'test_result_base': None}
[0.208s] INFO:colcon.colcon_core.executor:Executing jobs using 'parallel' executor
[0.209s] DEBUG:colcon.colcon_parallel_executor.executor.parallel:run_until_complete
[0.209s] INFO:colcon.colcon_ros.task.ament_python.build:Building ROS package in '/home/robofei/RoboIris/src/arduino_bridge' with build type 'ament_python'
[0.209s] Level 1:colcon.colcon_core.shell:create_environment_hook('arduino_bridge', 'ament_prefix_path')
[0.210s] INFO:colcon.colcon_core.plugin_system:Skipping extension 'colcon_core.shell.bat': Not used on non-Windows systems
[0.210s] INFO:colcon.colcon_core.shell:Creating environment hook '/home/robofei/RoboIris/install/arduino_bridge/share/arduino_bridge/hook/ament_prefix_path.ps1'
[0.211s] INFO:colcon.colcon_core.shell:Creating environment descriptor '/home/robofei/RoboIris/install/arduino_bridge/share/arduino_bridge/hook/ament_prefix_path.dsv'
[0.211s] INFO:colcon.colcon_core.shell:Creating environment hook '/home/robofei/RoboIris/install/arduino_bridge/share/arduino_bridge/hook/ament_prefix_path.sh'
[0.212s] INFO:colcon.colcon_core.shell:Skip shell extension 'powershell' for command environment: Not usable outside of PowerShell
[0.212s] DEBUG:colcon.colcon_core.shell:Skip shell extension 'dsv' for command environment
[0.213s] INFO:colcon.colcon_ros.task.ament_python.build:Building ROS package in '/home/robofei/RoboIris/src/face_detector' with build type 'ament_python'
[0.213s] Level 1:colcon.colcon_core.shell:create_environment_hook('face_detector', 'ament_prefix_path')
[0.213s] INFO:colcon.colcon_core.shell:Creating environment hook '/home/robofei/RoboIris/install/face_detector/share/face_detector/hook/ament_prefix_path.ps1'
[0.214s] INFO:colcon.colcon_core.shell:Creating environment descriptor '/home/robofei/RoboIris/install/face_detector/share/face_detector/hook/ament_prefix_path.dsv'
[0.214s] INFO:colcon.colcon_core.shell:Creating environment hook '/home/robofei/RoboIris/install/face_detector/share/face_detector/hook/ament_prefix_path.sh'
[0.214s] INFO:colcon.colcon_core.shell:Skip shell extension 'powershell' for command environment: Not usable outside of PowerShell
[0.214s] DEBUG:colcon.colcon_core.shell:Skip shell extension 'dsv' for command environment
[0.216s] INFO:colcon.colcon_ros.task.ament_python.build:Building ROS package in '/home/robofei/RoboIris/src/object_detector' with build type 'ament_python'
[0.216s] Level 1:colcon.colcon_core.shell:create_environment_hook('object_detector', 'ament_prefix_path')
[0.216s] INFO:colcon.colcon_core.shell:Creating environment hook '/home/robofei/RoboIris/install/object_detector/share/object_detector/hook/ament_prefix_path.ps1'
[0.216s] INFO:colcon.colcon_core.shell:Creating environment descriptor '/home/robofei/RoboIris/install/object_detector/share/object_detector/hook/ament_prefix_path.dsv'
[0.216s] INFO:colcon.colcon_core.shell:Creating environment hook '/home/robofei/RoboIris/install/object_detector/share/object_detector/hook/ament_prefix_path.sh'
[0.217s] INFO:colcon.colcon_core.shell:Skip shell extension 'powershell' for command environment: Not usable outside of PowerShell
[0.217s] DEBUG:colcon.colcon_core.shell:Skip shell extension 'dsv' for command environment
[0.218s] INFO:colcon.colcon_ros.task.ament_cmake.build:Building ROS package in '/home/robofei/RoboIris/src/ros2_v4l2_camera' with build type 'ament_cmake'
[0.218s] INFO:colcon.colcon_cmake.task.cmake.build:Building CMake package in '/home/robofei/RoboIris/src/ros2_v4l2_camera'
[0.218s] INFO:colcon.colcon_core.shell:Skip shell extension 'powershell' for command environment: Not usable outside of PowerShell
[0.218s] DEBUG:colcon.colcon_core.shell:Skip shell extension 'dsv' for command environment
[0.365s] INFO:colcon.colcon_core.task.python.build:Building Python package in '/home/robofei/RoboIris/src/arduino_bridge'
[0.365s] INFO:colcon.colcon_core.shell:Skip shell extension 'powershell' for command environment: Not usable outside of PowerShell
[0.365s] DEBUG:colcon.colcon_core.shell:Skip shell extension 'dsv' for command environment
[0.506s] INFO:colcon.colcon_core.task.python.build:Building Python package in '/home/robofei/RoboIris/src/face_detector'
[0.506s] INFO:colcon.colcon_core.shell:Skip shell extension 'powershell' for command environment: Not usable outside of PowerShell
[0.506s] DEBUG:colcon.colcon_core.shell:Skip shell extension 'dsv' for command environment
[0.650s] INFO:colcon.colcon_core.task.python.build:Building Python package in '/home/robofei/RoboIris/src/object_detector'
[0.650s] INFO:colcon.colcon_core.shell:Skip shell extension 'powershell' for command environment: Not usable outside of PowerShell
[0.650s] DEBUG:colcon.colcon_core.shell:Skip shell extension 'dsv' for command environment
[0.655s] DEBUG:colcon.colcon_core.event_handler.log_command:Invoking command in '/home/robofei/RoboIris/build/v4l2_camera': CMAKE_PREFIX_PATH=/opt/ros/humble /usr/bin/cmake /home/robofei/RoboIris/src/ros2_v4l2_camera -DAMENT_CMAKE_SYMLINK_INSTALL=1 -DCMAKE_INSTALL_PREFIX=/home/robofei/RoboIris/install/v4l2_camera
[0.873s] DEBUG:colcon.colcon_core.event_handler.log_command:Invoking command in '/home/robofei/RoboIris/build/face_detector': PYTHONPATH=/home/robofei/RoboIris/build/face_detector/prefix_override:/usr/lib/python3/dist-packages/colcon_core/task/python/colcon_distutils_commands:/home/robofei/RoboIris/install/face_detector/lib/python3.10/site-packages:${PYTHONPATH} /usr/bin/python3 -W ignore:setup.py install is deprecated -W ignore:easy_install command is deprecated setup.py develop --editable --build-directory /home/robofei/RoboIris/build/face_detector/build --no-deps symlink_data
[0.874s] DEBUG:colcon.colcon_core.event_handler.log_command:Invoking command in '/home/robofei/RoboIris/build/arduino_bridge': PYTHONPATH=/home/robofei/RoboIris/build/arduino_bridge/prefix_override:/usr/lib/python3/dist-packages/colcon_core/task/python/colcon_distutils_commands:/home/robofei/RoboIris/install/arduino_bridge/lib/python3.10/site-packages:${PYTHONPATH} /usr/bin/python3 -W ignore:setup.py install is deprecated -W ignore:easy_install command is deprecated setup.py develop --editable --build-directory /home/robofei/RoboIris/build/arduino_bridge/build --no-deps symlink_data
[0.902s] DEBUG:colcon.colcon_core.event_handler.log_command:Invoking command in '/home/robofei/RoboIris/build/object_detector': PYTHONPATH=/home/robofei/RoboIris/build/object_detector/prefix_override:/usr/lib/python3/dist-packages/colcon_core/task/python/colcon_distutils_commands:/home/robofei/RoboIris/install/object_detector/lib/python3.10/site-packages:${PYTHONPATH} /usr/bin/python3 -W ignore:setup.py install is deprecated -W ignore:easy_install command is deprecated setup.py develop --editable --build-directory /home/robofei/RoboIris/build/object_detector/build --no-deps symlink_data
[1.164s] Level 1:colcon.colcon_core.shell:create_environment_hook('face_detector', 'pythonpath_develop')
[1.164s] INFO:colcon.colcon_core.shell:Creating environment hook '/home/robofei/RoboIris/build/face_detector/share/face_detector/hook/pythonpath_develop.ps1'
[1.164s] DEBUG:colcon.colcon_core.event_handler.log_command:Invoked command in '/home/robofei/RoboIris/build/face_detector' returned '0': PYTHONPATH=/home/robofei/RoboIris/build/face_detector/prefix_override:/usr/lib/python3/dist-packages/colcon_core/task/python/colcon_distutils_commands:/home/robofei/RoboIris/install/face_detector/lib/python3.10/site-packages:${PYTHONPATH} /usr/bin/python3 -W ignore:setup.py install is deprecated -W ignore:easy_install command is deprecated setup.py develop --editable --build-directory /home/robofei/RoboIris/build/face_detector/build --no-deps symlink_data
[1.165s] INFO:colcon.colcon_core.shell:Creating environment descriptor '/home/robofei/RoboIris/build/face_detector/share/face_detector/hook/pythonpath_develop.dsv'
[1.165s] INFO:colcon.colcon_core.shell:Creating environment hook '/home/robofei/RoboIris/build/face_detector/share/face_detector/hook/pythonpath_develop.sh'
[1.169s] Level 1:colcon.colcon_core.environment:checking '/home/robofei/RoboIris/install/face_detector' for CMake module files
[1.169s] Level 1:colcon.colcon_core.environment:checking '/home/robofei/RoboIris/install/face_detector' for CMake config files
[1.169s] Level 1:colcon.colcon_core.environment:checking '/home/robofei/RoboIris/install/face_detector/lib'
[1.169s] Level 1:colcon.colcon_core.environment:checking '/home/robofei/RoboIris/install/face_detector/bin'
[1.170s] Level 1:colcon.colcon_core.environment:checking '/home/robofei/RoboIris/install/face_detector/lib/pkgconfig/face_detector.pc'
[1.170s] Level 1:colcon.colcon_core.environment:checking '/home/robofei/RoboIris/install/face_detector/lib/python3.10/site-packages'
[1.170s] Level 1:colcon.colcon_core.shell:create_environment_hook('face_detector', 'pythonpath')
[1.170s] INFO:colcon.colcon_core.shell:Creating environment hook '/home/robofei/RoboIris/install/face_detector/share/face_detector/hook/pythonpath.ps1'
[1.170s] INFO:colcon.colcon_core.shell:Creating environment descriptor '/home/robofei/RoboIris/install/face_detector/share/face_detector/hook/pythonpath.dsv'
[1.171s] INFO:colcon.colcon_core.shell:Creating environment hook '/home/robofei/RoboIris/install/face_detector/share/face_detector/hook/pythonpath.sh'
[1.171s] Level 1:colcon.colcon_core.environment:checking '/home/robofei/RoboIris/install/face_detector/bin'
[1.171s] Level 1:colcon.colcon_core.environment:create_environment_scripts_only(face_detector)
[1.172s] INFO:colcon.colcon_core.shell:Creating package script '/home/robofei/RoboIris/install/face_detector/share/face_detector/package.ps1'
[1.172s] INFO:colcon.colcon_core.shell:Creating package descriptor '/home/robofei/RoboIris/install/face_detector/share/face_detector/package.dsv'
[1.173s] INFO:colcon.colcon_core.shell:Creating package script '/home/robofei/RoboIris/install/face_detector/share/face_detector/package.sh'
[1.174s] INFO:colcon.colcon_core.shell:Creating package script '/home/robofei/RoboIris/install/face_detector/share/face_detector/package.bash'
[1.175s] INFO:colcon.colcon_core.shell:Creating package script '/home/robofei/RoboIris/install/face_detector/share/face_detector/package.zsh'
[1.176s] Level 1:colcon.colcon_core.environment:create_file_with_runtime_dependencies(/home/robofei/RoboIris/install/face_detector/share/colcon-core/packages/face_detector)
[1.177s] Level 1:colcon.colcon_core.shell:create_environment_hook('arduino_bridge', 'pythonpath_develop')
[1.177s] INFO:colcon.colcon_core.shell:Creating environment hook '/home/robofei/RoboIris/build/arduino_bridge/share/arduino_bridge/hook/pythonpath_develop.ps1'
[1.177s] DEBUG:colcon.colcon_core.event_handler.log_command:Invoked command in '/home/robofei/RoboIris/build/arduino_bridge' returned '0': PYTHONPATH=/home/robofei/RoboIris/build/arduino_bridge/prefix_override:/usr/lib/python3/dist-packages/colcon_core/task/python/colcon_distutils_commands:/home/robofei/RoboIris/install/arduino_bridge/lib/python3.10/site-packages:${PYTHONPATH} /usr/bin/python3 -W ignore:setup.py install is deprecated -W ignore:easy_install command is deprecated setup.py develop --editable --build-directory /home/robofei/RoboIris/build/arduino_bridge/build --no-deps symlink_data
[1.178s] INFO:colcon.colcon_core.shell:Creating environment descriptor '/home/robofei/RoboIris/build/arduino_bridge/share/arduino_bridge/hook/pythonpath_develop.dsv'
[1.178s] INFO:colcon.colcon_core.shell:Creating environment hook '/home/robofei/RoboIris/build/arduino_bridge/share/arduino_bridge/hook/pythonpath_develop.sh'
[1.178s] Level 1:colcon.colcon_core.environment:checking '/home/robofei/RoboIris/install/arduino_bridge' for CMake module files
[1.179s] Level 1:colcon.colcon_core.environment:checking '/home/robofei/RoboIris/install/arduino_bridge' for CMake config files
[1.179s] Level 1:colcon.colcon_core.environment:checking '/home/robofei/RoboIris/install/arduino_bridge/lib'
[1.179s] Level 1:colcon.colcon_core.environment:checking '/home/robofei/RoboIris/install/arduino_bridge/bin'
[1.179s] Level 1:colcon.colcon_core.environment:checking '/home/robofei/RoboIris/install/arduino_bridge/lib/pkgconfig/arduino_bridge.pc'
[1.179s] Level 1:colcon.colcon_core.environment:checking '/home/robofei/RoboIris/install/arduino_bridge/lib/python3.10/site-packages'
[1.179s] Level 1:colcon.colcon_core.shell:create_environment_hook('arduino_bridge', 'pythonpath')
[1.179s] INFO:colcon.colcon_core.shell:Creating environment hook '/home/robofei/RoboIris/install/arduino_bridge/share/arduino_bridge/hook/pythonpath.ps1'
[1.180s] INFO:colcon.colcon_core.shell:Creating environment descriptor '/home/robofei/RoboIris/install/arduino_bridge/share/arduino_bridge/hook/pythonpath.dsv'
[1.180s] INFO:colcon.colcon_core.shell:Creating environment hook '/home/robofei/RoboIris/install/arduino_bridge/share/arduino_bridge/hook/pythonpath.sh'
[1.180s] Level 1:colcon.colcon_core.environment:checking '/home/robofei/RoboIris/install/arduino_bridge/bin'
[1.180s] Level 1:colcon.colcon_core.environment:create_environment_scripts_only(arduino_bridge)
[1.180s] INFO:colcon.colcon_core.shell:Creating package script '/home/robofei/RoboIris/install/arduino_bridge/share/arduino_bridge/package.ps1'
[1.181s] INFO:colcon.colcon_core.shell:Creating package descriptor '/home/robofei/RoboIris/install/arduino_bridge/share/arduino_bridge/package.dsv'
[1.181s] INFO:colcon.colcon_core.shell:Creating package script '/home/robofei/RoboIris/install/arduino_bridge/share/arduino_bridge/package.sh'
[1.181s] INFO:colcon.colcon_core.shell:Creating package script '/home/robofei/RoboIris/install/arduino_bridge/share/arduino_bridge/package.bash'
[1.181s] INFO:colcon.colcon_core.shell:Creating package script '/home/robofei/RoboIris/install/arduino_bridge/share/arduino_bridge/package.zsh'
[1.182s] Level 1:colcon.colcon_core.environment:create_file_with_runtime_dependencies(/home/robofei/RoboIris/install/arduino_bridge/share/colcon-core/packages/arduino_bridge)
[1.195s] Level 1:colcon.colcon_core.shell:create_environment_hook('object_detector', 'pythonpath_develop')
[1.195s] INFO:colcon.colcon_core.shell:Creating environment hook '/home/robofei/RoboIris/build/object_detector/share/object_detector/hook/pythonpath_develop.ps1'
[1.195s] DEBUG:colcon.colcon_core.event_handler.log_command:Invoked command in '/home/robofei/RoboIris/build/object_detector' returned '0': PYTHONPATH=/home/robofei/RoboIris/build/object_detector/prefix_override:/usr/lib/python3/dist-packages/colcon_core/task/python/colcon_distutils_commands:/home/robofei/RoboIris/install/object_detector/lib/python3.10/site-packages:${PYTHONPATH} /usr/bin/python3 -W ignore:setup.py install is deprecated -W ignore:easy_install command is deprecated setup.py develop --editable --build-directory /home/robofei/RoboIris/build/object_detector/build --no-deps symlink_data
[1.196s] INFO:colcon.colcon_core.shell:Creating environment descriptor '/home/robofei/RoboIris/build/object_detector/share/object_detector/hook/pythonpath_develop.dsv'
[1.196s] INFO:colcon.colcon_core.shell:Creating environment hook '/home/robofei/RoboIris/build/object_detector/share/object_detector/hook/pythonpath_develop.sh'
[1.196s] Level 1:colcon.colcon_core.environment:checking '/home/robofei/RoboIris/install/object_detector' for CMake module files
[1.197s] Level 1:colcon.colcon_core.environment:checking '/home/robofei/RoboIris/install/object_detector' for CMake config files
[1.197s] Level 1:colcon.colcon_core.environment:checking '/home/robofei/RoboIris/install/object_detector/lib'
[1.197s] Level 1:colcon.colcon_core.environment:checking '/home/robofei/RoboIris/install/object_detector/bin'
[1.197s] Level 1:colcon.colcon_core.environment:checking '/home/robofei/RoboIris/install/object_detector/lib/pkgconfig/object_detector.pc'
[1.197s] Level 1:colcon.colcon_core.environment:checking '/home/robofei/RoboIris/install/object_detector/lib/python3.10/site-packages'
[1.197s] Level 1:colcon.colcon_core.shell:create_environment_hook('object_detector', 'pythonpath')
[1.197s] INFO:colcon.colcon_core.shell:Creating environment hook '/home/robofei/RoboIris/install/object_detector/share/object_detector/hook/pythonpath.ps1'
[1.197s] INFO:colcon.colcon_core.shell:Creating environment descriptor '/home/robofei/RoboIris/install/object_detector/share/object_detector/hook/pythonpath.dsv'
[1.198s] INFO:colcon.colcon_core.shell:Creating environment hook '/home/robofei/RoboIris/install/object_detector/share/object_detector/hook/pythonpath.sh'
[1.198s] Level 1:colcon.colcon_core.environment:checking '/home/robofei/RoboIris/install/object_detector/bin'
[1.198s] Level 1:colcon.colcon_core.environment:create_environment_scripts_only(object_detector)
[1.198s] INFO:colcon.colcon_core.shell:Creating package script '/home/robofei/RoboIris/install/object_detector/share/object_detector/package.ps1'
[1.198s] INFO:colcon.colcon_core.shell:Creating package descriptor '/home/robofei/RoboIris/install/object_detector/share/object_detector/package.dsv'
[1.199s] INFO:colcon.colcon_core.shell:Creating package script '/home/robofei/RoboIris/install/object_detector/share/object_detector/package.sh'
[1.199s] INFO:colcon.colcon_core.shell:Creating package script '/home/robofei/RoboIris/install/object_detector/share/object_detector/package.bash'
[1.199s] INFO:colcon.colcon_core.shell:Creating package script '/home/robofei/RoboIris/install/object_detector/share/object_detector/package.zsh'
[1.199s] Level 1:colcon.colcon_core.environment:create_file_with_runtime_dependencies(/home/robofei/RoboIris/install/object_detector/share/colcon-core/packages/object_detector)
[1.480s] DEBUG:colcon.colcon_core.event_handler.log_command:Invoked command in '/home/robofei/RoboIris/build/v4l2_camera' returned '0': CMAKE_PREFIX_PATH=/opt/ros/humble /usr/bin/cmake /home/robofei/RoboIris/src/ros2_v4l2_camera -DAMENT_CMAKE_SYMLINK_INSTALL=1 -DCMAKE_INSTALL_PREFIX=/home/robofei/RoboIris/install/v4l2_camera
[1.481s] DEBUG:colcon.colcon_core.event_handler.log_command:Invoking command in '/home/robofei/RoboIris/build/v4l2_camera': CMAKE_PREFIX_PATH=/opt/ros/humble /usr/bin/cmake --build /home/robofei/RoboIris/build/v4l2_camera -- -j8 -l8
[10.604s] DEBUG:colcon.colcon_core.event_handler.log_command:Invoked command in '/home/robofei/RoboIris/build/v4l2_camera' returned '0': CMAKE_PREFIX_PATH=/opt/ros/humble /usr/bin/cmake --build /home/robofei/RoboIris/build/v4l2_camera -- -j8 -l8
[10.611s] DEBUG:colcon.colcon_core.event_handler.log_command:Invoking command in '/home/robofei/RoboIris/build/v4l2_camera': CMAKE_PREFIX_PATH=/opt/ros/humble /usr/bin/cmake --install /home/robofei/RoboIris/build/v4l2_camera
[10.771s] Level 1:colcon.colcon_core.environment:create_environment_scripts_only(v4l2_camera)
[10.771s] Level 1:colcon.colcon_core.environment:checking '/home/robofei/RoboIris/install/v4l2_camera' for CMake module files
[10.772s] DEBUG:colcon.colcon_core.event_handler.log_command:Invoked command in '/home/robofei/RoboIris/build/v4l2_camera' returned '0': CMAKE_PREFIX_PATH=/opt/ros/humble /usr/bin/cmake --install /home/robofei/RoboIris/build/v4l2_camera
[10.772s] Level 1:colcon.colcon_core.environment:checking '/home/robofei/RoboIris/install/v4l2_camera' for CMake config files
[10.772s] Level 1:colcon.colcon_core.shell:create_environment_hook('v4l2_camera', 'cmake_prefix_path')
[10.772s] INFO:colcon.colcon_core.shell:Creating environment hook '/home/robofei/RoboIris/install/v4l2_camera/share/v4l2_camera/hook/cmake_prefix_path.ps1'
[10.773s] INFO:colcon.colcon_core.shell:Creating environment descriptor '/home/robofei/RoboIris/install/v4l2_camera/share/v4l2_camera/hook/cmake_prefix_path.dsv'
[10.773s] INFO:colcon.colcon_core.shell:Creating environment hook '/home/robofei/RoboIris/install/v4l2_camera/share/v4l2_camera/hook/cmake_prefix_path.sh'
[10.773s] Level 1:colcon.colcon_core.environment:checking '/home/robofei/RoboIris/install/v4l2_camera/lib'
[10.773s] Level 1:colcon.colcon_core.shell:create_environment_hook('v4l2_camera', 'ld_library_path_lib')
[10.773s] INFO:colcon.colcon_core.shell:Creating environment hook '/home/robofei/RoboIris/install/v4l2_camera/share/v4l2_camera/hook/ld_library_path_lib.ps1'
[10.774s] INFO:colcon.colcon_core.shell:Creating environment descriptor '/home/robofei/RoboIris/install/v4l2_camera/share/v4l2_camera/hook/ld_library_path_lib.dsv'
[10.774s] INFO:colcon.colcon_core.shell:Creating environment hook '/home/robofei/RoboIris/install/v4l2_camera/share/v4l2_camera/hook/ld_library_path_lib.sh'
[10.774s] Level 1:colcon.colcon_core.environment:checking '/home/robofei/RoboIris/install/v4l2_camera/bin'
[10.774s] Level 1:colcon.colcon_core.environment:checking '/home/robofei/RoboIris/install/v4l2_camera/lib/pkgconfig/v4l2_camera.pc'
[10.774s] Level 1:colcon.colcon_core.environment:checking '/home/robofei/RoboIris/install/v4l2_camera/lib/python3.10/site-packages'
[10.775s] Level 1:colcon.colcon_core.environment:checking '/home/robofei/RoboIris/install/v4l2_camera/bin'
[10.775s] INFO:colcon.colcon_core.shell:Creating package script '/home/robofei/RoboIris/install/v4l2_camera/share/v4l2_camera/package.ps1'
[10.775s] INFO:colcon.colcon_core.shell:Creating package descriptor '/home/robofei/RoboIris/install/v4l2_camera/share/v4l2_camera/package.dsv'
[10.776s] INFO:colcon.colcon_core.shell:Creating package script '/home/robofei/RoboIris/install/v4l2_camera/share/v4l2_camera/package.sh'
[10.776s] INFO:colcon.colcon_core.shell:Creating package script '/home/robofei/RoboIris/install/v4l2_camera/share/v4l2_camera/package.bash'
[10.776s] INFO:colcon.colcon_core.shell:Creating package script '/home/robofei/RoboIris/install/v4l2_camera/share/v4l2_camera/package.zsh'
[10.776s] Level 1:colcon.colcon_core.environment:create_file_with_runtime_dependencies(/home/robofei/RoboIris/install/v4l2_camera/share/colcon-core/packages/v4l2_camera)
[10.777s] Level 1:colcon.colcon_core.environment:create_environment_scripts_only(v4l2_camera)
[10.777s] Level 1:colcon.colcon_core.environment:checking '/home/robofei/RoboIris/install/v4l2_camera' for CMake module files
[10.777s] Level 1:colcon.colcon_core.environment:checking '/home/robofei/RoboIris/install/v4l2_camera' for CMake config files
[10.777s] Level 1:colcon.colcon_core.shell:create_environment_hook('v4l2_camera', 'cmake_prefix_path')
[10.778s] INFO:colcon.colcon_core.shell:Creating environment hook '/home/robofei/RoboIris/install/v4l2_camera/share/v4l2_camera/hook/cmake_prefix_path.ps1'
[10.778s] INFO:colcon.colcon_core.shell:Creating environment descriptor '/home/robofei/RoboIris/install/v4l2_camera/share/v4l2_camera/hook/cmake_prefix_path.dsv'
[10.778s] INFO:colcon.colcon_core.shell:Creating environment hook '/home/robofei/RoboIris/install/v4l2_camera/share/v4l2_camera/hook/cmake_prefix_path.sh'
[10.778s] Level 1:colcon.colcon_core.environment:checking '/home/robofei/RoboIris/install/v4l2_camera/lib'
[10.778s] Level 1:colcon.colcon_core.shell:create_environment_hook('v4l2_camera', 'ld_library_path_lib')
[10.778s] INFO:colcon.colcon_core.shell:Creating environment hook '/home/robofei/RoboIris/install/v4l2_camera/share/v4l2_camera/hook/ld_library_path_lib.ps1'
[10.779s] INFO:colcon.colcon_core.shell:Creating environment descriptor '/home/robofei/RoboIris/install/v4l2_camera/share/v4l2_camera/hook/ld_library_path_lib.dsv'
[10.779s] INFO:colcon.colcon_core.shell:Creating environment hook '/home/robofei/RoboIris/install/v4l2_camera/share/v4l2_camera/hook/ld_library_path_lib.sh'
[10.779s] Level 1:colcon.colcon_core.environment:checking '/home/robofei/RoboIris/install/v4l2_camera/bin'
[10.779s] Level 1:colcon.colcon_core.environment:checking '/home/robofei/RoboIris/install/v4l2_camera/lib/pkgconfig/v4l2_camera.pc'
[10.779s] Level 1:colcon.colcon_core.environment:checking '/home/robofei/RoboIris/install/v4l2_camera/lib/python3.10/site-packages'
[10.779s] Level 1:colcon.colcon_core.environment:checking '/home/robofei/RoboIris/install/v4l2_camera/bin'
[10.780s] INFO:colcon.colcon_core.shell:Creating package script '/home/robofei/RoboIris/install/v4l2_camera/share/v4l2_camera/package.ps1'
[10.780s] INFO:colcon.colcon_core.shell:Creating package descriptor '/home/robofei/RoboIris/install/v4l2_camera/share/v4l2_camera/package.dsv'
[10.780s] INFO:colcon.colcon_core.shell:Creating package script '/home/robofei/RoboIris/install/v4l2_camera/share/v4l2_camera/package.sh'
[10.780s] INFO:colcon.colcon_core.shell:Creating package script '/home/robofei/RoboIris/install/v4l2_camera/share/v4l2_camera/package.bash'
[10.781s] INFO:colcon.colcon_core.shell:Creating package script '/home/robofei/RoboIris/install/v4l2_camera/share/v4l2_camera/package.zsh'
[10.781s] Level 1:colcon.colcon_core.environment:create_file_with_runtime_dependencies(/home/robofei/RoboIris/install/v4l2_camera/share/colcon-core/packages/v4l2_camera)
[10.781s] DEBUG:colcon.colcon_parallel_executor.executor.parallel:closing loop
[10.781s] DEBUG:colcon.colcon_parallel_executor.executor.parallel:loop closed
[10.781s] DEBUG:colcon.colcon_parallel_executor.executor.parallel:run_until_complete finished with '0'
[10.781s] DEBUG:colcon.colcon_core.event_reactor:joining thread
[10.784s] INFO:colcon.colcon_core.plugin_system:Skipping extension 'colcon_notification.desktop_notification.terminal_notifier': Not used on non-Darwin systems
[10.784s] INFO:colcon.colcon_core.plugin_system:Skipping extension 'colcon_notification.desktop_notification.win32': Not used on non-Windows systems
[10.784s] INFO:colcon.colcon_notification.desktop_notification:Sending desktop notification using 'notify2'
[10.792s] DEBUG:colcon.colcon_core.event_reactor:joined thread
[10.792s] INFO:colcon.colcon_core.shell:Creating prefix script '/home/robofei/RoboIris/install/local_setup.ps1'
[10.793s] INFO:colcon.colcon_core.shell:Creating prefix util module '/home/robofei/RoboIris/install/_local_setup_util_ps1.py'
[10.794s] INFO:colcon.colcon_core.shell:Creating prefix chain script '/home/robofei/RoboIris/install/setup.ps1'
[10.795s] INFO:colcon.colcon_core.shell:Creating prefix script '/home/robofei/RoboIris/install/local_setup.sh'
[10.795s] INFO:colcon.colcon_core.shell:Creating prefix util module '/home/robofei/RoboIris/install/_local_setup_util_sh.py'
[10.796s] INFO:colcon.colcon_core.shell:Creating prefix chain script '/home/robofei/RoboIris/install/setup.sh'
[10.797s] INFO:colcon.colcon_core.shell:Creating prefix script '/home/robofei/RoboIris/install/local_setup.bash'
[10.797s] INFO:colcon.colcon_core.shell:Creating prefix chain script '/home/robofei/RoboIris/install/setup.bash'
[10.798s] INFO:colcon.colcon_core.shell:Creating prefix script '/home/robofei/RoboIris/install/local_setup.zsh'
[10.798s] INFO:colcon.colcon_core.shell:Creating prefix chain script '/home/robofei/RoboIris/install/setup.zsh'
