[0.000000] (-) TimerEvent: {}
[0.003324] (arduino_bridge) JobQueued: {'identifier': 'arduino_bridge', 'dependencies': OrderedDict()}
[0.004211] (face_detector) JobQueued: {'identifier': 'face_detector', 'dependencies': OrderedDict()}
[0.004645] (object_detector) JobQueued: {'identifier': 'object_detector', 'dependencies': OrderedDict()}
[0.004922] (arduino_bridge) JobStarted: {'identifier': 'arduino_bridge'}
[0.090629] (-) TimerEvent: {}
[0.121198] (face_detector) JobStarted: {'identifier': 'face_detector'}
[0.189367] (object_detector) JobStarted: {'identifier': 'object_detector'}
[0.194425] (-) TimerEvent: {}
[0.296401] (-) TimerEvent: {}
[0.398129] (-) TimerEvent: {}
[0.500912] (-) TimerEvent: {}
[0.601747] (-) TimerEvent: {}
[0.703289] (-) TimerEvent: {}
[0.805736] (-) TimerEvent: {}
[0.863399] (arduino_bridge) JobEnded: {'identifier': 'arduino_bridge', 'rc': 0}
[0.906064] (-) TimerEvent: {}
[1.007342] (-) TimerEvent: {}
[1.108828] (-) TimerEvent: {}
[1.210131] (-) TimerEvent: {}
[1.311407] (-) TimerEvent: {}
[1.412805] (-) TimerEvent: {}
[1.514077] (-) TimerEvent: {}
[1.615468] (-) TimerEvent: {}
[1.716981] (-) TimerEvent: {}
[1.818228] (-) TimerEvent: {}
[1.919462] (-) TimerEvent: {}
[2.020887] (-) TimerEvent: {}
[2.122135] (-) TimerEvent: {}
[2.223438] (-) TimerEvent: {}
[2.325573] (-) TimerEvent: {}
[2.427092] (-) TimerEvent: {}
[2.530103] (-) TimerEvent: {}
[2.633124] (-) TimerEvent: {}
[2.736001] (-) TimerEvent: {}
[2.838657] (-) TimerEvent: {}
[2.939883] (-) TimerEvent: {}
[3.041199] (-) TimerEvent: {}
[3.142413] (-) TimerEvent: {}
[3.243617] (-) TimerEvent: {}
[3.344954] (-) TimerEvent: {}
[3.446208] (-) TimerEvent: {}
[3.547454] (-) TimerEvent: {}
[3.648662] (-) TimerEvent: {}
[3.749405] (-) TimerEvent: {}
[3.850626] (-) TimerEvent: {}
[3.951888] (-) TimerEvent: {}
[4.053308] (-) TimerEvent: {}
[4.154708] (-) TimerEvent: {}
[4.256693] (-) TimerEvent: {}
[4.359638] (-) TimerEvent: {}
[4.396203] (object_detector) JobEnded: {'identifier': 'object_detector', 'rc': 'SIGINT'}
[4.401516] (face_detector) JobEnded: {'identifier': 'face_detector', 'rc': 'SIGINT'}
[4.414909] (-) EventReactorShutdown: {}
