[0.654s] Invoking command in '/home/robofei/RoboIris/src/object_detector': PYTHONPATH=/home/robofei/RoboIris/build/object_detector/prefix_override:/usr/lib/python3/dist-packages/colcon_core/task/python/colcon_distutils_commands:/home/robofei/RoboIris/install/object_detector/lib/python3.10/site-packages:${PYTHONPATH} /usr/bin/python3 -W ignore:setup.py install is deprecated -W ignore:easy_install command is deprecated setup.py egg_info --egg-base ../../build/object_detector build --build-base /home/robofei/RoboIris/build/object_detector/build install --record /home/robofei/RoboIris/build/object_detector/install.log --single-version-externally-managed install_data
[0.829s] running egg_info
[0.840s] writing ../../build/object_detector/object_detector.egg-info/PKG-INFO
[0.840s] writing dependency_links to ../../build/object_detector/object_detector.egg-info/dependency_links.txt
[0.840s] writing entry points to ../../build/object_detector/object_detector.egg-info/entry_points.txt
[0.840s] writing requirements to ../../build/object_detector/object_detector.egg-info/requires.txt
[0.840s] writing top-level names to ../../build/object_detector/object_detector.egg-info/top_level.txt
[0.863s] reading manifest file '../../build/object_detector/object_detector.egg-info/SOURCES.txt'
[0.864s] writing manifest file '../../build/object_detector/object_detector.egg-info/SOURCES.txt'
[0.864s] running build
[0.864s] running build_py
[0.864s] copying object_detector/object_detector_node.py -> /home/robofei/RoboIris/build/object_detector/build/lib/object_detector
[0.864s] copying object_detector/__init__.py -> /home/robofei/RoboIris/build/object_detector/build/lib/object_detector
[0.865s] running install
[0.868s] running install_lib
[0.879s] running install_data
[0.879s] copying resource/object_detector -> /home/robofei/RoboIris/install/object_detector/share/ament_index/resource_index/packages
[0.879s] copying package.xml -> /home/robofei/RoboIris/install/object_detector/share/object_detector
[0.879s] running install_egg_info
[0.891s] removing '/home/robofei/RoboIris/install/object_detector/lib/python3.10/site-packages/object_detector-0.0.0-py3.10.egg-info' (and everything under it)
[0.891s] Copying ../../build/object_detector/object_detector.egg-info to /home/robofei/RoboIris/install/object_detector/lib/python3.10/site-packages/object_detector-0.0.0-py3.10.egg-info
[0.891s] running install_scripts
[0.914s] Installing object_detector script to /home/robofei/RoboIris/install/object_detector/lib/object_detector
[0.914s] writing list of installed files to '/home/robofei/RoboIris/build/object_detector/install.log'
[0.934s] Invoked command in '/home/robofei/RoboIris/src/object_detector' returned '0': PYTHONPATH=/home/robofei/RoboIris/build/object_detector/prefix_override:/usr/lib/python3/dist-packages/colcon_core/task/python/colcon_distutils_commands:/home/robofei/RoboIris/install/object_detector/lib/python3.10/site-packages:${PYTHONPATH} /usr/bin/python3 -W ignore:setup.py install is deprecated -W ignore:easy_install command is deprecated setup.py egg_info --egg-base ../../build/object_detector build --build-base /home/robofei/RoboIris/build/object_detector/build install --record /home/robofei/RoboIris/build/object_detector/install.log --single-version-externally-managed install_data
