running egg_info
writing ../../build/face_detector/face_detector.egg-info/PKG-INFO
writing dependency_links to ../../build/face_detector/face_detector.egg-info/dependency_links.txt
writing entry points to ../../build/face_detector/face_detector.egg-info/entry_points.txt
writing requirements to ../../build/face_detector/face_detector.egg-info/requires.txt
writing top-level names to ../../build/face_detector/face_detector.egg-info/top_level.txt
reading manifest file '../../build/face_detector/face_detector.egg-info/SOURCES.txt'
writing manifest file '../../build/face_detector/face_detector.egg-info/SOURCES.txt'
running build
running build_py
copying face_detector/face_detector_node.py -> /home/robofei/RoboIris/build/face_detector/build/lib/face_detector
copying face_detector/__init__.py -> /home/robofei/RoboIris/build/face_detector/build/lib/face_detector
running install
running install_lib
running install_data
copying resource/face_detector -> /home/robofei/RoboIris/install/face_detector/share/ament_index/resource_index/packages
copying package.xml -> /home/robofei/RoboIris/install/face_detector/share/face_detector
running install_egg_info
removing '/home/robofei/RoboIris/install/face_detector/lib/python3.10/site-packages/face_detector-0.0.0-py3.10.egg-info' (and everything under it)
Copying ../../build/face_detector/face_detector.egg-info to /home/robofei/RoboIris/install/face_detector/lib/python3.10/site-packages/face_detector-0.0.0-py3.10.egg-info
running install_scripts
Installing face_detector script to /home/robofei/RoboIris/install/face_detector/lib/face_detector
writing list of installed files to '/home/robofei/RoboIris/build/face_detector/install.log'
