[0.663s] Invoking command in '/home/robofei/RoboIris/src/face_detector': PYTHONPATH=/home/robofei/RoboIris/build/face_detector/prefix_override:/usr/lib/python3/dist-packages/colcon_core/task/python/colcon_distutils_commands:/home/robofei/RoboIris/install/face_detector/lib/python3.10/site-packages:${PYTHONPATH} /usr/bin/python3 -W ignore:setup.py install is deprecated -W ignore:easy_install command is deprecated setup.py egg_info --egg-base ../../build/face_detector build --build-base /home/robofei/RoboIris/build/face_detector/build install --record /home/robofei/RoboIris/build/face_detector/install.log --single-version-externally-managed install_data
[0.835s] running egg_info
[0.848s] writing ../../build/face_detector/face_detector.egg-info/PKG-INFO
[0.848s] writing dependency_links to ../../build/face_detector/face_detector.egg-info/dependency_links.txt
[0.849s] writing entry points to ../../build/face_detector/face_detector.egg-info/entry_points.txt
[0.849s] writing requirements to ../../build/face_detector/face_detector.egg-info/requires.txt
[0.849s] writing top-level names to ../../build/face_detector/face_detector.egg-info/top_level.txt
[0.875s] reading manifest file '../../build/face_detector/face_detector.egg-info/SOURCES.txt'
[0.876s] writing manifest file '../../build/face_detector/face_detector.egg-info/SOURCES.txt'
[0.876s] running build
[0.876s] running build_py
[0.877s] copying face_detector/face_detector_node.py -> /home/robofei/RoboIris/build/face_detector/build/lib/face_detector
[0.877s] copying face_detector/__init__.py -> /home/robofei/RoboIris/build/face_detector/build/lib/face_detector
[0.877s] running install
[0.881s] running install_lib
[0.894s] running install_data
[0.894s] copying resource/face_detector -> /home/robofei/RoboIris/install/face_detector/share/ament_index/resource_index/packages
[0.894s] copying package.xml -> /home/robofei/RoboIris/install/face_detector/share/face_detector
[0.894s] running install_egg_info
[0.909s] removing '/home/robofei/RoboIris/install/face_detector/lib/python3.10/site-packages/face_detector-0.0.0-py3.10.egg-info' (and everything under it)
[0.909s] Copying ../../build/face_detector/face_detector.egg-info to /home/robofei/RoboIris/install/face_detector/lib/python3.10/site-packages/face_detector-0.0.0-py3.10.egg-info
[0.909s] running install_scripts
[0.935s] Installing face_detector script to /home/robofei/RoboIris/install/face_detector/lib/face_detector
[0.936s] writing list of installed files to '/home/robofei/RoboIris/build/face_detector/install.log'
[0.955s] Invoked command in '/home/robofei/RoboIris/src/face_detector' returned '0': PYTHONPATH=/home/robofei/RoboIris/build/face_detector/prefix_override:/usr/lib/python3/dist-packages/colcon_core/task/python/colcon_distutils_commands:/home/robofei/RoboIris/install/face_detector/lib/python3.10/site-packages:${PYTHONPATH} /usr/bin/python3 -W ignore:setup.py install is deprecated -W ignore:easy_install command is deprecated setup.py egg_info --egg-base ../../build/face_detector build --build-base /home/robofei/RoboIris/build/face_detector/build install --record /home/robofei/RoboIris/build/face_detector/install.log --single-version-externally-managed install_data
