[0.453s] Invoking command in '/home/robofei/RoboIris/build/v4l2_camera': CMAKE_PREFIX_PATH=${CMAKE_PREFIX_PATH}:/home/robofei/RoboIris/install/object_detector:/home/robofei/RoboIris/install/face_detector:/home/robofei/RoboIris/install/arduino_bridge:/opt/ros/humble /usr/bin/cmake /home/robofei/RoboIris/src/ros2_v4l2_camera -DCMAKE_INSTALL_PREFIX=/home/robofei/RoboIris/install/v4l2_camera
[0.461s] -- Found ament_cmake_auto: 1.3.11 (/opt/ros/humble/share/ament_cmake_auto/cmake)
[0.545s] -- Override CMake install command with custom implementation using symlinks instead of copying resources
[0.610s] -- Found rosidl_generator_c: 3.1.6 (/opt/ros/humble/share/rosidl_generator_c/cmake)
[0.611s] -- Found rosidl_adapter: 3.1.6 (/opt/ros/humble/share/rosidl_adapter/cmake)
[0.615s] -- Found rosidl_generator_cpp: 3.1.6 (/opt/ros/humble/share/rosidl_generator_cpp/cmake)
[0.622s] -- Using all available rosidl_typesupport_c: rosidl_typesupport_fastrtps_c;rosidl_typesupport_introspection_c
[0.630s] -- Using all available rosidl_typesupport_cpp: rosidl_typesupport_fastrtps_cpp;rosidl_typesupport_introspection_cpp
[0.652s] -- Found rmw_implementation_cmake: 6.1.2 (/opt/ros/humble/share/rmw_implementation_cmake/cmake)
[0.653s] -- Found rmw_fastrtps_cpp: 6.2.7 (/opt/ros/humble/share/rmw_fastrtps_cpp/cmake)
[0.726s] -- Using RMW implementation 'rmw_fastrtps_cpp' as default
[0.814s] [0mCUDA_TOOLKIT_ROOT_DIR not found or specified[0m
[0.818s] -- Could NOT find CUDA (missing: CUDA_TOOLKIT_ROOT_DIR CUDA_NVCC_EXECUTABLE CUDA_INCLUDE_DIRS CUDA_CUDART_LIBRARY) 
[0.820s] -- Found ament_lint_auto: 0.12.12 (/opt/ros/humble/share/ament_lint_auto/cmake)
[0.830s] -- Added test 'cppcheck' to perform static code analysis on C / C++ code
[0.830s] -- Configured cppcheck include dirs: $<BUILD_INTERFACE:/home/robofei/RoboIris/src/ros2_v4l2_camera/include>
[0.831s] -- Configured cppcheck exclude dirs and/or files: 
[0.832s] -- Added test 'cpplint' to check C / C++ code against the Google style
[0.832s] -- Configured cpplint exclude dirs and/or files: 
[0.832s] -- Added test 'flake8' to check Python code syntax and style conventions
[0.833s] -- Added test 'lint_cmake' to check CMake code style
[0.833s] -- Added test 'pep257' to check Python code against some of the docstring style conventions in PEP 257
[0.835s] -- Added test 'uncrustify' to check C / C++ code style
[0.835s] -- Configured uncrustify additional arguments: 
[0.835s] -- Added test 'xmllint' to check XML markup files
[0.837s] -- Configuring done
[0.848s] -- Generating done
[0.853s] -- Build files have been written to: /home/robofei/RoboIris/build/v4l2_camera
[0.861s] Invoked command in '/home/robofei/RoboIris/build/v4l2_camera' returned '0': CMAKE_PREFIX_PATH=${CMAKE_PREFIX_PATH}:/home/robofei/RoboIris/install/object_detector:/home/robofei/RoboIris/install/face_detector:/home/robofei/RoboIris/install/arduino_bridge:/opt/ros/humble /usr/bin/cmake /home/robofei/RoboIris/src/ros2_v4l2_camera -DCMAKE_INSTALL_PREFIX=/home/robofei/RoboIris/install/v4l2_camera
[0.863s] Invoking command in '/home/robofei/RoboIris/build/v4l2_camera': CMAKE_PREFIX_PATH=${CMAKE_PREFIX_PATH}:/home/robofei/RoboIris/install/object_detector:/home/robofei/RoboIris/install/face_detector:/home/robofei/RoboIris/install/arduino_bridge:/opt/ros/humble /usr/bin/cmake --build /home/robofei/RoboIris/build/v4l2_camera -- -j8 -l8
[0.891s] [35m[1mConsolidate compiler generated dependencies of target v4l2_camera[0m
[0.903s] [ 42%] Built target v4l2_camera
[0.910s] [35m[1mConsolidate compiler generated dependencies of target v4l2_camera_node[0m
[0.913s] [35m[1mConsolidate compiler generated dependencies of target v4l2_camera_compose_test[0m
[0.920s] [ 71%] Built target v4l2_camera_node
[0.928s] [100%] Built target v4l2_camera_compose_test
[0.936s] Invoked command in '/home/robofei/RoboIris/build/v4l2_camera' returned '0': CMAKE_PREFIX_PATH=${CMAKE_PREFIX_PATH}:/home/robofei/RoboIris/install/object_detector:/home/robofei/RoboIris/install/face_detector:/home/robofei/RoboIris/install/arduino_bridge:/opt/ros/humble /usr/bin/cmake --build /home/robofei/RoboIris/build/v4l2_camera -- -j8 -l8
[0.943s] Invoking command in '/home/robofei/RoboIris/build/v4l2_camera': CMAKE_PREFIX_PATH=${CMAKE_PREFIX_PATH}:/home/robofei/RoboIris/install/object_detector:/home/robofei/RoboIris/install/face_detector:/home/robofei/RoboIris/install/arduino_bridge:/opt/ros/humble /usr/bin/cmake --install /home/robofei/RoboIris/build/v4l2_camera
[0.947s] -- Install configuration: ""
[0.947s] -- Execute custom install script
[0.948s] -- Up-to-date symlink: /home/robofei/RoboIris/install/v4l2_camera/include/v4l2_camera/control.hpp
[0.948s] -- Up-to-date symlink: /home/robofei/RoboIris/install/v4l2_camera/include/v4l2_camera/fourcc.hpp
[0.948s] -- Up-to-date symlink: /home/robofei/RoboIris/install/v4l2_camera/include/v4l2_camera/image_format.hpp
[0.948s] -- Up-to-date symlink: /home/robofei/RoboIris/install/v4l2_camera/include/v4l2_camera/pixel_format.hpp
[0.948s] -- Up-to-date symlink: /home/robofei/RoboIris/install/v4l2_camera/include/v4l2_camera/v4l2_camera.hpp
[0.948s] -- Up-to-date symlink: /home/robofei/RoboIris/install/v4l2_camera/include/v4l2_camera/v4l2_camera_device.hpp
[0.948s] -- Up-to-date symlink: /home/robofei/RoboIris/install/v4l2_camera/include/v4l2_camera/visibility_control.h
[0.948s] -- Up-to-date symlink: /home/robofei/RoboIris/install/v4l2_camera/share/v4l2_camera/environment/library_path.sh
[0.948s] -- Up-to-date symlink: /home/robofei/RoboIris/install/v4l2_camera/share/v4l2_camera/environment/library_path.dsv
[0.949s] -- Up-to-date symlink: /home/robofei/RoboIris/install/v4l2_camera/include/v4l2_camera/control.hpp
[0.949s] -- Up-to-date symlink: /home/robofei/RoboIris/install/v4l2_camera/include/v4l2_camera/fourcc.hpp
[0.949s] -- Up-to-date symlink: /home/robofei/RoboIris/install/v4l2_camera/include/v4l2_camera/image_format.hpp
[0.949s] -- Up-to-date symlink: /home/robofei/RoboIris/install/v4l2_camera/include/v4l2_camera/pixel_format.hpp
[0.949s] -- Up-to-date symlink: /home/robofei/RoboIris/install/v4l2_camera/include/v4l2_camera/v4l2_camera.hpp
[0.949s] -- Up-to-date symlink: /home/robofei/RoboIris/install/v4l2_camera/include/v4l2_camera/v4l2_camera_device.hpp
[0.949s] -- Up-to-date symlink: /home/robofei/RoboIris/install/v4l2_camera/include/v4l2_camera/visibility_control.h
[0.949s] -- Up-to-date symlink: /home/robofei/RoboIris/install/v4l2_camera/share/v4l2_camera/launch/v4l2_camera.launch.py
[0.949s] -- Up-to-date symlink: /home/robofei/RoboIris/install/v4l2_camera/share/ament_index/resource_index/package_run_dependencies/v4l2_camera
[0.949s] -- Up-to-date symlink: /home/robofei/RoboIris/install/v4l2_camera/share/ament_index/resource_index/parent_prefix_path/v4l2_camera
[0.950s] -- Up-to-date symlink: /home/robofei/RoboIris/install/v4l2_camera/share/v4l2_camera/environment/ament_prefix_path.sh
[0.950s] -- Up-to-date symlink: /home/robofei/RoboIris/install/v4l2_camera/share/v4l2_camera/environment/ament_prefix_path.dsv
[0.950s] -- Up-to-date symlink: /home/robofei/RoboIris/install/v4l2_camera/share/v4l2_camera/environment/path.sh
[0.950s] -- Up-to-date symlink: /home/robofei/RoboIris/install/v4l2_camera/share/v4l2_camera/environment/path.dsv
[0.950s] -- Up-to-date symlink: /home/robofei/RoboIris/install/v4l2_camera/share/v4l2_camera/local_setup.bash
[0.950s] -- Up-to-date symlink: /home/robofei/RoboIris/install/v4l2_camera/share/v4l2_camera/local_setup.sh
[0.950s] -- Up-to-date symlink: /home/robofei/RoboIris/install/v4l2_camera/share/v4l2_camera/local_setup.zsh
[0.950s] -- Up-to-date symlink: /home/robofei/RoboIris/install/v4l2_camera/share/v4l2_camera/local_setup.dsv
[0.950s] -- Symlinking: /home/robofei/RoboIris/install/v4l2_camera/share/v4l2_camera/package.dsv
[0.957s] -- Up-to-date symlink: /home/robofei/RoboIris/install/v4l2_camera/share/ament_index/resource_index/packages/v4l2_camera
[0.958s] -- Up-to-date symlink: /home/robofei/RoboIris/install/v4l2_camera/share/ament_index/resource_index/rclcpp_components/v4l2_camera
[0.958s] -- Up-to-date symlink: /home/robofei/RoboIris/install/v4l2_camera/share/v4l2_camera/cmake/ament_cmake_export_include_directories-extras.cmake
[0.958s] -- Up-to-date symlink: /home/robofei/RoboIris/install/v4l2_camera/share/v4l2_camera/cmake/ament_cmake_export_targets-extras.cmake
[0.958s] -- Up-to-date symlink: /home/robofei/RoboIris/install/v4l2_camera/share/v4l2_camera/cmake/ament_cmake_export_libraries-extras.cmake
[0.958s] -- Up-to-date symlink: /home/robofei/RoboIris/install/v4l2_camera/share/v4l2_camera/cmake/ament_cmake_export_dependencies-extras.cmake
[0.958s] -- Up-to-date symlink: /home/robofei/RoboIris/install/v4l2_camera/share/v4l2_camera/cmake/v4l2_cameraConfig.cmake
[0.958s] -- Up-to-date symlink: /home/robofei/RoboIris/install/v4l2_camera/share/v4l2_camera/cmake/v4l2_cameraConfig-version.cmake
[0.958s] -- Up-to-date symlink: /home/robofei/RoboIris/install/v4l2_camera/share/v4l2_camera/package.xml
[0.959s] -- Up-to-date: /home/robofei/RoboIris/install/v4l2_camera/lib/libv4l2_camera.so
[0.959s] -- Up-to-date: /home/robofei/RoboIris/install/v4l2_camera/lib/v4l2_camera/v4l2_camera_node
[0.959s] -- Up-to-date: /home/robofei/RoboIris/install/v4l2_camera/lib/v4l2_camera/v4l2_camera_compose_test
[0.959s] -- Up-to-date: /home/robofei/RoboIris/install/v4l2_camera/share/v4l2_camera/cmake/export_v4l2_cameraExport.cmake
[0.959s] -- Up-to-date: /home/robofei/RoboIris/install/v4l2_camera/share/v4l2_camera/cmake/export_v4l2_cameraExport-noconfig.cmake
[0.962s] Invoked command in '/home/robofei/RoboIris/build/v4l2_camera' returned '0': CMAKE_PREFIX_PATH=${CMAKE_PREFIX_PATH}:/home/robofei/RoboIris/install/object_detector:/home/robofei/RoboIris/install/face_detector:/home/robofei/RoboIris/install/arduino_bridge:/opt/ros/humble /usr/bin/cmake --install /home/robofei/RoboIris/build/v4l2_camera
