[0.667s] Invoking command in '/home/robofei/RoboIris/src/arduino_bridge': PYTHONPATH=/home/robofei/RoboIris/build/arduino_bridge/prefix_override:/usr/lib/python3/dist-packages/colcon_core/task/python/colcon_distutils_commands:/home/robofei/RoboIris/install/arduino_bridge/lib/python3.10/site-packages:${PYTHONPATH} /usr/bin/python3 -W ignore:setup.py install is deprecated -W ignore:easy_install command is deprecated setup.py egg_info --egg-base ../../build/arduino_bridge build --build-base /home/robofei/RoboIris/build/arduino_bridge/build install --record /home/robofei/RoboIris/build/arduino_bridge/install.log --single-version-externally-managed install_data
[0.841s] running egg_info
[0.851s] writing ../../build/arduino_bridge/arduino_bridge.egg-info/PKG-INFO
[0.851s] writing dependency_links to ../../build/arduino_bridge/arduino_bridge.egg-info/dependency_links.txt
[0.852s] writing entry points to ../../build/arduino_bridge/arduino_bridge.egg-info/entry_points.txt
[0.852s] writing requirements to ../../build/arduino_bridge/arduino_bridge.egg-info/requires.txt
[0.852s] writing top-level names to ../../build/arduino_bridge/arduino_bridge.egg-info/top_level.txt
[0.874s] reading manifest file '../../build/arduino_bridge/arduino_bridge.egg-info/SOURCES.txt'
[0.874s] adding license file 'LICENSE'
[0.875s] writing manifest file '../../build/arduino_bridge/arduino_bridge.egg-info/SOURCES.txt'
[0.875s] running build
[0.875s] running build_py
[0.875s] copying arduino_bridge/__init__.py -> /home/robofei/RoboIris/build/arduino_bridge/build/lib/arduino_bridge
[0.875s] copying arduino_bridge/arduino_bridge.py -> /home/robofei/RoboIris/build/arduino_bridge/build/lib/arduino_bridge
[0.876s] running install
[0.879s] running install_lib
[0.890s] running install_data
[0.890s] copying resource/arduino_bridge -> /home/robofei/RoboIris/install/arduino_bridge/share/ament_index/resource_index/packages
[0.890s] copying package.xml -> /home/robofei/RoboIris/install/arduino_bridge/share/arduino_bridge
[0.890s] running install_egg_info
[0.901s] removing '/home/robofei/RoboIris/install/arduino_bridge/lib/python3.10/site-packages/arduino_bridge-0.0.0-py3.10.egg-info' (and everything under it)
[0.902s] Copying ../../build/arduino_bridge/arduino_bridge.egg-info to /home/robofei/RoboIris/install/arduino_bridge/lib/python3.10/site-packages/arduino_bridge-0.0.0-py3.10.egg-info
[0.902s] running install_scripts
[0.925s] Installing arduino_bridge script to /home/robofei/RoboIris/install/arduino_bridge/lib/arduino_bridge
[0.925s] writing list of installed files to '/home/robofei/RoboIris/build/arduino_bridge/install.log'
[0.949s] Invoked command in '/home/robofei/RoboIris/src/arduino_bridge' returned '0': PYTHONPATH=/home/robofei/RoboIris/build/arduino_bridge/prefix_override:/usr/lib/python3/dist-packages/colcon_core/task/python/colcon_distutils_commands:/home/robofei/RoboIris/install/arduino_bridge/lib/python3.10/site-packages:${PYTHONPATH} /usr/bin/python3 -W ignore:setup.py install is deprecated -W ignore:easy_install command is deprecated setup.py egg_info --egg-base ../../build/arduino_bridge build --build-base /home/robofei/RoboIris/build/arduino_bridge/build install --record /home/robofei/RoboIris/build/arduino_bridge/install.log --single-version-externally-managed install_data
