running develop
Removing /home/robofei/RoboIris/install/arduino_bridge/lib/python3.10/site-packages/arduino-bridge.egg-link (link to .)
running egg_info
writing ../../build/arduino_bridge/arduino_bridge.egg-info/PKG-INFO
writing dependency_links to ../../build/arduino_bridge/arduino_bridge.egg-info/dependency_links.txt
writing entry points to ../../build/arduino_bridge/arduino_bridge.egg-info/entry_points.txt
writing requirements to ../../build/arduino_bridge/arduino_bridge.egg-info/requires.txt
writing top-level names to ../../build/arduino_bridge/arduino_bridge.egg-info/top_level.txt
reading manifest file '../../build/arduino_bridge/arduino_bridge.egg-info/SOURCES.txt'
adding license file 'LICENSE'
writing manifest file '../../build/arduino_bridge/arduino_bridge.egg-info/SOURCES.txt'
running build
running build_py
creating /home/robofei/RoboIris/build/arduino_bridge/build
creating /home/robofei/RoboIris/build/arduino_bridge/build/lib
creating /home/robofei/RoboIris/build/arduino_bridge/build/lib/arduino_bridge
copying arduino_bridge/__init__.py -> /home/robofei/RoboIris/build/arduino_bridge/build/lib/arduino_bridge
copying arduino_bridge/arduino_bridge.py -> /home/robofei/RoboIris/build/arduino_bridge/build/lib/arduino_bridge
running install
running install_lib
creating /home/robofei/RoboIris/install/arduino_bridge/lib/python3.10/site-packages/arduino_bridge
copying /home/robofei/RoboIris/build/arduino_bridge/build/lib/arduino_bridge/__init__.py -> /home/robofei/RoboIris/install/arduino_bridge/lib/python3.10/site-packages/arduino_bridge
copying /home/robofei/RoboIris/build/arduino_bridge/build/lib/arduino_bridge/arduino_bridge.py -> /home/robofei/RoboIris/install/arduino_bridge/lib/python3.10/site-packages/arduino_bridge
byte-compiling /home/robofei/RoboIris/install/arduino_bridge/lib/python3.10/site-packages/arduino_bridge/__init__.py to __init__.cpython-310.pyc
byte-compiling /home/robofei/RoboIris/install/arduino_bridge/lib/python3.10/site-packages/arduino_bridge/arduino_bridge.py to arduino_bridge.cpython-310.pyc
running install_data
copying resource/arduino_bridge -> /home/robofei/RoboIris/install/arduino_bridge/share/ament_index/resource_index/packages
copying package.xml -> /home/robofei/RoboIris/install/arduino_bridge/share/arduino_bridge
running install_egg_info
Copying ../../build/arduino_bridge/arduino_bridge.egg-info to /home/robofei/RoboIris/install/arduino_bridge/lib/python3.10/site-packages/arduino_bridge-0.0.0-py3.10.egg-info
running install_scripts
Installing arduino_bridge script to /home/robofei/RoboIris/install/arduino_bridge/lib/arduino_bridge
writing list of installed files to '/home/robofei/RoboIris/build/arduino_bridge/install.log'
